Log file open, 12/29/19 18:03:35
LogWindows: Failed to load 'aqProf.dll' (GetLastError=126)
LogWindows: File 'aqProf.dll' does not exist
LogWindows: Failed to load 'VtuneApi.dll' (GetLastError=126)
LogWindows: File 'VtuneApi.dll' does not exist
LogWindows: Failed to load 'VtuneApi32e.dll' (GetLastError=126)
LogWindows: File 'VtuneApi32e.dll' does not exist
LogConsoleResponse: Display: Failed to find resolution value strings in scalability ini. Falling back to default.
LogInit: Display: Running engine for game: SpaceWar
LogPakFile: Registered encryption key '00000000000000000000000000000000': 0 pak files mounted, 0 remain pending
LogPlatformFile: Not using cached read wrapper
LogTaskGraph: Started task graph with 5 named threads and 23 total threads with 3 sets of task threads.
LogStats: Stats thread started at 0.280561
LogD3D11RHI: Loaded GFSDK_Aftermath_Lib.x64.dll
LogICUInternationalization: ICU TimeZone Detection - Raw Offset: +3:00, Platform Override: ''
LogPluginManager: Mounting plugin Paper2D
LogPluginManager: Mounting plugin AISupport
LogPluginManager: Mounting plugin LightPropagationVolume
LogPluginManager: Mounting plugin ActorLayerUtilities
LogPluginManager: Mounting plugin AnimationSharing
LogPluginManager: Mounting plugin CLionSourceCodeAccess
LogPluginManager: Mounting plugin CodeLiteSourceCodeAccess
LogPluginManager: Mounting plugin GitSourceControl
LogPluginManager: Mounting plugin KDevelopSourceCodeAccess
LogPluginManager: Mounting plugin NullSourceCodeAccess
LogPluginManager: Mounting plugin PerforceSourceControl
LogPluginManager: Mounting plugin SubversionSourceControl
LogPluginManager: Mounting plugin UObjectPlugin
LogPluginManager: Mounting plugin VisualStudioCodeSourceCodeAccess
LogPluginManager: Mounting plugin VisualStudioSourceCodeAccess
LogPluginManager: Mounting plugin XCodeSourceCodeAccess
LogPluginManager: Mounting plugin AssetManagerEditor
LogPluginManager: Mounting plugin CryptoKeys
LogPluginManager: Mounting plugin DataValidation
LogPluginManager: Mounting plugin FacialAnimation
LogPluginManager: Mounting plugin GameplayTagsEditor
LogPluginManager: Mounting plugin MacGraphicsSwitching
LogPluginManager: Mounting plugin MaterialAnalyzer
LogPluginManager: Mounting plugin MobileLauncherProfileWizard
LogPluginManager: Mounting plugin PluginBrowser
LogPluginManager: Mounting plugin SpeedTreeImporter
LogPluginManager: Mounting plugin DatasmithContent
LogPluginManager: Mounting plugin VariantManagerContent
LogPluginManager: Mounting plugin AlembicImporter
LogPluginManager: Mounting plugin AppleImageUtils
LogPluginManager: Mounting plugin AppleVision
LogPluginManager: Mounting plugin BackChannel
LogPluginManager: Mounting plugin CharacterAI
LogPluginManager: Mounting plugin GeometryCache
LogPluginManager: Mounting plugin HTML5Networking
LogPluginManager: Mounting plugin ProxyLODPlugin
LogPluginManager: Mounting plugin SkeletalReduction
LogPluginManager: Mounting plugin MagicLeap
LogPluginManager: Mounting plugin MagicLeapMedia
LogPluginManager: Mounting plugin AndroidMedia
LogPluginManager: Mounting plugin AvfMedia
LogPluginManager: Mounting plugin ImgMedia
LogPluginManager: Mounting plugin LinearTimecode
LogPluginManager: Mounting plugin MediaCompositing
LogPluginManager: Mounting plugin MediaPlayerEditor
LogPluginManager: Mounting plugin WebMMedia
LogPluginManager: Mounting plugin WmfMedia
LogPluginManager: Mounting plugin TcpMessaging
LogPluginManager: Mounting plugin UdpMessaging
LogPluginManager: Mounting plugin ActorSequence
LogPluginManager: Mounting plugin LevelSequenceEditor
LogPluginManager: Mounting plugin MatineeToLevelSequence
LogPluginManager: Mounting plugin NetcodeUnitTest
LogPluginManager: Mounting plugin NUTUnrealEngine4
LogPluginManager: Mounting plugin OnlineSubsystemGooglePlay
LogPluginManager: Mounting plugin OnlineSubsystemIOS
LogPluginManager: Mounting plugin OnlineSubsystem
LogPluginManager: Mounting plugin OnlineSubsystemNull
LogPluginManager: Mounting plugin OnlineSubsystemUtils
LogPluginManager: Mounting plugin LauncherChunkInstaller
LogPluginManager: Mounting plugin AndroidDeviceProfileSelector
LogPluginManager: Mounting plugin AndroidMoviePlayer
LogPluginManager: Mounting plugin AndroidPermission
LogPluginManager: Mounting plugin ApexDestruction
LogPluginManager: Mounting plugin AppleMoviePlayer
LogPluginManager: Mounting plugin ArchVisCharacter
LogPluginManager: Mounting plugin AudioCapture
LogPluginManager: Mounting plugin CableComponent
LogPluginManager: Mounting plugin CustomMeshComponent
LogPluginManager: Mounting plugin EditableMesh
LogPluginManager: Mounting plugin ExampleDeviceProfileSelector
LogPluginManager: Mounting plugin Firebase
LogPluginManager: Mounting plugin GoogleCloudMessaging
LogPluginManager: Mounting plugin IOSDeviceProfileSelector
LogPluginManager: Mounting plugin LinuxDeviceProfileSelector
LogPluginManager: Mounting plugin LocationServicesBPLibrary
LogPluginManager: Mounting plugin MobilePatchingUtils
LogPluginManager: Mounting plugin OculusVR
LogPluginManager: Mounting plugin PhysXVehicles
LogPluginManager: Mounting plugin ProceduralMeshComponent
LogPluginManager: Mounting plugin RuntimePhysXCooking
LogPluginManager: Mounting plugin SignificanceManager
LogPluginManager: Mounting plugin SteamVR
LogPluginManager: Mounting plugin WebMMoviePlayer
LogPluginManager: Mounting plugin WindowsMoviePlayer
LogInit: Using libcurl 7.55.1-DEV
LogInit:  - built for x86_64-pc-win32
LogInit:  - supports SSL with OpenSSL/1.1.1
LogInit:  - supports HTTP deflate (compression) using libz 1.2.8
LogInit:  - other features:
LogInit:      CURL_VERSION_SSL
LogInit:      CURL_VERSION_LIBZ
LogInit:      CURL_VERSION_IPV6
LogInit:      CURL_VERSION_ASYNCHDNS
LogInit:      CURL_VERSION_LARGEFILE
LogInit:      CURL_VERSION_IDN
LogInit:  CurlRequestOptions (configurable via config and command line):
LogInit:  - bVerifyPeer = true  - Libcurl will verify peer certificate
LogInit:  - bUseHttpProxy = false  - Libcurl will NOT use HTTP proxy
LogInit:  - bDontReuseConnections = false  - Libcurl will reuse connections
LogInit:  - MaxHostConnections = 16  - Libcurl will limit the number of connections to a host
LogInit:  - LocalHostAddr = Default
LogInit:  - BufferSize = 65536
LogInit: WinSock: version 1.1 (2.2), MaxSocks=32767, MaxUdp=65467
LogInit: Build: ++UE4+Release-4.22-CL-7053642
LogInit: Engine Version: 4.22.3-7053642+++UE4+Release-4.22
LogInit: Compatible Engine Version: 4.22.0-5660361+++UE4+Release-4.22
LogInit: Net CL: 5660361
LogInit: OS: Windows 10 (Release 1903) (), CPU: Intel(R) Core(TM) i5-8250U CPU @ 1.60GHz, GPU: Intel(R) UHD Graphics 620
LogInit: Compiled (64-bit): Jun 18 2019 03:09:11
LogInit: Compiled with Visual C++: 19.16.27025.01
LogInit: Build Configuration: Development
LogInit: Branch Name: ++UE4+Release-4.22
LogInit: Command Line: 
LogInit: Base Directory: C:/Program Files/Epic Games/UE_4.22/Engine/Binaries/Win64/
LogInit: Installed Engine Build: 1
LogDevObjectVersion: Number of dev versions registered: 23
LogDevObjectVersion:   Dev-Blueprints (B0D832E4-1F89-4F0D-ACCF-7EB736FD4AA2): 10
LogDevObjectVersion:   Dev-Build (E1C64328-A22C-4D53-A36C-8E866417BD8C): 0
LogDevObjectVersion:   Dev-Core (375EC13C-06E4-48FB-B500-84F0262A717E): 3
LogDevObjectVersion:   Dev-Editor (E4B068ED-F494-42E9-A231-DA0B2E46BB41): 30
LogDevObjectVersion:   Dev-Framework (CFFC743F-43B0-4480-9391-14DF171D2073): 35
LogDevObjectVersion:   Dev-Mobile (B02B49B5-BB20-44E9-A304-32B752E40360): 2
LogDevObjectVersion:   Dev-Networking (A4E4105C-59A1-49B5-A7C5-40C4547EDFEE): 0
LogDevObjectVersion:   Dev-Online (39C831C9-5AE6-47DC-9A44-9C173E1C8E7C): 0
LogDevObjectVersion:   Dev-Physics (78F01B33-EBEA-4F98-B9B4-84EACCB95AA2): 0
LogDevObjectVersion:   Dev-Platform (6631380F-2D4D-43E0-8009-CF276956A95A): 0
LogDevObjectVersion:   Dev-Rendering (12F88B9F-8875-4AFC-A67C-D90C383ABD29): 28
LogDevObjectVersion:   Dev-Sequencer (7B5AE74C-D270-4C10-A958-57980B212A5A): 11
LogDevObjectVersion:   Dev-VR (D7296918-1DD6-4BDD-9DE2-64A83CC13884): 2
LogDevObjectVersion:   Dev-LoadTimes (C2A15278-BFE7-4AFE-6C17-90FF531DF755): 1
LogDevObjectVersion:   Private-Geometry (6EACA3D4-40EC-4CC1-B786-8BED09428FC5): 3
LogDevObjectVersion:   Dev-AnimPhys (29E575DD-E0A3-4627-9D10-D276232CDCEA): 17
LogDevObjectVersion:   Dev-Anim (AF43A65D-7FD3-4947-9873-3E8ED9C1BB05): 2
LogDevObjectVersion:   Dev-ReflectionCapture (6B266CEC-1EC7-4B8F-A30B-E4D90942FC07): 1
LogDevObjectVersion:   Dev-Automation (0DF73D61-A23F-47EA-B727-89E90C41499A): 1
LogDevObjectVersion:   FortniteMain (601D1886-AC64-4F84-AA16-D3DE0DEAC7D6): 25
LogDevObjectVersion:   Dev-Enterprise (9DFFBCD6-494F-0158-E221-12823C92A888): 6
LogDevObjectVersion:   Dev-Niagara (F2AED0AC-9AFE-416F-8664-AA7FFA26D6FC): 1
LogDevObjectVersion:   Dev-Destruction (174F1F0B-B4C6-45A5-B13F-2EE8D0FB917D): 2
LogInit: Presizing for max 16777216 objects, including 0 objects not considered by GC, pre-allocating 0 bytes for permanent pool.
LogInit: Object subsystem initialized
LogConfig: Setting CVar [[con.DebugEarlyDefault:1]]
LogConfig: Setting CVar [[r.setres:1280x720]]
[2019.12.29-15.03.35:547][  0]LogConfig: Setting CVar [[r.VSync:0]]
[2019.12.29-15.03.35:547][  0]LogConfig: Setting CVar [[r.RHICmdBypass:0]]
[2019.12.29-15.03.35:547][  0]LogConfig: Applying CVar settings from Section [/Script/Engine.RendererSettings] File [D:/A_Univer/АКГ/SpaceWarUnreal/SpaceWar/Saved/Config/Windows/Engine.ini]
[2019.12.29-15.03.35:547][  0]LogConfig: Setting CVar [[r.GPUCrashDebugging:0]]
[2019.12.29-15.03.35:547][  0]LogConfig: Applying CVar settings from Section [/Script/Engine.RendererOverrideSettings] File [D:/A_Univer/АКГ/SpaceWarUnreal/SpaceWar/Saved/Config/Windows/Engine.ini]
[2019.12.29-15.03.35:547][  0]LogConfig: Applying CVar settings from Section [/Script/Engine.StreamingSettings] File [D:/A_Univer/АКГ/SpaceWarUnreal/SpaceWar/Saved/Config/Windows/Engine.ini]
[2019.12.29-15.03.35:547][  0]LogConfig: Setting CVar [[s.MinBulkDataSizeForAsyncLoading:131072]]
[2019.12.29-15.03.35:547][  0]LogConfig: Setting CVar [[s.AsyncLoadingThreadEnabled:0]]
[2019.12.29-15.03.35:547][  0]LogConfig: Setting CVar [[s.EventDrivenLoaderEnabled:1]]
[2019.12.29-15.03.35:547][  0]LogConfig: Setting CVar [[s.WarnIfTimeLimitExceeded:0]]
[2019.12.29-15.03.35:547][  0]LogConfig: Setting CVar [[s.TimeLimitExceededMultiplier:1.5]]
[2019.12.29-15.03.35:547][  0]LogConfig: Setting CVar [[s.TimeLimitExceededMinTime:0.005]]
[2019.12.29-15.03.35:547][  0]LogConfig: Setting CVar [[s.UseBackgroundLevelStreaming:1]]
[2019.12.29-15.03.35:547][  0]LogConfig: Setting CVar [[s.PriorityAsyncLoadingExtraTime:15.0]]
[2019.12.29-15.03.35:547][  0]LogConfig: Setting CVar [[s.LevelStreamingActorsUpdateTimeLimit:5.0]]
[2019.12.29-15.03.35:547][  0]LogConfig: Setting CVar [[s.PriorityLevelStreamingActorsUpdateExtraTime:5.0]]
[2019.12.29-15.03.35:547][  0]LogConfig: Setting CVar [[s.LevelStreamingComponentsRegistrationGranularity:10]]
[2019.12.29-15.03.35:547][  0]LogConfig: Setting CVar [[s.UnregisterComponentsTimeLimit:1.0]]
[2019.12.29-15.03.35:547][  0]LogConfig: Setting CVar [[s.LevelStreamingComponentsUnregistrationGranularity:5]]
[2019.12.29-15.03.35:547][  0]LogConfig: Applying CVar settings from Section [/Script/Engine.GarbageCollectionSettings] File [D:/A_Univer/АКГ/SpaceWarUnreal/SpaceWar/Saved/Config/Windows/Engine.ini]
[2019.12.29-15.03.35:547][  0]LogConfig: Setting CVar [[gc.MaxObjectsNotConsideredByGC:1]]
[2019.12.29-15.03.35:547][  0]LogConfig: Setting CVar [[gc.SizeOfPermanentObjectPool:0]]
[2019.12.29-15.03.35:547][  0]LogConfig: Setting CVar [[gc.FlushStreamingOnGC:0]]
[2019.12.29-15.03.35:547][  0]LogConfig: Setting CVar [[gc.NumRetriesBeforeForcingGC:10]]
[2019.12.29-15.03.35:547][  0]LogConfig: Setting CVar [[gc.AllowParallelGC:1]]
[2019.12.29-15.03.35:547][  0]LogConfig: Setting CVar [[gc.TimeBetweenPurgingPendingKillObjects:61.1]]
[2019.12.29-15.03.35:547][  0]LogConfig: Setting CVar [[gc.MaxObjectsInEditor:16777216]]
[2019.12.29-15.03.35:547][  0]LogConfig: Setting CVar [[gc.IncrementalBeginDestroyEnabled:1]]
[2019.12.29-15.03.35:547][  0]LogConfig: Setting CVar [[gc.CreateGCClusters:1]]
[2019.12.29-15.03.35:547][  0]LogConfig: Setting CVar [[gc.MinGCClusterSize:5]]
[2019.12.29-15.03.35:547][  0]LogConfig: Setting CVar [[gc.ActorClusteringEnabled:0]]
[2019.12.29-15.03.35:547][  0]LogConfig: Setting CVar [[gc.BlueprintClusteringEnabled:0]]
[2019.12.29-15.03.35:547][  0]LogConfig: Setting CVar [[gc.UseDisregardForGCOnDedicatedServers:0]]
[2019.12.29-15.03.35:547][  0]LogConfig: Applying CVar settings from Section [/Script/Engine.NetworkSettings] File [D:/A_Univer/АКГ/SpaceWarUnreal/SpaceWar/Saved/Config/Windows/Engine.ini]
[2019.12.29-15.03.35:548][  0]LogConfig: Applying CVar settings from Section [/Script/UnrealEd.CookerSettings] File [D:/A_Univer/АКГ/SpaceWarUnreal/SpaceWar/Saved/Config/Windows/Engine.ini]
[2019.12.29-15.03.35:551][  0]LogConfig: Applying CVar settings from Section [ViewDistanceQuality@3] File [D:/A_Univer/АКГ/SpaceWarUnreal/SpaceWar/Saved/Config/Windows/Scalability.ini]
[2019.12.29-15.03.35:551][  0]LogConfig: Setting CVar [[r.SkeletalMeshLODBias:0]]
[2019.12.29-15.03.35:551][  0]LogConfig: Setting CVar [[r.ViewDistanceScale:1.0]]
[2019.12.29-15.03.35:551][  0]LogConfig: Applying CVar settings from Section [AntiAliasingQuality@3] File [D:/A_Univer/АКГ/SpaceWarUnreal/SpaceWar/Saved/Config/Windows/Scalability.ini]
[2019.12.29-15.03.35:551][  0]LogConfig: Setting CVar [[r.PostProcessAAQuality:4]]
[2019.12.29-15.03.35:551][  0]LogConfig: Applying CVar settings from Section [ShadowQuality@3] File [D:/A_Univer/АКГ/SpaceWarUnreal/SpaceWar/Saved/Config/Windows/Scalability.ini]
[2019.12.29-15.03.35:551][  0]LogConfig: Setting CVar [[r.LightFunctionQuality:1]]
[2019.12.29-15.03.35:551][  0]LogConfig: Setting CVar [[r.ShadowQuality:5]]
[2019.12.29-15.03.35:551][  0]LogConfig: Setting CVar [[r.Shadow.CSM.MaxCascades:10]]
[2019.12.29-15.03.35:551][  0]LogConfig: Setting CVar [[r.Shadow.MaxResolution:2048]]
[2019.12.29-15.03.35:551][  0]LogConfig: Setting CVar [[r.Shadow.MaxCSMResolution:2048]]
[2019.12.29-15.03.35:551][  0]LogConfig: Setting CVar [[r.Shadow.RadiusThreshold:0.01]]
[2019.12.29-15.03.35:551][  0]LogConfig: Setting CVar [[r.Shadow.DistanceScale:1.0]]
[2019.12.29-15.03.35:551][  0]LogConfig: Setting CVar [[r.Shadow.CSM.TransitionScale:1.0]]
[2019.12.29-15.03.35:551][  0]LogConfig: Setting CVar [[r.Shadow.PreShadowResolutionFactor:1.0]]
[2019.12.29-15.03.35:551][  0]LogConfig: Setting CVar [[r.DistanceFieldShadowing:1]]
[2019.12.29-15.03.35:551][  0]LogConfig: Setting CVar [[r.DistanceFieldAO:1]]
[2019.12.29-15.03.35:551][  0]LogConfig: Setting CVar [[r.AOQuality:2]]
[2019.12.29-15.03.35:551][  0]LogConfig: Setting CVar [[r.VolumetricFog:1]]
[2019.12.29-15.03.35:551][  0]LogConfig: Setting CVar [[r.VolumetricFog.GridPixelSize:8]]
[2019.12.29-15.03.35:551][  0]LogConfig: Setting CVar [[r.VolumetricFog.GridSizeZ:128]]
[2019.12.29-15.03.35:552][  0]LogConfig: Setting CVar [[r.VolumetricFog.HistoryMissSupersampleCount:4]]
[2019.12.29-15.03.35:552][  0]LogConfig: Setting CVar [[r.LightMaxDrawDistanceScale:1]]
[2019.12.29-15.03.35:552][  0]LogConfig: Setting CVar [[r.CapsuleShadows:1]]
[2019.12.29-15.03.35:552][  0]LogConfig: Applying CVar settings from Section [PostProcessQuality@3] File [D:/A_Univer/АКГ/SpaceWarUnreal/SpaceWar/Saved/Config/Windows/Scalability.ini]
[2019.12.29-15.03.35:552][  0]LogConfig: Setting CVar [[r.MotionBlurQuality:4]]
[2019.12.29-15.03.35:552][  0]LogConfig: Setting CVar [[r.AmbientOcclusionMipLevelFactor:0.4]]
[2019.12.29-15.03.35:552][  0]LogConfig: Setting CVar [[r.AmbientOcclusionMaxQuality:100]]
[2019.12.29-15.03.35:552][  0]LogConfig: Setting CVar [[r.AmbientOcclusionLevels:-1]]
[2019.12.29-15.03.35:552][  0]LogConfig: Setting CVar [[r.AmbientOcclusionRadiusScale:1.0]]
[2019.12.29-15.03.35:552][  0]LogConfig: Setting CVar [[r.DepthOfFieldQuality:2]]
[2019.12.29-15.03.35:552][  0]LogConfig: Setting CVar [[r.RenderTargetPoolMin:400]]
[2019.12.29-15.03.35:552][  0]LogConfig: Setting CVar [[r.LensFlareQuality:2]]
[2019.12.29-15.03.35:552][  0]LogConfig: Setting CVar [[r.SceneColorFringeQuality:1]]
[2019.12.29-15.03.35:552][  0]LogConfig: Setting CVar [[r.EyeAdaptationQuality:2]]
[2019.12.29-15.03.35:552][  0]LogConfig: Setting CVar [[r.BloomQuality:5]]
[2019.12.29-15.03.35:552][  0]LogConfig: Setting CVar [[r.FastBlurThreshold:100]]
[2019.12.29-15.03.35:552][  0]LogConfig: Setting CVar [[r.Upscale.Quality:3]]
[2019.12.29-15.03.35:552][  0]LogConfig: Setting CVar [[r.Tonemapper.GrainQuantization:1]]
[2019.12.29-15.03.35:552][  0]LogConfig: Setting CVar [[r.LightShaftQuality:1]]
[2019.12.29-15.03.35:552][  0]LogConfig: Setting CVar [[r.Filter.SizeScale:1]]
[2019.12.29-15.03.35:552][  0]LogConfig: Setting CVar [[r.Tonemapper.Quality:5]]
[2019.12.29-15.03.35:552][  0]LogConfig: Setting CVar [[r.DOF.Gather.AccumulatorQuality:1        ; higher gathering accumulator quality]]
[2019.12.29-15.03.35:552][  0]LogConfig: Setting CVar [[r.DOF.Gather.PostfilterMethod:1          ; Median3x3 postfilering method]]
[2019.12.29-15.03.35:552][  0]LogConfig: Setting CVar [[r.DOF.Gather.EnableBokehSettings:0       ; no bokeh simulation when gathering]]
[2019.12.29-15.03.35:552][  0]LogConfig: Setting CVar [[r.DOF.Gather.RingCount:4                 ; medium number of samples when gathering]]
[2019.12.29-15.03.35:552][  0]LogConfig: Setting CVar [[r.DOF.Scatter.ForegroundCompositing:1    ; additive foreground scattering]]
[2019.12.29-15.03.35:552][  0]LogConfig: Setting CVar [[r.DOF.Scatter.BackgroundCompositing:2    ; additive background scattering]]
[2019.12.29-15.03.35:552][  0]LogConfig: Setting CVar [[r.DOF.Scatter.EnableBokehSettings:1      ; bokeh simulation when scattering]]
[2019.12.29-15.03.35:552][  0]LogConfig: Setting CVar [[r.DOF.Scatter.MaxSpriteRatio:0.1         ; only a maximum of 10% of scattered bokeh]]
[2019.12.29-15.03.35:552][  0]LogConfig: Setting CVar [[r.DOF.Recombine.Quality:1                ; cheap slight out of focus]]
[2019.12.29-15.03.35:552][  0]LogConfig: Setting CVar [[r.DOF.Recombine.EnableBokehSettings:0    ; no bokeh simulation on slight out of focus]]
[2019.12.29-15.03.35:552][  0]LogConfig: Setting CVar [[r.DOF.TemporalAAQuality:1                ; more stable temporal accumulation]]
[2019.12.29-15.03.35:552][  0]LogConfig: Setting CVar [[r.DOF.Kernel.MaxForegroundRadius:0.025]]
[2019.12.29-15.03.35:552][  0]LogConfig: Setting CVar [[r.DOF.Kernel.MaxBackgroundRadius:0.025]]
[2019.12.29-15.03.35:552][  0]LogConfig: Applying CVar settings from Section [TextureQuality@3] File [D:/A_Univer/АКГ/SpaceWarUnreal/SpaceWar/Saved/Config/Windows/Scalability.ini]
[2019.12.29-15.03.35:553][  0]LogConfig: Setting CVar [[r.Streaming.MipBias:0]]
[2019.12.29-15.03.35:553][  0]LogConfig: Setting CVar [[r.Streaming.AmortizeCPUToGPUCopy:0]]
[2019.12.29-15.03.35:553][  0]LogConfig: Setting CVar [[r.Streaming.MaxNumTexturesToStreamPerFrame:0]]
[2019.12.29-15.03.35:553][  0]LogConfig: Setting CVar [[r.Streaming.Boost:1]]
[2019.12.29-15.03.35:553][  0]LogConfig: Setting CVar [[r.MaxAnisotropy:8]]
[2019.12.29-15.03.35:553][  0]LogConfig: Setting CVar [[r.Streaming.LimitPoolSizeToVRAM:0]]
[2019.12.29-15.03.35:553][  0]LogConfig: Setting CVar [[r.Streaming.PoolSize:1000]]
[2019.12.29-15.03.35:553][  0]LogConfig: Setting CVar [[r.Streaming.MaxEffectiveScreenSize:0]]
[2019.12.29-15.03.35:553][  0]LogConfig: Applying CVar settings from Section [EffectsQuality@3] File [D:/A_Univer/АКГ/SpaceWarUnreal/SpaceWar/Saved/Config/Windows/Scalability.ini]
[2019.12.29-15.03.35:553][  0]LogConfig: Setting CVar [[r.TranslucencyLightingVolumeDim:64]]
[2019.12.29-15.03.35:553][  0]LogConfig: Setting CVar [[r.RefractionQuality:2]]
[2019.12.29-15.03.35:553][  0]LogConfig: Setting CVar [[r.SSR.Quality:3]]
[2019.12.29-15.03.35:553][  0]LogConfig: Setting CVar [[r.SceneColorFormat:4]]
[2019.12.29-15.03.35:553][  0]LogConfig: Setting CVar [[r.DetailMode:2]]
[2019.12.29-15.03.35:553][  0]LogConfig: Setting CVar [[r.TranslucencyVolumeBlur:1]]
[2019.12.29-15.03.35:553][  0]LogConfig: Setting CVar [[r.MaterialQualityLevel:1 ; High quality]]
[2019.12.29-15.03.35:553][  0]LogConfig: Setting CVar [[r.SSS.Scale:1]]
[2019.12.29-15.03.35:553][  0]LogConfig: Setting CVar [[r.SSS.SampleSet:2]]
[2019.12.29-15.03.35:553][  0]LogConfig: Setting CVar [[r.SSS.Quality:1]]
[2019.12.29-15.03.35:553][  0]LogConfig: Setting CVar [[r.SSS.HalfRes:1]]
[2019.12.29-15.03.35:553][  0]LogConfig: Setting CVar [[r.EmitterSpawnRateScale:1.0]]
[2019.12.29-15.03.35:553][  0]LogConfig: Setting CVar [[r.ParticleLightQuality:2]]
[2019.12.29-15.03.35:553][  0]LogConfig: Applying CVar settings from Section [FoliageQuality@3] File [D:/A_Univer/АКГ/SpaceWarUnreal/SpaceWar/Saved/Config/Windows/Scalability.ini]
[2019.12.29-15.03.35:553][  0]LogConfig: Setting CVar [[foliage.DensityScale:1.0]]
[2019.12.29-15.03.35:553][  0]LogConfig: Setting CVar [[grass.DensityScale:1.0]]
[2019.12.29-15.03.35:553][  0]LogInit: Selected Device Profile: [Windows]
[2019.12.29-15.03.35:553][  0]LogInit: Applying CVar settings loaded from the selected device profile: [Windows]
[2019.12.29-15.03.35:573][  0]LogHAL: Display: Platform has ~ 8 GB [8221487104 / 8589934592 / 8], which maps to Default [LargestMinGB=32, LargerMinGB=12, DefaultMinGB=8, SmallerMinGB=6, SmallestMinGB=0)
[2019.12.29-15.03.35:573][  0]LogConfig: Setting CVar [[r.Vulkan.UseRealUBs:0		; Required until we fix HLR fall-out]]
[2019.12.29-15.03.35:573][  0]LogInit: Going up to parent DeviceProfile []
[2019.12.29-15.03.35:573][  0]LogConfig: Applying CVar settings from Section [ViewDistanceQuality@3] File [D:/A_Univer/АКГ/SpaceWarUnreal/SpaceWar/Saved/Config/Windows/Scalability.ini]
[2019.12.29-15.03.35:573][  0]LogConfig: Setting CVar [[r.SkeletalMeshLODBias:0]]
[2019.12.29-15.03.35:573][  0]LogConfig: Setting CVar [[r.ViewDistanceScale:1.0]]
[2019.12.29-15.03.35:573][  0]LogConfig: Applying CVar settings from Section [AntiAliasingQuality@3] File [D:/A_Univer/АКГ/SpaceWarUnreal/SpaceWar/Saved/Config/Windows/Scalability.ini]
[2019.12.29-15.03.35:573][  0]LogConfig: Setting CVar [[r.PostProcessAAQuality:4]]
[2019.12.29-15.03.35:573][  0]LogConfig: Applying CVar settings from Section [ShadowQuality@3] File [D:/A_Univer/АКГ/SpaceWarUnreal/SpaceWar/Saved/Config/Windows/Scalability.ini]
[2019.12.29-15.03.35:573][  0]LogConfig: Setting CVar [[r.LightFunctionQuality:1]]
[2019.12.29-15.03.35:573][  0]LogConfig: Setting CVar [[r.ShadowQuality:5]]
[2019.12.29-15.03.35:573][  0]LogConfig: Setting CVar [[r.Shadow.CSM.MaxCascades:10]]
[2019.12.29-15.03.35:573][  0]LogConfig: Setting CVar [[r.Shadow.MaxResolution:2048]]
[2019.12.29-15.03.35:573][  0]LogConfig: Setting CVar [[r.Shadow.MaxCSMResolution:2048]]
[2019.12.29-15.03.35:573][  0]LogConfig: Setting CVar [[r.Shadow.RadiusThreshold:0.01]]
[2019.12.29-15.03.35:573][  0]LogConfig: Setting CVar [[r.Shadow.DistanceScale:1.0]]
[2019.12.29-15.03.35:573][  0]LogConfig: Setting CVar [[r.Shadow.CSM.TransitionScale:1.0]]
[2019.12.29-15.03.35:573][  0]LogConfig: Setting CVar [[r.Shadow.PreShadowResolutionFactor:1.0]]
[2019.12.29-15.03.35:573][  0]LogConfig: Setting CVar [[r.DistanceFieldShadowing:1]]
[2019.12.29-15.03.35:573][  0]LogConfig: Setting CVar [[r.DistanceFieldAO:1]]
[2019.12.29-15.03.35:573][  0]LogConfig: Setting CVar [[r.AOQuality:2]]
[2019.12.29-15.03.35:573][  0]LogConfig: Setting CVar [[r.VolumetricFog:1]]
[2019.12.29-15.03.35:573][  0]LogConfig: Setting CVar [[r.VolumetricFog.GridPixelSize:8]]
[2019.12.29-15.03.35:573][  0]LogConfig: Setting CVar [[r.VolumetricFog.GridSizeZ:128]]
[2019.12.29-15.03.35:573][  0]LogConfig: Setting CVar [[r.VolumetricFog.HistoryMissSupersampleCount:4]]
[2019.12.29-15.03.35:574][  0]LogConfig: Setting CVar [[r.LightMaxDrawDistanceScale:1]]
[2019.12.29-15.03.35:574][  0]LogConfig: Setting CVar [[r.CapsuleShadows:1]]
[2019.12.29-15.03.35:574][  0]LogConfig: Applying CVar settings from Section [PostProcessQuality@3] File [D:/A_Univer/АКГ/SpaceWarUnreal/SpaceWar/Saved/Config/Windows/Scalability.ini]
[2019.12.29-15.03.35:574][  0]LogConfig: Setting CVar [[r.MotionBlurQuality:4]]
[2019.12.29-15.03.35:574][  0]LogConfig: Setting CVar [[r.AmbientOcclusionMipLevelFactor:0.4]]
[2019.12.29-15.03.35:574][  0]LogConfig: Setting CVar [[r.AmbientOcclusionMaxQuality:100]]
[2019.12.29-15.03.35:574][  0]LogConfig: Setting CVar [[r.AmbientOcclusionLevels:-1]]
[2019.12.29-15.03.35:574][  0]LogConfig: Setting CVar [[r.AmbientOcclusionRadiusScale:1.0]]
[2019.12.29-15.03.35:574][  0]LogConfig: Setting CVar [[r.DepthOfFieldQuality:2]]
[2019.12.29-15.03.35:574][  0]LogConfig: Setting CVar [[r.RenderTargetPoolMin:400]]
[2019.12.29-15.03.35:574][  0]LogConfig: Setting CVar [[r.LensFlareQuality:2]]
[2019.12.29-15.03.35:574][  0]LogConfig: Setting CVar [[r.SceneColorFringeQuality:1]]
[2019.12.29-15.03.35:574][  0]LogConfig: Setting CVar [[r.EyeAdaptationQuality:2]]
[2019.12.29-15.03.35:574][  0]LogConfig: Setting CVar [[r.BloomQuality:5]]
[2019.12.29-15.03.35:574][  0]LogConfig: Setting CVar [[r.FastBlurThreshold:100]]
[2019.12.29-15.03.35:574][  0]LogConfig: Setting CVar [[r.Upscale.Quality:3]]
[2019.12.29-15.03.35:574][  0]LogConfig: Setting CVar [[r.Tonemapper.GrainQuantization:1]]
[2019.12.29-15.03.35:574][  0]LogConfig: Setting CVar [[r.LightShaftQuality:1]]
[2019.12.29-15.03.35:574][  0]LogConfig: Setting CVar [[r.Filter.SizeScale:1]]
[2019.12.29-15.03.35:574][  0]LogConfig: Setting CVar [[r.Tonemapper.Quality:5]]
[2019.12.29-15.03.35:574][  0]LogConfig: Setting CVar [[r.DOF.Gather.AccumulatorQuality:1        ; higher gathering accumulator quality]]
[2019.12.29-15.03.35:574][  0]LogConfig: Setting CVar [[r.DOF.Gather.PostfilterMethod:1          ; Median3x3 postfilering method]]
[2019.12.29-15.03.35:574][  0]LogConfig: Setting CVar [[r.DOF.Gather.EnableBokehSettings:0       ; no bokeh simulation when gathering]]
[2019.12.29-15.03.35:574][  0]LogConfig: Setting CVar [[r.DOF.Gather.RingCount:4                 ; medium number of samples when gathering]]
[2019.12.29-15.03.35:574][  0]LogConfig: Setting CVar [[r.DOF.Scatter.ForegroundCompositing:1    ; additive foreground scattering]]
[2019.12.29-15.03.35:574][  0]LogConfig: Setting CVar [[r.DOF.Scatter.BackgroundCompositing:2    ; additive background scattering]]
[2019.12.29-15.03.35:574][  0]LogConfig: Setting CVar [[r.DOF.Scatter.EnableBokehSettings:1      ; bokeh simulation when scattering]]
[2019.12.29-15.03.35:574][  0]LogConfig: Setting CVar [[r.DOF.Scatter.MaxSpriteRatio:0.1         ; only a maximum of 10% of scattered bokeh]]
[2019.12.29-15.03.35:574][  0]LogConfig: Setting CVar [[r.DOF.Recombine.Quality:1                ; cheap slight out of focus]]
[2019.12.29-15.03.35:574][  0]LogConfig: Setting CVar [[r.DOF.Recombine.EnableBokehSettings:0    ; no bokeh simulation on slight out of focus]]
[2019.12.29-15.03.35:574][  0]LogConfig: Setting CVar [[r.DOF.TemporalAAQuality:1                ; more stable temporal accumulation]]
[2019.12.29-15.03.35:574][  0]LogConfig: Setting CVar [[r.DOF.Kernel.MaxForegroundRadius:0.025]]
[2019.12.29-15.03.35:574][  0]LogConfig: Setting CVar [[r.DOF.Kernel.MaxBackgroundRadius:0.025]]
[2019.12.29-15.03.35:574][  0]LogConfig: Applying CVar settings from Section [TextureQuality@3] File [D:/A_Univer/АКГ/SpaceWarUnreal/SpaceWar/Saved/Config/Windows/Scalability.ini]
[2019.12.29-15.03.35:574][  0]LogConfig: Setting CVar [[r.Streaming.MipBias:0]]
[2019.12.29-15.03.35:574][  0]LogConfig: Setting CVar [[r.Streaming.AmortizeCPUToGPUCopy:0]]
[2019.12.29-15.03.35:574][  0]LogConfig: Setting CVar [[r.Streaming.MaxNumTexturesToStreamPerFrame:0]]
[2019.12.29-15.03.35:574][  0]LogConfig: Setting CVar [[r.Streaming.Boost:1]]
[2019.12.29-15.03.35:574][  0]LogConfig: Setting CVar [[r.MaxAnisotropy:8]]
[2019.12.29-15.03.35:574][  0]LogConfig: Setting CVar [[r.Streaming.LimitPoolSizeToVRAM:0]]
[2019.12.29-15.03.35:574][  0]LogConfig: Setting CVar [[r.Streaming.PoolSize:1000]]
[2019.12.29-15.03.35:574][  0]LogConfig: Setting CVar [[r.Streaming.MaxEffectiveScreenSize:0]]
[2019.12.29-15.03.35:574][  0]LogConfig: Applying CVar settings from Section [EffectsQuality@3] File [D:/A_Univer/АКГ/SpaceWarUnreal/SpaceWar/Saved/Config/Windows/Scalability.ini]
[2019.12.29-15.03.35:574][  0]LogConfig: Setting CVar [[r.TranslucencyLightingVolumeDim:64]]
[2019.12.29-15.03.35:574][  0]LogConfig: Setting CVar [[r.RefractionQuality:2]]
[2019.12.29-15.03.35:574][  0]LogConfig: Setting CVar [[r.SSR.Quality:3]]
[2019.12.29-15.03.35:574][  0]LogConfig: Setting CVar [[r.SceneColorFormat:4]]
[2019.12.29-15.03.35:574][  0]LogConfig: Setting CVar [[r.DetailMode:2]]
[2019.12.29-15.03.35:574][  0]LogConfig: Setting CVar [[r.TranslucencyVolumeBlur:1]]
[2019.12.29-15.03.35:574][  0]LogConfig: Setting CVar [[r.MaterialQualityLevel:1 ; High quality]]
[2019.12.29-15.03.35:574][  0]LogConfig: Setting CVar [[r.SSS.Scale:1]]
[2019.12.29-15.03.35:574][  0]LogConfig: Setting CVar [[r.SSS.SampleSet:2]]
[2019.12.29-15.03.35:574][  0]LogConfig: Setting CVar [[r.SSS.Quality:1]]
[2019.12.29-15.03.35:574][  0]LogConfig: Setting CVar [[r.SSS.HalfRes:1]]
[2019.12.29-15.03.35:574][  0]LogConfig: Setting CVar [[r.EmitterSpawnRateScale:1.0]]
[2019.12.29-15.03.35:574][  0]LogConfig: Setting CVar [[r.ParticleLightQuality:2]]
[2019.12.29-15.03.35:574][  0]LogConfig: Applying CVar settings from Section [FoliageQuality@3] File [D:/A_Univer/АКГ/SpaceWarUnreal/SpaceWar/Saved/Config/Windows/Scalability.ini]
[2019.12.29-15.03.35:574][  0]LogConfig: Setting CVar [[foliage.DensityScale:1.0]]
[2019.12.29-15.03.35:574][  0]LogConfig: Setting CVar [[grass.DensityScale:1.0]]
[2019.12.29-15.03.35:574][  0]LogConfig: Applying CVar settings from Section [Startup] File [../../../Engine/Config/ConsoleVariables.ini]
[2019.12.29-15.03.35:575][  0]LogConfig: Setting CVar [[net.UseAdaptiveNetUpdateFrequency:0]]
[2019.12.29-15.03.35:575][  0]LogConfig: Setting CVar [[p.chaos.AllowCreatePhysxBodies:1]]
[2019.12.29-15.03.35:575][  0]LogConfig: Applying CVar settings from Section [ConsoleVariables] File [D:/A_Univer/АКГ/SpaceWarUnreal/SpaceWar/Saved/Config/Windows/Engine.ini]
[2019.12.29-15.03.35:575][  0]LogInit: Computer: DESKTOP-8EM4NO4
[2019.12.29-15.03.35:575][  0]LogInit: User: snajp
[2019.12.29-15.03.35:575][  0]LogInit: CPU Page size=4096, Cores=4
[2019.12.29-15.03.35:575][  0]LogInit: High frequency timer resolution =10.000000 MHz
[2019.12.29-15.03.35:575][  0]LogMemory: Memory total: Physical=7.7GB (8GB approx)
[2019.12.29-15.03.35:575][  0]LogMemory: Platform Memory Stats for Windows
[2019.12.29-15.03.35:575][  0]LogMemory: Process Physical Memory: 98.20 MB used, 98.20 MB peak
[2019.12.29-15.03.35:575][  0]LogMemory: Process Virtual Memory: 97.52 MB used, 97.52 MB peak
[2019.12.29-15.03.35:575][  0]LogMemory: Physical Memory: 5225.21 MB used,  2615.41 MB free, 7840.62 MB total
[2019.12.29-15.03.35:575][  0]LogMemory: Virtual Memory: 4650.90 MB used,  134213080.00 MB free, 134217728.00 MB total
[2019.12.29-15.03.35:600][  0]LogInit: Using OS detected language (en-US).
[2019.12.29-15.03.35:600][  0]LogInit: Using OS detected locale (en-US).
[2019.12.29-15.03.35:601][  0]LogTextLocalizationManager: No specific localization for 'en-US' exists, so the 'en' localization will be used.
[2019.12.29-15.03.35:836][  0]LogInit: Setting process to per monitor DPI aware
[2019.12.29-15.03.35:862][  0]LogSlate: New Slate User Created.  User Index 0, Is Virtual User: 0
[2019.12.29-15.03.35:862][  0]LogSlate: Slate User Registered.  User Index 0, Is Virtual User: 0
[2019.12.29-15.03.36:125][  0]LogHMD: Failed to initialize OpenVR with code 110
[2019.12.29-15.03.36:125][  0]LogD3D11RHI: D3D11 adapters:
[2019.12.29-15.03.36:142][  0]LogD3D11RHI:    0. 'Intel(R) UHD Graphics 620' (Feature Level 11_0)
[2019.12.29-15.03.36:142][  0]LogD3D11RHI:       128/0/3920 MB DedicatedVideo/DedicatedSystem/SharedSystem, Outputs:1, VendorId:0x8086
[2019.12.29-15.03.36:176][  0]LogD3D11RHI:    1. 'Radeon (TM) RX 550' (Feature Level 11_0)
[2019.12.29-15.03.36:176][  0]LogD3D11RHI:       4044/0/3920 MB DedicatedVideo/DedicatedSystem/SharedSystem, Outputs:0, VendorId:0x1002
[2019.12.29-15.03.36:179][  0]LogD3D11RHI:    2. 'Microsoft Basic Render Driver' (Feature Level 11_0)
[2019.12.29-15.03.36:179][  0]LogD3D11RHI:       0/0/3920 MB DedicatedVideo/DedicatedSystem/SharedSystem, Outputs:0, VendorId:0x1414
[2019.12.29-15.03.36:179][  0]LogD3D11RHI: Chosen D3D11 Adapter: 1
[2019.12.29-15.03.36:191][  0]LogD3D11RHI: Creating new Direct3DDevice
[2019.12.29-15.03.36:191][  0]LogD3D11RHI:     GPU DeviceId: 0x699f (for the marketing name, search the web for "GPU Device Id")
[2019.12.29-15.03.36:191][  0]LogWindows: EnumDisplayDevices:
[2019.12.29-15.03.36:191][  0]LogWindows:    0. 'Intel(R) UHD Graphics 620' (P:1 D:1)
[2019.12.29-15.03.36:192][  0]LogWindows:    1. 'Intel(R) UHD Graphics 620' (P:0 D:0)
[2019.12.29-15.03.36:192][  0]LogWindows:    2. 'Intel(R) UHD Graphics 620' (P:0 D:0)
[2019.12.29-15.03.36:192][  0]LogWindows: DebugString: PrimaryIsNotTheChoosenAdapter PrimaryIsNotTheChoosenAdapter PrimaryIsNotTheChoosenAdapter FoundDriverCount:0 
[2019.12.29-15.03.36:192][  0]LogD3D11RHI:     Adapter Name: Radeon (TM) RX 550
[2019.12.29-15.03.36:192][  0]LogD3D11RHI:   Driver Version: Unknown (internal:Unknown, unified:Unknown)
[2019.12.29-15.03.36:192][  0]LogD3D11RHI:      Driver Date: Unknown
[2019.12.29-15.03.36:192][  0]LogRHI: Texture pool is 2831 MB (70% of 4044 MB)
[2019.12.29-15.03.38:171][  0]LogD3D11RHI: Async texture creation enabled
[2019.12.29-15.03.38:178][  0]LogRendererCore: FGlobalReadBuffer::InitRHI
[2019.12.29-15.03.38:179][  0]LogRendererCore: FGlobalReadBuffer::InitRHI
[2019.12.29-15.03.38:179][  0]LogRendererCore: FGlobalReadBuffer::InitRHI
[2019.12.29-15.03.38:187][  0]LogD3D11RHI: GPU Timing Frequency: 25.000000 (Debug: 2 1)
[2019.12.29-15.03.38:691][  0]LogTemp: Display: Module 'AllDesktopTargetPlatform' loaded TargetPlatform 'AllDesktop'
[2019.12.29-15.03.38:720][  0]LogTemp: Display: Module 'MacClientTargetPlatform' loaded TargetPlatform 'MacClient'
[2019.12.29-15.03.38:739][  0]LogTemp: Display: Module 'MacNoEditorTargetPlatform' loaded TargetPlatform 'MacNoEditor'
[2019.12.29-15.03.38:756][  0]LogTemp: Display: Module 'MacServerTargetPlatform' loaded TargetPlatform 'MacServer'
[2019.12.29-15.03.38:774][  0]LogTemp: Display: Module 'MacTargetPlatform' loaded TargetPlatform 'Mac'
[2019.12.29-15.03.38:793][  0]LogTemp: Display: Module 'WindowsClientTargetPlatform' loaded TargetPlatform 'WindowsClient'
[2019.12.29-15.03.38:812][  0]LogTemp: Display: Module 'WindowsNoEditorTargetPlatform' loaded TargetPlatform 'WindowsNoEditor'
[2019.12.29-15.03.38:840][  0]LogTemp: Display: Module 'WindowsServerTargetPlatform' loaded TargetPlatform 'WindowsServer'
[2019.12.29-15.03.38:849][  0]LogTemp: Display: Module 'WindowsTargetPlatform' loaded TargetPlatform 'Windows'
[2019.12.29-15.03.38:951][  0]LogTemp: Display: Module 'AndroidTargetPlatform' loaded TargetPlatform 'Android'
[2019.12.29-15.03.38:952][  0]LogTemp: Display: Module 'AndroidTargetPlatform' loaded TargetPlatform 'Android_ASTC'
[2019.12.29-15.03.38:952][  0]LogTemp: Display: Module 'AndroidTargetPlatform' loaded TargetPlatform 'Android_ATC'
[2019.12.29-15.03.38:952][  0]LogTemp: Display: Module 'AndroidTargetPlatform' loaded TargetPlatform 'Android_DXT'
[2019.12.29-15.03.38:952][  0]LogTemp: Display: Module 'AndroidTargetPlatform' loaded TargetPlatform 'Android_ETC1'
[2019.12.29-15.03.38:952][  0]LogTemp: Display: Module 'AndroidTargetPlatform' loaded TargetPlatform 'Android_ETC1a'
[2019.12.29-15.03.38:952][  0]LogTemp: Display: Module 'AndroidTargetPlatform' loaded TargetPlatform 'Android_ETC2'
[2019.12.29-15.03.38:952][  0]LogTemp: Display: Module 'AndroidTargetPlatform' loaded TargetPlatform 'Android_PVRTC'
[2019.12.29-15.03.38:952][  0]LogTemp: Display: Module 'AndroidTargetPlatform' loaded TargetPlatform 'AndroidClient'
[2019.12.29-15.03.38:952][  0]LogTemp: Display: Module 'AndroidTargetPlatform' loaded TargetPlatform 'Android_ASTCClient'
[2019.12.29-15.03.38:952][  0]LogTemp: Display: Module 'AndroidTargetPlatform' loaded TargetPlatform 'Android_ATCClient'
[2019.12.29-15.03.38:952][  0]LogTemp: Display: Module 'AndroidTargetPlatform' loaded TargetPlatform 'Android_DXTClient'
[2019.12.29-15.03.38:952][  0]LogTemp: Display: Module 'AndroidTargetPlatform' loaded TargetPlatform 'Android_ETC1Client'
[2019.12.29-15.03.38:952][  0]LogTemp: Display: Module 'AndroidTargetPlatform' loaded TargetPlatform 'Android_ETC1aClient'
[2019.12.29-15.03.38:952][  0]LogTemp: Display: Module 'AndroidTargetPlatform' loaded TargetPlatform 'Android_ETC2Client'
[2019.12.29-15.03.38:952][  0]LogTemp: Display: Module 'AndroidTargetPlatform' loaded TargetPlatform 'Android_PVRTCClient'
[2019.12.29-15.03.38:952][  0]LogTemp: Display: Module 'AndroidTargetPlatform' loaded TargetPlatform 'Android_Multi'
[2019.12.29-15.03.38:952][  0]LogTemp: Display: Module 'AndroidTargetPlatform' loaded TargetPlatform 'Android_MultiClient'
[2019.12.29-15.03.38:956][  0]LogTemp: Display: Module 'HTML5TargetPlatform' loaded TargetPlatform 'HTML5'
[2019.12.29-15.03.39:021][  0]LogTemp: Display: Module 'IOSTargetPlatform' loaded TargetPlatform 'IOSClient'
[2019.12.29-15.03.39:021][  0]LogTemp: Display: Module 'IOSTargetPlatform' loaded TargetPlatform 'IOS'
[2019.12.29-15.03.39:055][  0]LogTemp: Display: Module 'TVOSTargetPlatform' loaded TargetPlatform 'TVOSClient'
[2019.12.29-15.03.39:055][  0]LogTemp: Display: Module 'TVOSTargetPlatform' loaded TargetPlatform 'TVOS'
[2019.12.29-15.03.39:072][  0]LogTemp: Display: Module 'LinuxClientTargetPlatform' loaded TargetPlatform 'LinuxClient'
[2019.12.29-15.03.39:091][  0]LogTemp: Display: Module 'LinuxNoEditorTargetPlatform' loaded TargetPlatform 'LinuxNoEditor'
[2019.12.29-15.03.39:110][  0]LogTemp: Display: Module 'LinuxServerTargetPlatform' loaded TargetPlatform 'LinuxServer'
[2019.12.29-15.03.39:133][  0]LogTemp: Display: Module 'LinuxTargetPlatform' loaded TargetPlatform 'Linux'
[2019.12.29-15.03.39:210][  0]LogTemp: Display: Module 'LuminTargetPlatform' loaded TargetPlatform 'Lumin'
[2019.12.29-15.03.39:210][  0]LogTemp: Display: Module 'LuminTargetPlatform' loaded TargetPlatform 'LuminClient'
[2019.12.29-15.03.39:210][  0]LogTargetPlatformManager: Display: Building Assets For Windows
[2019.12.29-15.03.39:227][  0]LogAudioDebug: Display: Lib vorbis DLL was dynamically loaded.
[2019.12.29-15.03.39:324][  0]LogShaderCompilers: Guid format shader working directory is 7 characters bigger than the processId version (D:/A_Univer/АКГ/SpaceWarUnreal/SpaceWar/Intermediate/Shaders/WorkingDirectory/2708/).
[2019.12.29-15.03.39:324][  0]LogShaderCompilers: Cleaned the shader compiler working directory 'C:/Users/snajp/AppData/Local/Temp/UnrealShaderWorkingDir/6243331C4E5D7845328B9A8484DA1B39/'.
[2019.12.29-15.03.39:328][  0]LogXGEController: Cannot use XGE Controller as Incredibuild is not installed on this machine.
[2019.12.29-15.03.39:328][  0]LogShaderCompilers: Cannot use XGE Shader Compiler as Incredibuild is not installed on this machine.
[2019.12.29-15.03.39:328][  0]LogShaderCompilers: Display: Using Local Shader Compiler.
[2019.12.29-15.03.40:481][  0]LogDerivedDataCache: Display: Max Cache Size: 512 MB
[2019.12.29-15.03.40:577][  0]LogDerivedDataCache: Loaded boot cache 0.10s 71MB C:/Users/snajp/AppData/Local/UnrealEngine/4.22/DerivedDataCache/Boot.ddc.
[2019.12.29-15.03.40:577][  0]LogDerivedDataCache: Display: Loaded Boot cache: C:/Users/snajp/AppData/Local/UnrealEngine/4.22/DerivedDataCache/Boot.ddc
[2019.12.29-15.03.40:578][  0]LogDerivedDataCache: FDerivedDataBackendGraph:  Pak pak cache file D:/A_Univer/АКГ/SpaceWarUnreal/SpaceWar/DerivedDataCache/DDC.ddp not found, will not use a pak cache.
[2019.12.29-15.03.40:578][  0]LogDerivedDataCache: Unable to find inner node Pak for hierarchical cache Hierarchy.
[2019.12.29-15.03.40:578][  0]LogDerivedDataCache: FDerivedDataBackendGraph:  CompressedPak pak cache file D:/A_Univer/АКГ/SpaceWarUnreal/SpaceWar/DerivedDataCache/Compressed.ddp not found, will not use a pak cache.
[2019.12.29-15.03.40:578][  0]LogDerivedDataCache: Unable to find inner node CompressedPak for hierarchical cache Hierarchy.
[2019.12.29-15.03.40:592][  0]LogDerivedDataCache: Display: Pak cache opened for reading ../../../Engine/DerivedDataCache/Compressed.ddp.
[2019.12.29-15.03.40:593][  0]LogDerivedDataCache: FDerivedDataBackendGraph:  EnterprisePak pak cache file ../../../Enterprise/DerivedDataCache/Compressed.ddp not found, will not use a pak cache.
[2019.12.29-15.03.40:593][  0]LogDerivedDataCache: Unable to find inner node EnterprisePak for hierarchical cache Hierarchy.
[2019.12.29-15.03.40:606][  0]LogDerivedDataCache: Using Local data cache path C:/Users/snajp/AppData/Local/UnrealEngine/Common/DerivedDataCache: Writable
[2019.12.29-15.03.40:606][  0]LogDerivedDataCache: Shared data cache path not found in *engine.ini, will not use an Shared cache.
[2019.12.29-15.03.40:606][  0]LogDerivedDataCache: Unable to find inner node Shared for hierarchical cache Hierarchy.
[2019.12.29-15.03.40:636][  0]LogMaterial: Verifying Global Shaders for PCD3D_SM5
[2019.12.29-15.03.40:638][  0]LogSlate: Using FreeType 2.6.0
[2019.12.29-15.03.40:639][  0]LogSlate: SlateFontServices - WITH_FREETYPE: 1, WITH_HARFBUZZ: 1
[2019.12.29-15.03.41:078][  0]LogAssetRegistry: FAssetRegistry took 0.0391 seconds to start up
[2019.12.29-15.03.41:519][  0]LogInit: Selected Device Profile: [Windows]
[2019.12.29-15.03.41:724][  0]LogMeshReduction: Using QuadricMeshReduction for automatic static mesh reduction
[2019.12.29-15.03.41:724][  0]LogMeshReduction: Using SimplygonMeshReduction for automatic skeletal mesh reduction
[2019.12.29-15.03.41:724][  0]LogMeshReduction: Using ProxyLODMeshReduction for automatic mesh merging
[2019.12.29-15.03.41:724][  0]LogMeshReduction: No distributed automatic mesh merging module available
[2019.12.29-15.03.41:725][  0]LogMeshMerging: No distributed automatic mesh merging module available
[2019.12.29-15.03.41:742][  0]LogNetVersion: SpaceWar 1.0.0, NetCL: 5660361, EngineNetVer: 10, GameNetVer: 0 (Checksum: 3654119351)
[2019.12.29-15.03.42:265][  0]LogPackageLocalizationCache: Processed 10 localized package path(s) for 1 prioritized culture(s) in 0.049368 seconds
[2019.12.29-15.03.42:271][  0]LogUObjectArray: 42205 objects as part of root set at end of initial load.
[2019.12.29-15.03.42:271][  0]LogUObjectAllocator: 7325032 out of 0 bytes used by permanent object pool.
[2019.12.29-15.03.42:271][  0]LogUObjectArray: CloseDisregardForGC: 0/0 objects in disregard for GC pool
[2019.12.29-15.03.45:366][  0]LogTcpMessaging: Initializing TcpMessaging bridge
[2019.12.29-15.03.45:380][  0]LogUdpMessaging: Initializing bridge on interface 0.0.0.0:0 to multicast group 230.0.0.1:6666.
[2019.12.29-15.03.45:555][  0]SourceControl: Source control is disabled
[2019.12.29-15.03.45:555][  0]SourceControl: Source control is disabled
[2019.12.29-15.03.45:563][  0]SourceControl: Source control is disabled
[2019.12.29-15.03.45:567][  0]SourceControl: Source control is disabled
[2019.12.29-15.03.45:705][  0]LogAndroidPermission: UAndroidPermissionCallbackProxy::GetInstance
[2019.12.29-15.03.45:842][  0]LogOcInput: OculusInput pre-init called
[2019.12.29-15.03.46:598][  0]LogEngine: Initializing Engine...
[2019.12.29-15.03.46:599][  0]LogHMD: Failed to initialize OpenVR with code 110
[2019.12.29-15.03.46:602][  0]LogStats: UGameplayTagsManager::InitializeManager -  0.001 s
[2019.12.29-15.03.46:832][  0]LogInit: Initializing FReadOnlyCVARCache
[2019.12.29-15.03.46:870][  0]LogAIModule: Creating AISystem for world Untitled
[2019.12.29-15.03.46:898][  0]LogInit: XAudio2 using 'Динамики (Conexant SmartAudio HD)' : 2 channels at 48 kHz using 32 bits per sample (channel mask 0x3)
[2019.12.29-15.03.46:927][  0]LogInit: FAudioDevice initialized.
[2019.12.29-15.03.46:927][  0]LogNetVersion: Set ProjectVersion to 1.0.0.0. Version Checksum will be recalculated on next use.
[2019.12.29-15.03.46:975][  0]LogDerivedDataCache: Saved boot cache 0.05s 71MB C:/Users/snajp/AppData/Local/UnrealEngine/4.22/DerivedDataCache/Boot.ddc.
[2019.12.29-15.03.46:985][  0]LogInit: Texture streaming: Enabled
[2019.12.29-15.03.47:011][  0]LogEngineSessionManager: EngineSessionManager initialized
[2019.12.29-15.03.47:039][  0]LogInit: Transaction tracking system initialized
[2019.12.29-15.03.47:086][  0]BlueprintLog: New page: Editor Load
[2019.12.29-15.03.47:233][  0]LocalizationService: Localization service is disabled
[2019.12.29-15.03.47:610][  0]LogFileCache: Scanning file cache for directory 'D:/A_Univer/АКГ/SpaceWarUnreal/SpaceWar/Content/' took 0.02s
[2019.12.29-15.03.47:610][  0]LogCook: Display: Max memory allowance for cook 16384mb min free memory 0mb
[2019.12.29-15.03.47:610][  0]LogCook: Display: Mobile HDR setting 1
[2019.12.29-15.03.47:893][  0]SourceControl: Source control is disabled
[2019.12.29-15.03.47:893][  0]Cmd: MAP LOAD FILE="D:/A_Univer/АКГ/SpaceWarUnreal/SpaceWar/Content/FlyingBP/Maps/FirstLevel.umap" TEMPLATE=0 SHOWPROGRESS=1 FEATURELEVEL=3
[2019.12.29-15.03.47:894][  0]LightingResults: New page: Lighting Build
[2019.12.29-15.03.47:900][  0]MapCheck: New page: Map Check
[2019.12.29-15.03.47:900][  0]LightingResults: New page: Lighting Build
[2019.12.29-15.03.47:931][  0]LogUObjectHash: Compacting FUObjectHashTables data took   1.87ms
[2019.12.29-15.03.47:934][  0]LogLinker: Warning: Can't find file '/Game/Blueprints/Asteroid3'
[2019.12.29-15.03.47:935][  0]LogLinker: Warning: Can't find file for asset '/Game/Blueprints/Asteroid3' while loading NULL.
[2019.12.29-15.03.48:425][  0]LogLinker: Warning: Can't find file '/Game/Blueprints/Asteroid3'
[2019.12.29-15.03.48:425][  0]LogLinker: Warning: Can't find file for asset '/Game/Blueprints/Asteroid3' while loading NULL.
[2019.12.29-15.03.48:436][  0]LogLinker: Warning: Can't find file '/Game/Blueprints/Asteroid3'
[2019.12.29-15.03.48:436][  0]LogLinker: Warning: Can't find file for asset '/Game/Blueprints/Asteroid3' while loading NULL.
[2019.12.29-15.03.48:460][  0]LogLinker: Warning: Can't find file '/Game/Blueprints/Asteroid3'
[2019.12.29-15.03.48:460][  0]LogLinker: Warning: Can't find file for asset '/Game/Blueprints/Asteroid3' while loading NULL.
[2019.12.29-15.03.48:460][  0]LogLinker: Warning: Can't find file '/Game/Blueprints/Asteroid3'
[2019.12.29-15.03.48:460][  0]LogLinker: Warning: Can't find file for asset '/Game/Blueprints/Asteroid3' while loading NULL.
[2019.12.29-15.03.48:460][  0]LogLinker: Warning: Can't find file '/Game/Blueprints/Asteroid3'
[2019.12.29-15.03.48:460][  0]LogLinker: Warning: Can't find file for asset '/Game/Blueprints/Asteroid3' while loading NULL.
[2019.12.29-15.03.48:460][  0]LogLinker: Warning: Can't find file '/Game/Blueprints/Asteroid3'
[2019.12.29-15.03.48:460][  0]LogLinker: Warning: Can't find file for asset '/Game/Blueprints/Asteroid3' while loading NULL.
[2019.12.29-15.03.48:460][  0]LogLinker: Warning: Can't find file '/Game/Blueprints/Asteroid3'
[2019.12.29-15.03.48:460][  0]LogLinker: Warning: Can't find file for asset '/Game/Blueprints/Asteroid3' while loading NULL.
[2019.12.29-15.03.48:468][  0]LogLinker: Warning: Can't find file '/Game/Blueprints/Asteroid3'
[2019.12.29-15.03.48:468][  0]LogLinker: Warning: Can't find file for asset '/Game/Blueprints/Asteroid3' while loading NULL.
[2019.12.29-15.03.48:468][  0]LogLinker: Warning: Can't find file '/Game/Blueprints/Asteroid3'
[2019.12.29-15.03.48:468][  0]LogLinker: Warning: Can't find file for asset '/Game/Blueprints/Asteroid3' while loading NULL.
[2019.12.29-15.03.48:824][  0]LogAIModule: Creating AISystem for world FirstLevel
[2019.12.29-15.03.48:841][  0]LogEditorServer: Finished looking for orphan Actors (0.000 secs)
[2019.12.29-15.03.48:879][  0]LogUObjectHash: Compacting FUObjectHashTables data took   2.85ms
[2019.12.29-15.03.48:880][  0]Cmd: MAP CHECKDEP NOCLEARLOG
[2019.12.29-15.03.48:880][  0]MapCheck: Map check complete: 0 Error(s), 0 Warning(s), took 0.085ms to complete.
[2019.12.29-15.03.48:880][  0]LogFileHelpers: Loading map 'FirstLevel' took 0.987
[2019.12.29-15.03.49:048][  0]LogSlate: Updating window title bar state: overlay mode, drag disabled, window buttons hidden, title bar hidden
[2019.12.29-15.03.49:060][  0]LogSlate: Updating window title bar state: overlay mode, drag disabled, window buttons hidden, title bar hidden
[2019.12.29-15.03.49:073][  0]LogSlate: Updating window title bar state: overlay mode, drag disabled, window buttons hidden, title bar hidden
[2019.12.29-15.03.49:085][  0]LogSlate: Updating window title bar state: overlay mode, drag disabled, window buttons hidden, title bar hidden
[2019.12.29-15.03.49:095][  0]LogCollectionManager: Loaded 0 collections in 0.002026 seconds
[2019.12.29-15.03.49:130][  0]LogFileCache: Scanning file cache for directory 'D:/A_Univer/АКГ/SpaceWarUnreal/SpaceWar/Saved/Collections/' took 0.01s
[2019.12.29-15.03.49:130][  0]LogFileCache: Scanning file cache for directory 'D:/A_Univer/АКГ/SpaceWarUnreal/SpaceWar/Content/Developers/snajp/Collections/' took 0.01s
[2019.12.29-15.03.49:130][  0]LogFileCache: Scanning file cache for directory 'D:/A_Univer/АКГ/SpaceWarUnreal/SpaceWar/Content/Collections/' took 0.00s
[2019.12.29-15.03.49:130][  0]LogCollectionManager: Rebuilt the GUID cache for 0 collections in 0.000000 seconds
[2019.12.29-15.03.49:141][  0]LogContentBrowser: Native class hierarchy populated in 0.0103 seconds. Added 2741 classes and 664 folders.
[2019.12.29-15.03.49:154][  0]LogContentBrowser: Native class hierarchy updated for 'WidgetCarousel' in 0.0003 seconds. Added 0 classes and 0 folders.
[2019.12.29-15.03.49:158][  0]LogPakFile: Registered encryption key '00000000000000000000000000000000': 0 pak files mounted, 0 remain pending
[2019.12.29-15.03.49:171][  0]LogPakFile: Registered encryption key '00000000000000000000000000000000': 0 pak files mounted, 0 remain pending
[2019.12.29-15.03.49:191][  0]LogPakFile: Registered encryption key '00000000000000000000000000000000': 0 pak files mounted, 0 remain pending
[2019.12.29-15.03.49:199][  0]LogPakFile: Registered encryption key '00000000000000000000000000000000': 0 pak files mounted, 0 remain pending
[2019.12.29-15.03.49:207][  0]LogPakFile: Registered encryption key '00000000000000000000000000000000': 0 pak files mounted, 0 remain pending
[2019.12.29-15.03.49:215][  0]LogPakFile: Registered encryption key '00000000000000000000000000000000': 0 pak files mounted, 0 remain pending
[2019.12.29-15.03.49:222][  0]LogPakFile: Registered encryption key '00000000000000000000000000000000': 0 pak files mounted, 0 remain pending
[2019.12.29-15.03.49:230][  0]LogPakFile: Registered encryption key '00000000000000000000000000000000': 0 pak files mounted, 0 remain pending
[2019.12.29-15.03.49:240][  0]LogPakFile: Registered encryption key '00000000000000000000000000000000': 0 pak files mounted, 0 remain pending
[2019.12.29-15.03.49:250][  0]LogPakFile: Registered encryption key '00000000000000000000000000000000': 0 pak files mounted, 0 remain pending
[2019.12.29-15.03.49:260][  0]LogPakFile: Registered encryption key '00000000000000000000000000000000': 0 pak files mounted, 0 remain pending
[2019.12.29-15.03.49:268][  0]LogPakFile: Registered encryption key '00000000000000000000000000000000': 0 pak files mounted, 0 remain pending
[2019.12.29-15.03.49:276][  0]LogPakFile: Registered encryption key '00000000000000000000000000000000': 0 pak files mounted, 0 remain pending
[2019.12.29-15.03.49:285][  0]LogPakFile: Registered encryption key '00000000000000000000000000000000': 0 pak files mounted, 0 remain pending
[2019.12.29-15.03.49:292][  0]LogPakFile: Registered encryption key '00000000000000000000000000000000': 0 pak files mounted, 0 remain pending
[2019.12.29-15.03.49:300][  0]LogPakFile: Registered encryption key '00000000000000000000000000000000': 0 pak files mounted, 0 remain pending
[2019.12.29-15.03.49:340][  0]LogPakFile: Registered encryption key '00000000000000000000000000000000': 0 pak files mounted, 0 remain pending
[2019.12.29-15.03.49:347][  0]LogPakFile: Registered encryption key '00000000000000000000000000000000': 0 pak files mounted, 0 remain pending
[2019.12.29-15.03.49:354][  0]LogPakFile: Registered encryption key '00000000000000000000000000000000': 0 pak files mounted, 0 remain pending
[2019.12.29-15.03.49:361][  0]LogPakFile: Registered encryption key '00000000000000000000000000000000': 0 pak files mounted, 0 remain pending
[2019.12.29-15.03.49:368][  0]LogPakFile: Registered encryption key '00000000000000000000000000000000': 0 pak files mounted, 0 remain pending
[2019.12.29-15.03.49:375][  0]LogPakFile: Registered encryption key '00000000000000000000000000000000': 0 pak files mounted, 0 remain pending
[2019.12.29-15.03.49:382][  0]LogPakFile: Registered encryption key '00000000000000000000000000000000': 0 pak files mounted, 0 remain pending
[2019.12.29-15.03.49:389][  0]LogPakFile: Registered encryption key '00000000000000000000000000000000': 0 pak files mounted, 0 remain pending
[2019.12.29-15.03.49:397][  0]LogPakFile: Registered encryption key '00000000000000000000000000000000': 0 pak files mounted, 0 remain pending
[2019.12.29-15.03.49:404][  0]LogPakFile: Registered encryption key '00000000000000000000000000000000': 0 pak files mounted, 0 remain pending
[2019.12.29-15.03.49:473][  0]LogContentBrowser: Native class hierarchy updated for 'AddContentDialog' in 0.0003 seconds. Added 0 classes and 0 folders.
[2019.12.29-15.03.49:483][  0]LogContentBrowser: Native class hierarchy updated for 'SceneOutliner' in 0.0004 seconds. Added 1 classes and 2 folders.
[2019.12.29-15.03.49:667][  0]LogSlate: Took 0.000832 seconds to synchronously load lazily loaded font '../../../Engine/Content/Slate/Fonts/Roboto-Regular.ttf' (155K)
[2019.12.29-15.03.49:669][  0]LogSlate: Took 0.000606 seconds to synchronously load lazily loaded font '../../../Engine/Content/Slate/Fonts/Roboto-Bold.ttf' (160K)
[2019.12.29-15.03.49:677][  0]LogSlate: Took 0.000678 seconds to synchronously load lazily loaded font '../../../Engine/Content/Editor/Slate/Fonts/FontAwesome.ttf' (139K)
[2019.12.29-15.03.49:754][  0]LogRenderer: Reallocating scene render targets to support 968x452 Format 10 NumSamples 1 (Frame:1).
[2019.12.29-15.03.49:946][  0]LogContentBrowser: Native class hierarchy updated for 'HierarchicalLODOutliner' in 0.0003 seconds. Added 0 classes and 0 folders.
[2019.12.29-15.03.49:946][  0]LogLoad: (Engine Initialization) Total time: 16.25 seconds
[2019.12.29-15.03.49:946][  0]LogLoad: (Engine Initialization) Total Blueprint compile time: 0.00 seconds
[2019.12.29-15.03.49:960][  0]LoadErrors: Warning: CreateExport: Failed to load Outer for resource 'Smashing_Cue': Asteroid3_C /Game/FlyingBP/Maps/FirstLevel.FirstLevel:PersistentLevel.Asteroid3_2
[2019.12.29-15.03.49:961][  0]LoadErrors: Warning: CreateExport: Failed to load Outer for resource 'StaticMeshComponent0': Asteroid3_C /Game/FlyingBP/Maps/FirstLevel.FirstLevel:PersistentLevel.Asteroid3_2
[2019.12.29-15.03.50:003][  0]LogAssetRegistry: Asset discovery search completed in 8.9472 seconds
[2019.12.29-15.03.50:007][  0]LogCollectionManager: Rebuilt the object cache for 0 collections in 0.000000 seconds (found 0 objects)
[2019.12.29-15.03.50:007][  0]LogCollectionManager: Fixed up redirectors for 0 collections in 0.000066 seconds (updated 0 objects)
[2019.12.29-15.03.50:012][  0]LogContentStreaming: Texture pool size now 1000 MB
[2019.12.29-15.03.50:024][  0]LogSlate: FSceneViewport::OnFocusLost() reason 2
[2019.12.29-15.03.50:054][  0]LogSlate: Took 0.000709 seconds to synchronously load lazily loaded font '../../../Engine/Content/Slate/Fonts/Roboto-Light.ttf' (167K)
[2019.12.29-15.03.50:296][  1]LogFileCache: Retrieving MD5 hashes for directory 'D:/A_Univer/АКГ/SpaceWarUnreal/SpaceWar/Content/' took 0.32s
[2019.12.29-15.03.50:299][  1]LogSlate: New Slate User Created.  User Index 8, Is Virtual User: 1
[2019.12.29-15.03.50:299][  1]LogSlate: Slate User Registered.  User Index 8, Is Virtual User: 1
[2019.12.29-15.03.50:333][  2]LogD3D11RHI: Error: agsDriverExtensionsDX11_SetDepthBounds(1,0.000000, 1.000000) returned error code 2. **********PLEASE UPDATE YOUR VIDEO DRIVERS*********
[2019.12.29-15.03.59:319][ 28]LogUObjectHash: Compacting FUObjectHashTables data took   0.75ms
[2019.12.29-15.03.59:441][ 28]LogSlate: Window 'Message Log' being destroyed
[2019.12.29-15.03.59:445][ 28]LogSlate: Window 'SpaceWar - Unreal Editor' being destroyed
[2019.12.29-15.03.59:446][ 28]LogWindowsTextInputMethodSystem: Display: IME system now deactivated.
[2019.12.29-15.03.59:662][ 29]Cmd: QUIT_EDITOR
[2019.12.29-15.03.59:696][ 29]LogExit: Preparing to exit.
[2019.12.29-15.04.00:427][ 29]LogExit: Editor shut down
[2019.12.29-15.04.00:428][ 29]LogExit: Transaction tracking system shut down
[2019.12.29-15.04.00:625][ 29]LogExit: Object subsystem successfully closed.
[2019.12.29-15.04.00:647][ 29]LogShaderCompilers: Display: Shaders left to compile 0
[2019.12.29-15.04.00:650][ 29]LogD3D11RHI: Shutdown
[2019.12.29-15.04.00:650][ 29]LogD3D11RHI: CleanupD3DDevice
[2019.12.29-15.04.00:650][ 29]LogRendererCore: FGlobalReadBuffer::ReleaseRHI
[2019.12.29-15.04.00:650][ 29]LogRendererCore: FGlobalDynamicReadBuffer::Cleanup()
[2019.12.29-15.04.00:650][ 29]LogRendererCore: FGlobalReadBuffer::ReleaseRHI
[2019.12.29-15.04.00:650][ 29]LogRendererCore: FGlobalDynamicReadBuffer::Cleanup()
[2019.12.29-15.04.00:650][ 29]LogRendererCore: FGlobalReadBuffer::ReleaseRHI
[2019.12.29-15.04.00:651][ 29]LogRendererCore: FGlobalDynamicReadBuffer::Cleanup()
[2019.12.29-15.04.00:776][ 29]LogD3D11RHI: ~FD3D11DynamicRHI
[2019.12.29-15.04.00:812][ 29]LogModuleManager: Shutting down and abandoning module HierarchicalLODOutliner (646)
[2019.12.29-15.04.00:813][ 29]LogModuleManager: Shutting down and abandoning module SceneOutliner (644)
[2019.12.29-15.04.00:813][ 29]LogModuleManager: Shutting down and abandoning module AddContentDialog (642)
[2019.12.29-15.04.00:813][ 29]LogModuleManager: Shutting down and abandoning module WidgetCarousel (641)
[2019.12.29-15.04.00:813][ 29]LogModuleManager: Shutting down and abandoning module EditorWidgets (638)
[2019.12.29-15.04.00:813][ 29]LogModuleManager: Shutting down and abandoning module CollectionManager (636)
[2019.12.29-15.04.00:813][ 29]LogModuleManager: Shutting down and abandoning module StatsViewer (634)
[2019.12.29-15.04.00:813][ 29]LogModuleManager: Shutting down and abandoning module FoliageEdit (632)
[2019.12.29-15.04.00:813][ 29]LogModuleManager: Shutting down and abandoning module LandscapeEditor (630)
[2019.12.29-15.04.00:814][ 29]LogModuleManager: Shutting down and abandoning module MeshPaintMode (628)
[2019.12.29-15.04.00:814][ 29]LogModuleManager: Shutting down and abandoning module SceneDepthPickerMode (626)
[2019.12.29-15.04.00:815][ 29]LogModuleManager: Shutting down and abandoning module ActorPickerMode (624)
[2019.12.29-15.04.00:815][ 29]LogModuleManager: Shutting down and abandoning module GeometryMode (622)
[2019.12.29-15.04.00:815][ 29]LogModuleManager: Shutting down and abandoning module TextureAlignMode (620)
[2019.12.29-15.04.00:815][ 29]LogModuleManager: Shutting down and abandoning module BspMode (618)
[2019.12.29-15.04.00:815][ 29]LogModuleManager: Shutting down and abandoning module PIEPreviewDeviceProfileSelector (616)
[2019.12.29-15.04.00:815][ 29]LogModuleManager: Shutting down and abandoning module SequenceRecorderSections (614)
[2019.12.29-15.04.00:815][ 29]LogModuleManager: Shutting down and abandoning module AutomationWorker (612)
[2019.12.29-15.04.00:815][ 29]LogModuleManager: Shutting down and abandoning module OculusMR (610)
[2019.12.29-15.04.00:815][ 29]LogModuleManager: Shutting down and abandoning module AudioCaptureEditor (608)
[2019.12.29-15.04.00:815][ 29]LogModuleManager: Shutting down and abandoning module MatineeToLevelSequence (606)
[2019.12.29-15.04.00:815][ 29]LogModuleManager: Shutting down and abandoning module LevelSequenceEditor (604)
[2019.12.29-15.04.00:816][ 29]LogModuleManager: Shutting down and abandoning module PlacementMode (603)
[2019.12.29-15.04.00:816][ 29]LogModuleManager: Shutting down and abandoning module MaterialEditor (602)
[2019.12.29-15.04.00:816][ 29]LogModuleManager: Shutting down and abandoning module ActorSequenceEditor (598)
[2019.12.29-15.04.00:816][ 29]LogModuleManager: Shutting down and abandoning module WmfMediaFactory (596)
[2019.12.29-15.04.00:816][ 29]LogModuleManager: Shutting down and abandoning module WmfMediaEditor (594)
[2019.12.29-15.04.00:816][ 29]LogModuleManager: Shutting down and abandoning module WebMMediaFactory (592)
[2019.12.29-15.04.00:816][ 29]LogModuleManager: Shutting down and abandoning module WebMMediaEditor (590)
[2019.12.29-15.04.00:816][ 29]LogModuleManager: Shutting down and abandoning module WebMMedia (588)
[2019.12.29-15.04.00:816][ 29]LogModuleManager: Shutting down and abandoning module MediaPlayerEditor (586)
[2019.12.29-15.04.00:816][ 29]LogModuleManager: Shutting down and abandoning module MediaCompositingEditor (584)
[2019.12.29-15.04.00:817][ 29]LogModuleManager: Shutting down and abandoning module SequenceRecorder (583)
[2019.12.29-15.04.00:817][ 29]LogModuleManager: Shutting down and abandoning module OpenExrWrapper (580)
[2019.12.29-15.04.00:817][ 29]LogModuleManager: Shutting down and abandoning module ImgMediaFactory (578)
[2019.12.29-15.04.00:817][ 29]LogModuleManager: Shutting down and abandoning module ImgMediaEditor (576)
[2019.12.29-15.04.00:817][ 29]LogModuleManager: Shutting down and abandoning module AvfMediaFactory (574)
[2019.12.29-15.04.00:817][ 29]LogModuleManager: Shutting down and abandoning module AvfMediaEditor (572)
[2019.12.29-15.04.00:817][ 29]LogModuleManager: Shutting down and abandoning module AndroidMediaFactory (570)
[2019.12.29-15.04.00:817][ 29]LogModuleManager: Shutting down and abandoning module AndroidMediaEditor (568)
[2019.12.29-15.04.00:817][ 29]LogModuleManager: Shutting down and abandoning module MagicLeapCameraPreviewFactory (566)
[2019.12.29-15.04.00:817][ 29]LogModuleManager: Shutting down and abandoning module MagicLeapMediaCodecFactory (564)
[2019.12.29-15.04.00:817][ 29]LogModuleManager: Shutting down and abandoning module MagicLeapMediaFactory (562)
[2019.12.29-15.04.00:817][ 29]LogModuleManager: Shutting down and abandoning module MagicLeapMediaEditor (560)
[2019.12.29-15.04.00:817][ 29]LogModuleManager: Shutting down and abandoning module CharacterAI (558)
[2019.12.29-15.04.00:817][ 29]LogModuleManager: Shutting down and abandoning module SmartSnapping (556)
[2019.12.29-15.04.00:817][ 29]LogModuleManager: Shutting down and abandoning module SessionServices (554)
[2019.12.29-15.04.00:817][ 29]LogModuleManager: Shutting down and abandoning module MeshPaint (552)
[2019.12.29-15.04.00:817][ 29]LogModuleManager: Shutting down and abandoning module ViewportSnapping (550)
[2019.12.29-15.04.00:817][ 29]LogModuleManager: Shutting down and abandoning module ViewportInteraction (548)
[2019.12.29-15.04.00:817][ 29]LogModuleManager: Shutting down and abandoning module ClothPainter (546)
[2019.12.29-15.04.00:818][ 29]LogModuleManager: Shutting down and abandoning module SkeletalMeshEditor (545)
[2019.12.29-15.04.00:819][ 29]LogModuleManager: Shutting down and abandoning module LogVisualizer (542)
[2019.12.29-15.04.00:819][ 29]LogModuleManager: Shutting down and abandoning module IntroTutorials (540)
[2019.12.29-15.04.00:819][ 29]LogModuleManager: Shutting down and abandoning module GameProjectGeneration (539)
[2019.12.29-15.04.00:819][ 29]LogModuleManager: Shutting down and abandoning module LuminPlatformEditor (536)
[2019.12.29-15.04.00:819][ 29]LogModuleManager: Shutting down and abandoning module IOSPlatformEditor (534)
[2019.12.29-15.04.00:819][ 29]LogModuleManager: Shutting down and abandoning module HTML5PlatformEditor (532)
[2019.12.29-15.04.00:819][ 29]LogModuleManager: Shutting down and abandoning module AndroidPlatformEditor (530)
[2019.12.29-15.04.00:819][ 29]LogModuleManager: Shutting down and abandoning module AndroidDeviceDetection (529)
[2019.12.29-15.04.01:347][ 29]LogModuleManager: Shutting down and abandoning module WindowsPlatformEditor (526)
[2019.12.29-15.04.01:347][ 29]LogModuleManager: Shutting down and abandoning module LuminRuntimeSettings (524)
[2019.12.29-15.04.01:347][ 29]LogModuleManager: Shutting down and abandoning module IOSRuntimeSettings (522)
[2019.12.29-15.04.01:347][ 29]LogModuleManager: Shutting down and abandoning module AndroidRuntimeSettings (520)
[2019.12.29-15.04.01:347][ 29]LogModuleManager: Shutting down and abandoning module TimeManagementEditor (518)
[2019.12.29-15.04.01:347][ 29]LogModuleManager: Shutting down and abandoning module InputBindingEditor (516)
[2019.12.29-15.04.01:348][ 29]LogModuleManager: Shutting down and abandoning module MergeActors (514)
[2019.12.29-15.04.01:348][ 29]LogModuleManager: Shutting down and abandoning module LocalizationDashboard (512)
[2019.12.29-15.04.01:348][ 29]LogModuleManager: Shutting down and abandoning module LocalizationService (511)
[2019.12.29-15.04.01:348][ 29]LogModuleManager: Shutting down and abandoning module HardwareTargeting (508)
[2019.12.29-15.04.01:348][ 29]LogModuleManager: Shutting down and abandoning module DeviceProfileEditor (506)
[2019.12.29-15.04.01:348][ 29]LogModuleManager: Shutting down and abandoning module UndoHistory (504)
[2019.12.29-15.04.01:348][ 29]LogModuleManager: Shutting down and abandoning module XmlParser (502)
[2019.12.29-15.04.01:348][ 29]LogModuleManager: Shutting down and abandoning module Blutility (500)
[2019.12.29-15.04.01:348][ 29]LogModuleManager: Shutting down and abandoning module ProjectSettingsViewer (498)
[2019.12.29-15.04.01:348][ 29]LogModuleManager: Shutting down and abandoning module ProjectTargetPlatformEditor (497)
[2019.12.29-15.04.01:348][ 29]LogModuleManager: Shutting down and abandoning module EditorSettingsViewer (494)
[2019.12.29-15.04.01:348][ 29]LogModuleManager: Shutting down and abandoning module SettingsEditor (492)
[2019.12.29-15.04.01:348][ 29]LogModuleManager: Shutting down and abandoning module ProjectLauncher (490)
[2019.12.29-15.04.01:349][ 29]LogModuleManager: Shutting down and abandoning module SessionFrontend (488)
[2019.12.29-15.04.01:349][ 29]LogModuleManager: Shutting down and abandoning module ProfilerClient (486)
[2019.12.29-15.04.01:349][ 29]LogModuleManager: Shutting down and abandoning module DeviceManager (484)
[2019.12.29-15.04.01:349][ 29]LogModuleManager: Shutting down and abandoning module TargetDeviceServices (483)
[2019.12.29-15.04.01:393][ 29]LogModuleManager: Shutting down and abandoning module AutomationController (480)
[2019.12.29-15.04.01:393][ 29]LogModuleManager: Shutting down and abandoning module AutomationWindow (478)
[2019.12.29-15.04.01:393][ 29]LogModuleManager: Shutting down and abandoning module Layers (476)
[2019.12.29-15.04.01:394][ 29]LogModuleManager: Shutting down and abandoning module ComponentVisualizers (474)
[2019.12.29-15.04.01:395][ 29]LogModuleManager: Shutting down and abandoning module DetailCustomizations (472)
[2019.12.29-15.04.01:395][ 29]LogModuleManager: Shutting down and abandoning module PackagesDialog (470)
[2019.12.29-15.04.01:395][ 29]LogModuleManager: Shutting down and abandoning module AnimationBlueprintEditor (468)
[2019.12.29-15.04.01:396][ 29]LogModuleManager: Shutting down and abandoning module Persona (466)
[2019.12.29-15.04.01:396][ 29]LogModuleManager: Shutting down and abandoning module AdvancedPreviewScene (465)
[2019.12.29-15.04.01:396][ 29]LogModuleManager: Shutting down and abandoning module AnimGraph (463)
[2019.12.29-15.04.01:396][ 29]LogModuleManager: Shutting down and abandoning module Kismet (460)
[2019.12.29-15.04.01:397][ 29]LogModuleManager: Shutting down and abandoning module GraphEditor (458)
[2019.12.29-15.04.01:398][ 29]LogModuleManager: Shutting down and abandoning module ClassViewer (456)
[2019.12.29-15.04.01:398][ 29]LogModuleManager: Shutting down and abandoning module Toolbox (454)
[2019.12.29-15.04.01:398][ 29]LogModuleManager: Shutting down and abandoning module ModuleUI (452)
[2019.12.29-15.04.01:399][ 29]LogModuleManager: Shutting down and abandoning module MovieSceneTools (450)
[2019.12.29-15.04.01:399][ 29]LogModuleManager: Shutting down and abandoning module OutputLog (448)
[2019.12.29-15.04.01:399][ 29]LogModuleManager: Shutting down and abandoning module GammaUI (446)
[2019.12.29-15.04.01:399][ 29]LogModuleManager: Shutting down and abandoning module Documentation (444)
[2019.12.29-15.04.01:399][ 29]LogModuleManager: Shutting down and abandoning module LiveCoding (442)
[2019.12.29-15.04.01:399][ 29]LogModuleManager: Shutting down and abandoning module LevelSequence (440)
[2019.12.29-15.04.01:399][ 29]LogModuleManager: Shutting down and abandoning module MovieSceneTracks (438)
[2019.12.29-15.04.01:399][ 29]LogModuleManager: Shutting down and abandoning module MovieScene (436)
[2019.12.29-15.04.01:399][ 29]LogModuleManager: Shutting down and abandoning module StreamingPauseRendering (434)
[2019.12.29-15.04.01:399][ 29]LogModuleManager: Shutting down and abandoning module LauncherPlatform (432)
[2019.12.29-15.04.01:399][ 29]LogModuleManager: Shutting down and abandoning module AnalyticsET (430)
[2019.12.29-15.04.01:399][ 29]LogModuleManager: Shutting down and abandoning module PortalServices (428)
[2019.12.29-15.04.01:399][ 29]LogModuleManager: Shutting down and abandoning module PortalRpc (426)
[2019.12.29-15.04.01:399][ 29]LogModuleManager: Shutting down and abandoning module MessagingRpc (424)
[2019.12.29-15.04.01:399][ 29]LogModuleManager: Shutting down and abandoning module AIModule (422)
[2019.12.29-15.04.01:399][ 29]LogModuleManager: Shutting down and abandoning module GameplayDebugger (421)
[2019.12.29-15.04.01:399][ 29]LogModuleManager: Shutting down and abandoning module AITestSuite (419)
[2019.12.29-15.04.01:399][ 29]LogModuleManager: Shutting down and abandoning module NavigationSystem (417)
[2019.12.29-15.04.01:399][ 29]LogModuleManager: Shutting down and abandoning module DesktopPlatform (414)
[2019.12.29-15.04.01:399][ 29]LogModuleManager: Shutting down and abandoning module ImageWriteQueue (412)
[2019.12.29-15.04.01:402][ 29]LogModuleManager: Shutting down and abandoning module ProfilerService (410)
[2019.12.29-15.04.01:458][ 29]LogModuleManager: Shutting down and abandoning module TaskGraph (408)
[2019.12.29-15.04.01:459][ 29]LogModuleManager: Shutting down and abandoning module SteamVRController (406)
[2019.12.29-15.04.01:459][ 29]LogModuleManager: Shutting down and abandoning module ProceduralMeshComponentEditor (404)
[2019.12.29-15.04.01:459][ 29]LogModuleManager: Shutting down and abandoning module ProceduralMeshComponent (402)
[2019.12.29-15.04.01:459][ 29]LogModuleManager: Shutting down and abandoning module OculusEditor (400)
[2019.12.29-15.04.01:459][ 29]LogModuleManager: Shutting down and abandoning module OculusInput (398)
[2019.12.29-15.04.01:459][ 29]LogModuleManager: Shutting down and abandoning module MobilePatchingUtils (396)
[2019.12.29-15.04.01:459][ 29]LogModuleManager: Shutting down and abandoning module EditableMesh (394)
[2019.12.29-15.04.01:459][ 29]LogModuleManager: Shutting down and abandoning module CustomMeshComponent (392)
[2019.12.29-15.04.01:459][ 29]LogModuleManager: Shutting down and abandoning module CableComponent (390)
[2019.12.29-15.04.01:459][ 29]LogModuleManager: Shutting down and abandoning module AudioCapture (388)
[2019.12.29-15.04.01:459][ 29]LogModuleManager: Shutting down and abandoning module ArchVisCharacter (386)
[2019.12.29-15.04.01:460][ 29]LogModuleManager: Shutting down and abandoning module AndroidPermission (384)
[2019.12.29-15.04.01:460][ 29]LogModuleManager: Shutting down and abandoning module NUTUnrealEngine4 (382)
[2019.12.29-15.04.01:460][ 29]LogModuleManager: Shutting down and abandoning module NetcodeUnitTest (380)
[2019.12.29-15.04.01:460][ 29]LogModuleManager: Shutting down and abandoning module MediaCompositing (378)
[2019.12.29-15.04.01:460][ 29]LogModuleManager: Shutting down and abandoning module LinearTimecode (376)
[2019.12.29-15.04.01:460][ 29]LogModuleManager: Shutting down and abandoning module ImgMedia (374)
[2019.12.29-15.04.01:460][ 29]LogModuleManager: Shutting down and abandoning module MagicLeapHelperVulkan (372)
[2019.12.29-15.04.01:460][ 29]LogModuleManager: Shutting down and abandoning module MagicLeapHelperOpenGL (370)
[2019.12.29-15.04.01:460][ 29]LogModuleManager: Shutting down and abandoning module MagicLeapAudio (368)
[2019.12.29-15.04.01:460][ 29]LogModuleManager: Shutting down and abandoning module HTML5Networking (366)
[2019.12.29-15.04.01:460][ 29]LogModuleManager: Shutting down and abandoning module GeometryCacheTracks (364)
[2019.12.29-15.04.01:460][ 29]LogModuleManager: Shutting down and abandoning module GeometryCacheSequencer (362)
[2019.12.29-15.04.01:460][ 29]LogModuleManager: Shutting down and abandoning module BackChannel (360)
[2019.12.29-15.04.01:460][ 29]LogModuleManager: Shutting down and abandoning module AppleVision (358)
[2019.12.29-15.04.01:460][ 29]LogModuleManager: Shutting down and abandoning module AppleImageUtilsBlueprintSupport (356)
[2019.12.29-15.04.01:460][ 29]LogModuleManager: Shutting down and abandoning module AppleImageUtils (354)
[2019.12.29-15.04.01:460][ 29]LogModuleManager: Shutting down and abandoning module AlembicImporter (352)
[2019.12.29-15.04.01:460][ 29]LogModuleManager: Shutting down and abandoning module AlembicLibrary (351)
[2019.12.29-15.04.01:460][ 29]LogModuleManager: Shutting down and abandoning module GeometryCache (350)
[2019.12.29-15.04.01:460][ 29]LogModuleManager: Shutting down and abandoning module GeometryCacheEd (349)
[2019.12.29-15.04.01:460][ 29]LogModuleManager: Shutting down and abandoning module VariantManagerContent (344)
[2019.12.29-15.04.01:460][ 29]LogModuleManager: Shutting down and abandoning module DatasmithContentEditor (342)
[2019.12.29-15.04.01:460][ 29]LogModuleManager: Shutting down and abandoning module SpeedTreeImporter (340)
[2019.12.29-15.04.01:460][ 29]LogModuleManager: Shutting down and abandoning module PluginBrowser (338)
[2019.12.29-15.04.01:460][ 29]LogModuleManager: Shutting down and abandoning module MobileLauncherProfileWizard (336)
[2019.12.29-15.04.01:461][ 29]LogModuleManager: Shutting down and abandoning module MaterialAnalyzer (334)
[2019.12.29-15.04.01:461][ 29]LogModuleManager: Shutting down and abandoning module CryptoKeysOpenSSL (332)
[2019.12.29-15.04.01:461][ 29]LogModuleManager: Shutting down and abandoning module CryptoKeys (330)
[2019.12.29-15.04.01:461][ 29]LogModuleManager: Shutting down and abandoning module VisualStudioSourceCodeAccess (328)
[2019.12.29-15.04.01:461][ 29]LogModuleManager: Shutting down and abandoning module VisualStudioCodeSourceCodeAccess (326)
[2019.12.29-15.04.01:461][ 29]LogModuleManager: Shutting down and abandoning module UObjectPlugin (324)
[2019.12.29-15.04.01:461][ 29]LogModuleManager: Shutting down and abandoning module SubversionSourceControl (322)
[2019.12.29-15.04.01:461][ 29]LogModuleManager: Shutting down and abandoning module PerforceSourceControl (320)
[2019.12.29-15.04.01:461][ 29]LogModuleManager: Shutting down and abandoning module GitSourceControl (318)
[2019.12.29-15.04.01:462][ 29]LogModuleManager: Shutting down and abandoning module SourceControl (317)
[2019.12.29-15.04.01:462][ 29]LogModuleManager: Shutting down and abandoning module CLionSourceCodeAccess (314)
[2019.12.29-15.04.01:462][ 29]LogModuleManager: Shutting down and abandoning module AnimationSharingEd (312)
[2019.12.29-15.04.01:462][ 29]LogModuleManager: Shutting down and abandoning module ActorLayerUtilitiesEditor (310)
[2019.12.29-15.04.01:462][ 29]LogModuleManager: Shutting down and abandoning module ActorLayerUtilities (308)
[2019.12.29-15.04.01:462][ 29]LogModuleManager: Shutting down and abandoning module LightPropagationVolumeEditor (306)
[2019.12.29-15.04.01:462][ 29]LogModuleManager: Shutting down and abandoning module PaperTiledImporter (304)
[2019.12.29-15.04.01:462][ 29]LogModuleManager: Shutting down and abandoning module PaperSpriteSheetImporter (302)
[2019.12.29-15.04.01:462][ 29]LogModuleManager: Shutting down and abandoning module Paper2DEditor (300)
[2019.12.29-15.04.01:463][ 29]LogModuleManager: Shutting down and abandoning module SignificanceManager (298)
[2019.12.29-15.04.01:463][ 29]LogModuleManager: Shutting down and abandoning module RuntimePhysXCooking (296)
[2019.12.29-15.04.01:463][ 29]LogModuleManager: Shutting down and abandoning module PhysXVehiclesEditor (294)
[2019.12.29-15.04.01:463][ 29]LogModuleManager: Shutting down and abandoning module PhysXVehicles (292)
[2019.12.29-15.04.01:463][ 29]LogModuleManager: Shutting down and abandoning module LocationServicesBPLibrary (290)
[2019.12.29-15.04.01:463][ 29]LogModuleManager: Shutting down and abandoning module ApexDestructionEditor (288)
[2019.12.29-15.04.01:463][ 29]LogModuleManager: Shutting down and abandoning module ApexDestruction (286)
[2019.12.29-15.04.01:463][ 29]LogModuleManager: Shutting down and abandoning module ActorSequence (284)
[2019.12.29-15.04.01:463][ 29]LogModuleManager: Shutting down and abandoning module UdpMessaging (282)
[2019.12.29-15.04.01:564][ 29]LogModuleManager: Shutting down and abandoning module TcpMessaging (280)
[2019.12.29-15.04.01:665][ 29]LogModuleManager: Shutting down and abandoning module MagicLeapIdentity (278)
[2019.12.29-15.04.01:665][ 29]LogModuleManager: Shutting down and abandoning module MagicLeapSecureStorage (276)
[2019.12.29-15.04.01:665][ 29]LogModuleManager: Shutting down and abandoning module MagicLeapHandTracking (274)
[2019.12.29-15.04.01:665][ 29]LogModuleManager: Shutting down and abandoning module MagicLeapEyeTracker (272)
[2019.12.29-15.04.01:665][ 29]LogModuleManager: Shutting down and abandoning module MagicLeapController (270)
[2019.12.29-15.04.01:665][ 29]LogSlate: Slate User Destroyed.  User Index 0, Is Virtual User: 0
[2019.12.29-15.04.01:665][ 29]LogSlate: Slate User Destroyed.  User Index 8, Is Virtual User: 1
[2019.12.29-15.04.01:665][ 29]LogModuleManager: Shutting down and abandoning module MagicLeapAR (268)
[2019.12.29-15.04.01:665][ 29]LogModuleManager: Shutting down and abandoning module AugmentedReality (267)
[2019.12.29-15.04.01:665][ 29]LogModuleManager: Shutting down and abandoning module GameplayTagsEditor (264)
[2019.12.29-15.04.01:665][ 29]LogModuleManager: Shutting down and abandoning module FacialAnimationEditor (262)
[2019.12.29-15.04.01:665][ 29]LogModuleManager: Shutting down and abandoning module FacialAnimation (260)
[2019.12.29-15.04.01:665][ 29]LogModuleManager: Shutting down and abandoning module DataValidation (258)
[2019.12.29-15.04.01:665][ 29]LogModuleManager: Shutting down and abandoning module AssetManagerEditor (256)
[2019.12.29-15.04.01:666][ 29]LogModuleManager: Shutting down and abandoning module LevelEditor (255)
[2019.12.29-15.04.01:666][ 29]LogModuleManager: Shutting down and abandoning module PixelInspectorModule (254)
[2019.12.29-15.04.01:666][ 29]LogModuleManager: Shutting down and abandoning module CommonMenuExtensions (252)
[2019.12.29-15.04.01:666][ 29]LogModuleManager: Shutting down and abandoning module MainFrame (250)
[2019.12.29-15.04.01:666][ 29]LogModuleManager: Shutting down and abandoning module HotReload (249)
[2019.12.29-15.04.01:667][ 29]LogModuleManager: Shutting down and abandoning module ContentBrowser (245)
[2019.12.29-15.04.01:668][ 29]LogModuleManager: Shutting down and abandoning module TreeMap (243)
[2019.12.29-15.04.01:668][ 29]LogModuleManager: Shutting down and abandoning module AnimationSharing (240)
[2019.12.29-15.04.01:668][ 29]LogModuleManager: Shutting down and abandoning module LightPropagationVolumeRuntime (238)
[2019.12.29-15.04.01:668][ 29]LogModuleManager: Shutting down and abandoning module AISupportModule (236)
[2019.12.29-15.04.01:668][ 29]LogModuleManager: Shutting down and abandoning module Paper2D (234)
[2019.12.29-15.04.01:668][ 29]LogModuleManager: Shutting down and abandoning module WindowsMoviePlayer (232)
[2019.12.29-15.04.01:668][ 29]LogModuleManager: Shutting down and abandoning module WebMMoviePlayer (230)
[2019.12.29-15.04.01:668][ 29]LogModuleManager: Shutting down and abandoning module PacketHandler (228)
[2019.12.29-15.04.01:668][ 29]LogModuleManager: Shutting down and abandoning module ClothingSystemEditor (226)
[2019.12.29-15.04.01:668][ 29]LogModuleManager: Shutting down and abandoning module ClothingSystemRuntime (224)
[2019.12.29-15.04.01:668][ 29]LogModuleManager: Shutting down and abandoning module MediaAssets (222)
[2019.12.29-15.04.01:669][ 29]LogModuleManager: Shutting down and abandoning module Overlay (220)
[2019.12.29-15.04.01:669][ 29]LogModuleManager: Shutting down and abandoning module OverlayEditor (219)
[2019.12.29-15.04.01:669][ 29]LogModuleManager: Shutting down and abandoning module VREditor (216)
[2019.12.29-15.04.01:669][ 29]LogModuleManager: Shutting down and abandoning module StringTableEditor (214)
[2019.12.29-15.04.01:670][ 29]LogModuleManager: Shutting down and abandoning module GameplayTasksEditor (212)
[2019.12.29-15.04.01:670][ 29]LogModuleManager: Shutting down and abandoning module BehaviorTreeEditor (210)
[2019.12.29-15.04.01:670][ 29]LogModuleManager: Shutting down and abandoning module FunctionalTesting (208)
[2019.12.29-15.04.01:670][ 29]LogModuleManager: Shutting down and abandoning module CollisionAnalyzer (206)
[2019.12.29-15.04.01:670][ 29]LogModuleManager: Shutting down and abandoning module WorkspaceMenuStructure (205)
[2019.12.29-15.04.01:671][ 29]LogModuleManager: Shutting down and abandoning module UMG (202)
[2019.12.29-15.04.01:671][ 29]LogModuleManager: Shutting down and abandoning module UMGEditor (201)
[2019.12.29-15.04.01:671][ 29]LogModuleManager: Shutting down and abandoning module Sequencer (200)
[2019.12.29-15.04.01:672][ 29]LogModuleManager: Shutting down and abandoning module MessageLog (197)
[2019.12.29-15.04.01:672][ 29]LogModuleManager: Shutting down and abandoning module SlateReflector (192)
[2019.12.29-15.04.01:673][ 29]LogModuleManager: Shutting down and abandoning module Slate (190)
[2019.12.29-15.04.01:673][ 29]LogModuleManager: Shutting down and abandoning module EditorStyle (188)
[2019.12.29-15.04.01:675][ 29]LogModuleManager: Shutting down and abandoning module UnrealEd (186)
[2019.12.29-15.04.01:675][ 29]LogModuleManager: Shutting down and abandoning module MRMesh (184)
[2019.12.29-15.04.01:675][ 29]LogModuleManager: Shutting down and abandoning module SourceCodeAccess (182)
[2019.12.29-15.04.01:675][ 29]LogModuleManager: Shutting down and abandoning module HeadMountedDisplay (180)
[2019.12.29-15.04.01:675][ 29]LogModuleManager: Shutting down and abandoning module XAudio2 (178)
[2019.12.29-15.04.01:675][ 29]LogModuleManager: Shutting down and abandoning module Networking (176)
[2019.12.29-15.04.01:675][ 29]LogModuleManager: Shutting down and abandoning module Core (174)
[2019.12.29-15.04.01:675][ 29]LogModuleManager: Shutting down and abandoning module KismetCompiler (172)
[2019.12.29-15.04.01:675][ 29]LogModuleManager: Shutting down and abandoning module MeshUtilities (170)
[2019.12.29-15.04.01:675][ 29]LogModuleManager: Shutting down and abandoning module MeshMergeUtilities (169)
[2019.12.29-15.04.01:676][ 29]LogModuleManager: Shutting down and abandoning module MeshReductionInterface (168)
[2019.12.29-15.04.01:676][ 29]LogModuleManager: Shutting down and abandoning module SkeletalMeshReduction (167)
[2019.12.29-15.04.01:676][ 29]LogModuleManager: Shutting down and abandoning module ProxyLODMeshReduction (165)
[2019.12.29-15.04.01:677][ 29]LogModuleManager: Shutting down and abandoning module QuadricMeshReduction (163)
[2019.12.29-15.04.01:677][ 29]LogModuleManager: Shutting down and abandoning module MaterialBaking (159)
[2019.12.29-15.04.01:677][ 29]LogModuleManager: Shutting down and abandoning module DerivedDataCache (154)
[2019.12.29-15.04.02:120][ 29]LogDerivedDataCache: Shutdown
[2019.12.29-15.04.02:120][ 29]LogModuleManager: Shutting down and abandoning module XGEController (152)
[2019.12.29-15.04.02:120][ 29]LogModuleManager: Shutting down and abandoning module TargetPlatform (150)
[2019.12.29-15.04.02:120][ 29]LogModuleManager: Shutting down and abandoning module VulkanShaderFormat (149)
[2019.12.29-15.04.02:120][ 29]LogModuleManager: Shutting down and abandoning module ShaderFormatVectorVM (147)
[2019.12.29-15.04.02:120][ 29]LogModuleManager: Shutting down and abandoning module ShaderFormatOpenGL (145)
[2019.12.29-15.04.02:121][ 29]LogModuleManager: Shutting down and abandoning module ShaderFormatD3D (143)
[2019.12.29-15.04.02:121][ 29]LogModuleManager: Shutting down and abandoning module MetalShaderFormat (141)
[2019.12.29-15.04.02:121][ 29]LogModuleManager: Shutting down and abandoning module TextureFormatUncompressed (139)
[2019.12.29-15.04.02:121][ 29]LogModuleManager: Shutting down and abandoning module TextureFormatPVR (137)
[2019.12.29-15.04.02:121][ 29]LogModuleManager: Shutting down and abandoning module TextureFormatDXT (135)
[2019.12.29-15.04.02:121][ 29]LogModuleManager: Shutting down and abandoning module TextureFormatIntelISPCTexComp (133)
[2019.12.29-15.04.02:121][ 29]LogModuleManager: Shutting down and abandoning module TextureFormatASTC (131)
[2019.12.29-15.04.02:121][ 29]LogModuleManager: Shutting down and abandoning module ImageWrapper (130)
[2019.12.29-15.04.02:121][ 29]LogModuleManager: Shutting down and abandoning module TextureFormatAndroid (127)
[2019.12.29-15.04.02:121][ 29]LogModuleManager: Shutting down and abandoning module AudioFormatOpus (125)
[2019.12.29-15.04.02:122][ 29]LogModuleManager: Shutting down and abandoning module AudioFormatOgg (123)
[2019.12.29-15.04.02:122][ 29]LogModuleManager: Shutting down and abandoning module AudioFormatADPCM (121)
[2019.12.29-15.04.02:122][ 29]LogModuleManager: Shutting down and abandoning module LuminTargetPlatform (119)
[2019.12.29-15.04.02:124][ 29]LogModuleManager: Shutting down and abandoning module LinuxTargetPlatform (117)
[2019.12.29-15.04.02:124][ 29]LogModuleManager: Shutting down and abandoning module LinuxServerTargetPlatform (115)
[2019.12.29-15.04.02:124][ 29]LogModuleManager: Shutting down and abandoning module LinuxNoEditorTargetPlatform (113)
[2019.12.29-15.04.02:124][ 29]LogModuleManager: Shutting down and abandoning module LinuxClientTargetPlatform (111)
[2019.12.29-15.04.02:124][ 29]LogModuleManager: Shutting down and abandoning module TVOSTargetPlatform (109)
[2019.12.29-15.04.02:126][ 29]LogModuleManager: Shutting down and abandoning module Messaging (107)
[2019.12.29-15.04.02:126][ 29]LogModuleManager: Shutting down and abandoning module IOSTargetPlatform (105)
[2019.12.29-15.04.02:128][ 29]LogModuleManager: Shutting down and abandoning module HTML5TargetPlatform (103)
[2019.12.29-15.04.02:128][ 29]LogModuleManager: Shutting down and abandoning module AndroidTargetPlatform (101)
[2019.12.29-15.04.02:140][ 29]LogModuleManager: Shutting down and abandoning module WindowsTargetPlatform (99)
[2019.12.29-15.04.02:140][ 29]LogModuleManager: Shutting down and abandoning module WindowsServerTargetPlatform (97)
[2019.12.29-15.04.02:140][ 29]LogModuleManager: Shutting down and abandoning module WindowsNoEditorTargetPlatform (95)
[2019.12.29-15.04.02:141][ 29]LogModuleManager: Shutting down and abandoning module WindowsClientTargetPlatform (93)
[2019.12.29-15.04.02:141][ 29]LogModuleManager: Shutting down and abandoning module MacTargetPlatform (91)
[2019.12.29-15.04.02:141][ 29]LogModuleManager: Shutting down and abandoning module MacServerTargetPlatform (89)
[2019.12.29-15.04.02:141][ 29]LogModuleManager: Shutting down and abandoning module MacNoEditorTargetPlatform (87)
[2019.12.29-15.04.02:141][ 29]LogModuleManager: Shutting down and abandoning module MacClientTargetPlatform (85)
[2019.12.29-15.04.02:141][ 29]LogModuleManager: Shutting down and abandoning module AllDesktopTargetPlatform (83)
[2019.12.29-15.04.02:141][ 29]LogModuleManager: Shutting down and abandoning module InputCore (80)
[2019.12.29-15.04.02:141][ 29]LogModuleManager: Shutting down and abandoning module Settings (78)
[2019.12.29-15.04.02:141][ 29]LogModuleManager: Shutting down and abandoning module DirectoryWatcher (76)
[2019.12.29-15.04.02:141][ 29]LogModuleManager: Shutting down and abandoning module PhysXCooking (74)
[2019.12.29-15.04.02:142][ 29]LogModuleManager: Shutting down and abandoning module SteamVR (72)
[2019.12.29-15.04.02:142][ 29]LogHMD: Freeing OpenVRDLLHandle.
[2019.12.29-15.04.02:142][ 29]LogModuleManager: Shutting down and abandoning module OculusHMD (70)
[2019.12.29-15.04.02:143][ 29]LogModuleManager: Shutting down and abandoning module ExampleDeviceProfileSelector (68)
[2019.12.29-15.04.02:143][ 29]LogModuleManager: Shutting down and abandoning module LauncherChunkInstaller (66)
[2019.12.29-15.04.02:143][ 29]LogModuleManager: Shutting down and abandoning module OnlineBlueprintSupport (64)
[2019.12.29-15.04.02:143][ 29]LogModuleManager: Shutting down and abandoning module OnlineSubsystem (60)
[2019.12.29-15.04.02:145][ 29]LogModuleManager: Shutting down and abandoning module XMPP (55)
[2019.12.29-15.04.02:146][ 29]LogModuleManager: Shutting down and abandoning module WebSockets (54)
[2019.12.29-15.04.02:167][ 29]LogModuleManager: Shutting down and abandoning module HTTP (51)
[2019.12.29-15.04.02:167][ 29]LogHttp: Display: Http module shutting down, but needs to wait on 1 outstanding Http requests:
[2019.12.29-15.04.02:167][ 29]LogHttp: Display: 	verb=[POST] url=[https://datarouter.ol.epicgames.com/datarouter/api/v1/public/data?SessionID=%7BDBA2512F-4F4D-EF21-189F-14B8B83ACD9B%7D&AppID=UEEditor.Rocket.Release&AppVersion=4.22.3-7053642%2B%2B%2BUE4%2BRelease-4.22&UserID=e4225ec249238231b78665b6db195bc6%7Cb169f6784cc748ba87e803e00f302358%7C23e8ac8b-f436-4429-9199-b2a6e2cf7ad0&AppEnvironment=datacollector-binary&UploadType=eteventstream] status=Processing
[2019.12.29-15.04.02:181][ 29]LogModuleManager: Shutting down and abandoning module SSL (50)
[2019.12.29-15.04.02:183][ 29]LogModuleManager: Shutting down and abandoning module WmfMedia (46)
[2019.12.29-15.04.02:188][ 29]LogModuleManager: Shutting down and abandoning module Media (45)
[2019.12.29-15.04.02:196][ 29]LogModuleManager: Shutting down and abandoning module MagicLeap (42)
[2019.12.29-15.04.02:196][ 29]LogModuleManager: Shutting down and abandoning module DatasmithContent (40)
[2019.12.29-15.04.02:197][ 29]LogModuleManager: Shutting down and abandoning module AnimationModifiers (38)
[2019.12.29-15.04.02:198][ 29]LogModuleManager: Shutting down and abandoning module PropertyEditor (37)
[2019.12.29-15.04.02:198][ 29]LogModuleManager: Shutting down and abandoning module AudioEditor (34)
[2019.12.29-15.04.02:199][ 29]LogModuleManager: Shutting down and abandoning module TextureCompressor (32)
[2019.12.29-15.04.02:199][ 29]LogModuleManager: Shutting down and abandoning module RenderCore (30)
[2019.12.29-15.04.02:199][ 29]LogModuleManager: Shutting down and abandoning module Landscape (28)
[2019.12.29-15.04.02:199][ 29]LogModuleManager: Shutting down and abandoning module SlateRHIRenderer (26)
[2019.12.29-15.04.02:200][ 29]LogModuleManager: Shutting down and abandoning module OpenGLDrv (24)
[2019.12.29-15.04.02:200][ 29]LogModuleManager: Shutting down and abandoning module D3D11RHI (22)
[2019.12.29-15.04.02:200][ 29]LogModuleManager: Shutting down and abandoning module AnimGraphRuntime (20)
[2019.12.29-15.04.02:200][ 29]LogModuleManager: Shutting down and abandoning module Renderer (18)
[2019.12.29-15.04.02:200][ 29]LogModuleManager: Shutting down and abandoning module Engine (16)
[2019.12.29-15.04.02:200][ 29]LogModuleManager: Shutting down and abandoning module CoreUObject (14)
[2019.12.29-15.04.02:200][ 29]LogModuleManager: Shutting down and abandoning module NetworkFile (12)
[2019.12.29-15.04.02:201][ 29]LogModuleManager: Shutting down and abandoning module CookedIterativeFile (10)
[2019.12.29-15.04.02:201][ 29]LogModuleManager: Shutting down and abandoning module StreamingFile (8)
[2019.12.29-15.04.02:201][ 29]LogModuleManager: Shutting down and abandoning module SandboxFile (6)
[2019.12.29-15.04.02:201][ 29]LogModuleManager: Shutting down and abandoning module PakFile (4)
[2019.12.29-15.04.02:201][ 29]LogModuleManager: Shutting down and abandoning module RSA (3)
[2019.12.29-15.04.02:220][ 29]LogExit: Exiting.
[2019.12.29-15.04.02:285][ 29]Log file closed, 12/29/19 18:04:02
