Log file open, 12/28/19 21:21:15
LogWindows: Failed to load 'aqProf.dll' (GetLastError=126)
LogWindows: File 'aqProf.dll' does not exist
LogWindows: Failed to load 'VtuneApi.dll' (GetLastError=126)
LogWindows: File 'VtuneApi.dll' does not exist
LogWindows: Failed to load 'VtuneApi32e.dll' (GetLastError=126)
LogWindows: File 'VtuneApi32e.dll' does not exist
LogConsoleResponse: Display: Failed to find resolution value strings in scalability ini. Falling back to default.
LogInit: Display: Running engine for game: SpaceWar
LogPakFile: Registered encryption key '00000000000000000000000000000000': 0 pak files mounted, 0 remain pending
LogPlatformFile: Not using cached read wrapper
LogTaskGraph: Started task graph with 5 named threads and 23 total threads with 3 sets of task threads.
LogStats: Stats thread started at 0.299964
LogD3D11RHI: Loaded GFSDK_Aftermath_Lib.x64.dll
LogICUInternationalization: ICU TimeZone Detection - Raw Offset: +3:00, Platform Override: ''
LogPluginManager: Mounting plugin Paper2D
LogPluginManager: Mounting plugin AISupport
LogPluginManager: Mounting plugin LightPropagationVolume
LogPluginManager: Mounting plugin ActorLayerUtilities
LogPluginManager: Mounting plugin AnimationSharing
LogPluginManager: Mounting plugin CLionSourceCodeAccess
LogPluginManager: Mounting plugin CodeLiteSourceCodeAccess
LogPluginManager: Mounting plugin GitSourceControl
LogPluginManager: Mounting plugin KDevelopSourceCodeAccess
LogPluginManager: Mounting plugin NullSourceCodeAccess
LogPluginManager: Mounting plugin PerforceSourceControl
LogPluginManager: Mounting plugin SubversionSourceControl
LogPluginManager: Mounting plugin UObjectPlugin
LogPluginManager: Mounting plugin VisualStudioCodeSourceCodeAccess
LogPluginManager: Mounting plugin VisualStudioSourceCodeAccess
LogPluginManager: Mounting plugin XCodeSourceCodeAccess
LogPluginManager: Mounting plugin AssetManagerEditor
LogPluginManager: Mounting plugin CryptoKeys
LogPluginManager: Mounting plugin DataValidation
LogPluginManager: Mounting plugin FacialAnimation
LogPluginManager: Mounting plugin GameplayTagsEditor
LogPluginManager: Mounting plugin MacGraphicsSwitching
LogPluginManager: Mounting plugin MaterialAnalyzer
LogPluginManager: Mounting plugin MobileLauncherProfileWizard
LogPluginManager: Mounting plugin PluginBrowser
LogPluginManager: Mounting plugin SpeedTreeImporter
LogPluginManager: Mounting plugin DatasmithContent
LogPluginManager: Mounting plugin VariantManagerContent
LogPluginManager: Mounting plugin AlembicImporter
LogPluginManager: Mounting plugin AppleImageUtils
LogPluginManager: Mounting plugin AppleVision
LogPluginManager: Mounting plugin BackChannel
LogPluginManager: Mounting plugin CharacterAI
LogPluginManager: Mounting plugin GeometryCache
LogPluginManager: Mounting plugin HTML5Networking
LogPluginManager: Mounting plugin ProxyLODPlugin
LogPluginManager: Mounting plugin SkeletalReduction
LogPluginManager: Mounting plugin MagicLeap
LogPluginManager: Mounting plugin MagicLeapMedia
LogPluginManager: Mounting plugin AndroidMedia
LogPluginManager: Mounting plugin AvfMedia
LogPluginManager: Mounting plugin ImgMedia
LogPluginManager: Mounting plugin LinearTimecode
LogPluginManager: Mounting plugin MediaCompositing
LogPluginManager: Mounting plugin MediaPlayerEditor
LogPluginManager: Mounting plugin WebMMedia
LogPluginManager: Mounting plugin WmfMedia
LogPluginManager: Mounting plugin TcpMessaging
LogPluginManager: Mounting plugin UdpMessaging
LogPluginManager: Mounting plugin ActorSequence
LogPluginManager: Mounting plugin LevelSequenceEditor
LogPluginManager: Mounting plugin MatineeToLevelSequence
LogPluginManager: Mounting plugin NetcodeUnitTest
LogPluginManager: Mounting plugin NUTUnrealEngine4
LogPluginManager: Mounting plugin OnlineSubsystemGooglePlay
LogPluginManager: Mounting plugin OnlineSubsystemIOS
LogPluginManager: Mounting plugin OnlineSubsystem
LogPluginManager: Mounting plugin OnlineSubsystemNull
LogPluginManager: Mounting plugin OnlineSubsystemUtils
LogPluginManager: Mounting plugin LauncherChunkInstaller
LogPluginManager: Mounting plugin AndroidDeviceProfileSelector
LogPluginManager: Mounting plugin AndroidMoviePlayer
LogPluginManager: Mounting plugin AndroidPermission
LogPluginManager: Mounting plugin ApexDestruction
LogPluginManager: Mounting plugin AppleMoviePlayer
LogPluginManager: Mounting plugin ArchVisCharacter
LogPluginManager: Mounting plugin AudioCapture
LogPluginManager: Mounting plugin CableComponent
LogPluginManager: Mounting plugin CustomMeshComponent
LogPluginManager: Mounting plugin EditableMesh
LogPluginManager: Mounting plugin ExampleDeviceProfileSelector
LogPluginManager: Mounting plugin Firebase
LogPluginManager: Mounting plugin GoogleCloudMessaging
LogPluginManager: Mounting plugin IOSDeviceProfileSelector
LogPluginManager: Mounting plugin LinuxDeviceProfileSelector
LogPluginManager: Mounting plugin LocationServicesBPLibrary
LogPluginManager: Mounting plugin MobilePatchingUtils
LogPluginManager: Mounting plugin OculusVR
LogPluginManager: Mounting plugin PhysXVehicles
LogPluginManager: Mounting plugin ProceduralMeshComponent
LogPluginManager: Mounting plugin RuntimePhysXCooking
LogPluginManager: Mounting plugin SignificanceManager
LogPluginManager: Mounting plugin SteamVR
LogPluginManager: Mounting plugin WebMMoviePlayer
LogPluginManager: Mounting plugin WindowsMoviePlayer
LogInit: Using libcurl 7.55.1-DEV
LogInit:  - built for x86_64-pc-win32
LogInit:  - supports SSL with OpenSSL/1.1.1
LogInit:  - supports HTTP deflate (compression) using libz 1.2.8
LogInit:  - other features:
LogInit:      CURL_VERSION_SSL
LogInit:      CURL_VERSION_LIBZ
LogInit:      CURL_VERSION_IPV6
LogInit:      CURL_VERSION_ASYNCHDNS
LogInit:      CURL_VERSION_LARGEFILE
LogInit:      CURL_VERSION_IDN
LogInit:  CurlRequestOptions (configurable via config and command line):
LogInit:  - bVerifyPeer = true  - Libcurl will verify peer certificate
LogInit:  - bUseHttpProxy = false  - Libcurl will NOT use HTTP proxy
LogInit:  - bDontReuseConnections = false  - Libcurl will reuse connections
LogInit:  - MaxHostConnections = 16  - Libcurl will limit the number of connections to a host
LogInit:  - LocalHostAddr = Default
LogInit:  - BufferSize = 65536
LogInit: WinSock: version 1.1 (2.2), MaxSocks=32767, MaxUdp=65467
LogInit: Build: ++UE4+Release-4.22-CL-7053642
LogInit: Engine Version: 4.22.3-7053642+++UE4+Release-4.22
LogInit: Compatible Engine Version: 4.22.0-5660361+++UE4+Release-4.22
LogInit: Net CL: 5660361
LogInit: OS: Windows 10 (Release 1803) (), CPU: Intel(R) Core(TM) i7-8550U CPU @ 1.80GHz, GPU: Intel(R) UHD Graphics 620
LogInit: Compiled (64-bit): Jun 18 2019 03:09:11
LogInit: Compiled with Visual C++: 19.16.27025.01
LogInit: Build Configuration: Development
LogInit: Branch Name: ++UE4+Release-4.22
LogInit: Command Line: 
LogInit: Base Directory: C:/Program Files/Epic Games/UE_4.22/Engine/Binaries/Win64/
LogInit: Installed Engine Build: 1
LogDevObjectVersion: Number of dev versions registered: 23
LogDevObjectVersion:   Dev-Blueprints (B0D832E4-1F89-4F0D-ACCF-7EB736FD4AA2): 10
LogDevObjectVersion:   Dev-Build (E1C64328-A22C-4D53-A36C-8E866417BD8C): 0
LogDevObjectVersion:   Dev-Core (375EC13C-06E4-48FB-B500-84F0262A717E): 3
LogDevObjectVersion:   Dev-Editor (E4B068ED-F494-42E9-A231-DA0B2E46BB41): 30
LogDevObjectVersion:   Dev-Framework (CFFC743F-43B0-4480-9391-14DF171D2073): 35
LogDevObjectVersion:   Dev-Mobile (B02B49B5-BB20-44E9-A304-32B752E40360): 2
LogDevObjectVersion:   Dev-Networking (A4E4105C-59A1-49B5-A7C5-40C4547EDFEE): 0
LogDevObjectVersion:   Dev-Online (39C831C9-5AE6-47DC-9A44-9C173E1C8E7C): 0
LogDevObjectVersion:   Dev-Physics (78F01B33-EBEA-4F98-B9B4-84EACCB95AA2): 0
LogDevObjectVersion:   Dev-Platform (6631380F-2D4D-43E0-8009-CF276956A95A): 0
LogDevObjectVersion:   Dev-Rendering (12F88B9F-8875-4AFC-A67C-D90C383ABD29): 28
LogDevObjectVersion:   Dev-Sequencer (7B5AE74C-D270-4C10-A958-57980B212A5A): 11
LogDevObjectVersion:   Dev-VR (D7296918-1DD6-4BDD-9DE2-64A83CC13884): 2
LogDevObjectVersion:   Dev-LoadTimes (C2A15278-BFE7-4AFE-6C17-90FF531DF755): 1
LogDevObjectVersion:   Private-Geometry (6EACA3D4-40EC-4CC1-B786-8BED09428FC5): 3
LogDevObjectVersion:   Dev-AnimPhys (29E575DD-E0A3-4627-9D10-D276232CDCEA): 17
LogDevObjectVersion:   Dev-Anim (AF43A65D-7FD3-4947-9873-3E8ED9C1BB05): 2
LogDevObjectVersion:   Dev-ReflectionCapture (6B266CEC-1EC7-4B8F-A30B-E4D90942FC07): 1
LogDevObjectVersion:   Dev-Automation (0DF73D61-A23F-47EA-B727-89E90C41499A): 1
LogDevObjectVersion:   FortniteMain (601D1886-AC64-4F84-AA16-D3DE0DEAC7D6): 25
LogDevObjectVersion:   Dev-Enterprise (9DFFBCD6-494F-0158-E221-12823C92A888): 6
LogDevObjectVersion:   Dev-Niagara (F2AED0AC-9AFE-416F-8664-AA7FFA26D6FC): 1
LogDevObjectVersion:   Dev-Destruction (174F1F0B-B4C6-45A5-B13F-2EE8D0FB917D): 2
LogInit: Presizing for max 16777216 objects, including 0 objects not considered by GC, pre-allocating 0 bytes for permanent pool.
LogInit: Object subsystem initialized
LogConfig: Setting CVar [[con.DebugEarlyDefault:1]]
LogConfig: Setting CVar [[r.setres:1280x720]]
[2019.12.28-18.21.15:570][  0]LogConfig: Setting CVar [[r.VSync:0]]
[2019.12.28-18.21.15:570][  0]LogConfig: Setting CVar [[r.RHICmdBypass:0]]
[2019.12.28-18.21.15:570][  0]LogConfig: Applying CVar settings from Section [/Script/Engine.RendererSettings] File [D:/study/4_course/AKG/NewEra/SpaceWar/Saved/Config/Windows/Engine.ini]
[2019.12.28-18.21.15:570][  0]LogConfig: Setting CVar [[r.GPUCrashDebugging:0]]
[2019.12.28-18.21.15:570][  0]LogConfig: Applying CVar settings from Section [/Script/Engine.RendererOverrideSettings] File [D:/study/4_course/AKG/NewEra/SpaceWar/Saved/Config/Windows/Engine.ini]
[2019.12.28-18.21.15:570][  0]LogConfig: Applying CVar settings from Section [/Script/Engine.StreamingSettings] File [D:/study/4_course/AKG/NewEra/SpaceWar/Saved/Config/Windows/Engine.ini]
[2019.12.28-18.21.15:570][  0]LogConfig: Setting CVar [[s.MinBulkDataSizeForAsyncLoading:131072]]
[2019.12.28-18.21.15:570][  0]LogConfig: Setting CVar [[s.AsyncLoadingThreadEnabled:0]]
[2019.12.28-18.21.15:570][  0]LogConfig: Setting CVar [[s.EventDrivenLoaderEnabled:1]]
[2019.12.28-18.21.15:570][  0]LogConfig: Setting CVar [[s.WarnIfTimeLimitExceeded:0]]
[2019.12.28-18.21.15:570][  0]LogConfig: Setting CVar [[s.TimeLimitExceededMultiplier:1.5]]
[2019.12.28-18.21.15:570][  0]LogConfig: Setting CVar [[s.TimeLimitExceededMinTime:0.005]]
[2019.12.28-18.21.15:570][  0]LogConfig: Setting CVar [[s.UseBackgroundLevelStreaming:1]]
[2019.12.28-18.21.15:570][  0]LogConfig: Setting CVar [[s.PriorityAsyncLoadingExtraTime:15.0]]
[2019.12.28-18.21.15:570][  0]LogConfig: Setting CVar [[s.LevelStreamingActorsUpdateTimeLimit:5.0]]
[2019.12.28-18.21.15:570][  0]LogConfig: Setting CVar [[s.PriorityLevelStreamingActorsUpdateExtraTime:5.0]]
[2019.12.28-18.21.15:570][  0]LogConfig: Setting CVar [[s.LevelStreamingComponentsRegistrationGranularity:10]]
[2019.12.28-18.21.15:570][  0]LogConfig: Setting CVar [[s.UnregisterComponentsTimeLimit:1.0]]
[2019.12.28-18.21.15:570][  0]LogConfig: Setting CVar [[s.LevelStreamingComponentsUnregistrationGranularity:5]]
[2019.12.28-18.21.15:570][  0]LogConfig: Applying CVar settings from Section [/Script/Engine.GarbageCollectionSettings] File [D:/study/4_course/AKG/NewEra/SpaceWar/Saved/Config/Windows/Engine.ini]
[2019.12.28-18.21.15:570][  0]LogConfig: Setting CVar [[gc.MaxObjectsNotConsideredByGC:1]]
[2019.12.28-18.21.15:570][  0]LogConfig: Setting CVar [[gc.SizeOfPermanentObjectPool:0]]
[2019.12.28-18.21.15:570][  0]LogConfig: Setting CVar [[gc.FlushStreamingOnGC:0]]
[2019.12.28-18.21.15:570][  0]LogConfig: Setting CVar [[gc.NumRetriesBeforeForcingGC:10]]
[2019.12.28-18.21.15:570][  0]LogConfig: Setting CVar [[gc.AllowParallelGC:1]]
[2019.12.28-18.21.15:570][  0]LogConfig: Setting CVar [[gc.TimeBetweenPurgingPendingKillObjects:61.1]]
[2019.12.28-18.21.15:570][  0]LogConfig: Setting CVar [[gc.MaxObjectsInEditor:16777216]]
[2019.12.28-18.21.15:570][  0]LogConfig: Setting CVar [[gc.IncrementalBeginDestroyEnabled:1]]
[2019.12.28-18.21.15:570][  0]LogConfig: Setting CVar [[gc.CreateGCClusters:1]]
[2019.12.28-18.21.15:570][  0]LogConfig: Setting CVar [[gc.MinGCClusterSize:5]]
[2019.12.28-18.21.15:570][  0]LogConfig: Setting CVar [[gc.ActorClusteringEnabled:0]]
[2019.12.28-18.21.15:570][  0]LogConfig: Setting CVar [[gc.BlueprintClusteringEnabled:0]]
[2019.12.28-18.21.15:571][  0]LogConfig: Setting CVar [[gc.UseDisregardForGCOnDedicatedServers:0]]
[2019.12.28-18.21.15:571][  0]LogConfig: Applying CVar settings from Section [/Script/Engine.NetworkSettings] File [D:/study/4_course/AKG/NewEra/SpaceWar/Saved/Config/Windows/Engine.ini]
[2019.12.28-18.21.15:571][  0]LogConfig: Applying CVar settings from Section [/Script/UnrealEd.CookerSettings] File [D:/study/4_course/AKG/NewEra/SpaceWar/Saved/Config/Windows/Engine.ini]
[2019.12.28-18.21.15:574][  0]LogConfig: Applying CVar settings from Section [ViewDistanceQuality@3] File [D:/study/4_course/AKG/NewEra/SpaceWar/Saved/Config/Windows/Scalability.ini]
[2019.12.28-18.21.15:574][  0]LogConfig: Setting CVar [[r.SkeletalMeshLODBias:0]]
[2019.12.28-18.21.15:575][  0]LogConfig: Setting CVar [[r.ViewDistanceScale:1.0]]
[2019.12.28-18.21.15:575][  0]LogConfig: Applying CVar settings from Section [AntiAliasingQuality@3] File [D:/study/4_course/AKG/NewEra/SpaceWar/Saved/Config/Windows/Scalability.ini]
[2019.12.28-18.21.15:575][  0]LogConfig: Setting CVar [[r.PostProcessAAQuality:4]]
[2019.12.28-18.21.15:575][  0]LogConfig: Applying CVar settings from Section [ShadowQuality@3] File [D:/study/4_course/AKG/NewEra/SpaceWar/Saved/Config/Windows/Scalability.ini]
[2019.12.28-18.21.15:575][  0]LogConfig: Setting CVar [[r.LightFunctionQuality:1]]
[2019.12.28-18.21.15:575][  0]LogConfig: Setting CVar [[r.ShadowQuality:5]]
[2019.12.28-18.21.15:575][  0]LogConfig: Setting CVar [[r.Shadow.CSM.MaxCascades:10]]
[2019.12.28-18.21.15:575][  0]LogConfig: Setting CVar [[r.Shadow.MaxResolution:2048]]
[2019.12.28-18.21.15:575][  0]LogConfig: Setting CVar [[r.Shadow.MaxCSMResolution:2048]]
[2019.12.28-18.21.15:575][  0]LogConfig: Setting CVar [[r.Shadow.RadiusThreshold:0.01]]
[2019.12.28-18.21.15:575][  0]LogConfig: Setting CVar [[r.Shadow.DistanceScale:1.0]]
[2019.12.28-18.21.15:575][  0]LogConfig: Setting CVar [[r.Shadow.CSM.TransitionScale:1.0]]
[2019.12.28-18.21.15:575][  0]LogConfig: Setting CVar [[r.Shadow.PreShadowResolutionFactor:1.0]]
[2019.12.28-18.21.15:575][  0]LogConfig: Setting CVar [[r.DistanceFieldShadowing:1]]
[2019.12.28-18.21.15:575][  0]LogConfig: Setting CVar [[r.DistanceFieldAO:1]]
[2019.12.28-18.21.15:575][  0]LogConfig: Setting CVar [[r.AOQuality:2]]
[2019.12.28-18.21.15:575][  0]LogConfig: Setting CVar [[r.VolumetricFog:1]]
[2019.12.28-18.21.15:575][  0]LogConfig: Setting CVar [[r.VolumetricFog.GridPixelSize:8]]
[2019.12.28-18.21.15:575][  0]LogConfig: Setting CVar [[r.VolumetricFog.GridSizeZ:128]]
[2019.12.28-18.21.15:575][  0]LogConfig: Setting CVar [[r.VolumetricFog.HistoryMissSupersampleCount:4]]
[2019.12.28-18.21.15:575][  0]LogConfig: Setting CVar [[r.LightMaxDrawDistanceScale:1]]
[2019.12.28-18.21.15:575][  0]LogConfig: Setting CVar [[r.CapsuleShadows:1]]
[2019.12.28-18.21.15:575][  0]LogConfig: Applying CVar settings from Section [PostProcessQuality@3] File [D:/study/4_course/AKG/NewEra/SpaceWar/Saved/Config/Windows/Scalability.ini]
[2019.12.28-18.21.15:575][  0]LogConfig: Setting CVar [[r.MotionBlurQuality:4]]
[2019.12.28-18.21.15:575][  0]LogConfig: Setting CVar [[r.AmbientOcclusionMipLevelFactor:0.4]]
[2019.12.28-18.21.15:575][  0]LogConfig: Setting CVar [[r.AmbientOcclusionMaxQuality:100]]
[2019.12.28-18.21.15:575][  0]LogConfig: Setting CVar [[r.AmbientOcclusionLevels:-1]]
[2019.12.28-18.21.15:575][  0]LogConfig: Setting CVar [[r.AmbientOcclusionRadiusScale:1.0]]
[2019.12.28-18.21.15:575][  0]LogConfig: Setting CVar [[r.DepthOfFieldQuality:2]]
[2019.12.28-18.21.15:575][  0]LogConfig: Setting CVar [[r.RenderTargetPoolMin:400]]
[2019.12.28-18.21.15:575][  0]LogConfig: Setting CVar [[r.LensFlareQuality:2]]
[2019.12.28-18.21.15:575][  0]LogConfig: Setting CVar [[r.SceneColorFringeQuality:1]]
[2019.12.28-18.21.15:575][  0]LogConfig: Setting CVar [[r.EyeAdaptationQuality:2]]
[2019.12.28-18.21.15:575][  0]LogConfig: Setting CVar [[r.BloomQuality:5]]
[2019.12.28-18.21.15:576][  0]LogConfig: Setting CVar [[r.FastBlurThreshold:100]]
[2019.12.28-18.21.15:576][  0]LogConfig: Setting CVar [[r.Upscale.Quality:3]]
[2019.12.28-18.21.15:576][  0]LogConfig: Setting CVar [[r.Tonemapper.GrainQuantization:1]]
[2019.12.28-18.21.15:576][  0]LogConfig: Setting CVar [[r.LightShaftQuality:1]]
[2019.12.28-18.21.15:576][  0]LogConfig: Setting CVar [[r.Filter.SizeScale:1]]
[2019.12.28-18.21.15:576][  0]LogConfig: Setting CVar [[r.Tonemapper.Quality:5]]
[2019.12.28-18.21.15:576][  0]LogConfig: Setting CVar [[r.DOF.Gather.AccumulatorQuality:1        ; higher gathering accumulator quality]]
[2019.12.28-18.21.15:576][  0]LogConfig: Setting CVar [[r.DOF.Gather.PostfilterMethod:1          ; Median3x3 postfilering method]]
[2019.12.28-18.21.15:576][  0]LogConfig: Setting CVar [[r.DOF.Gather.EnableBokehSettings:0       ; no bokeh simulation when gathering]]
[2019.12.28-18.21.15:576][  0]LogConfig: Setting CVar [[r.DOF.Gather.RingCount:4                 ; medium number of samples when gathering]]
[2019.12.28-18.21.15:576][  0]LogConfig: Setting CVar [[r.DOF.Scatter.ForegroundCompositing:1    ; additive foreground scattering]]
[2019.12.28-18.21.15:576][  0]LogConfig: Setting CVar [[r.DOF.Scatter.BackgroundCompositing:2    ; additive background scattering]]
[2019.12.28-18.21.15:576][  0]LogConfig: Setting CVar [[r.DOF.Scatter.EnableBokehSettings:1      ; bokeh simulation when scattering]]
[2019.12.28-18.21.15:576][  0]LogConfig: Setting CVar [[r.DOF.Scatter.MaxSpriteRatio:0.1         ; only a maximum of 10% of scattered bokeh]]
[2019.12.28-18.21.15:576][  0]LogConfig: Setting CVar [[r.DOF.Recombine.Quality:1                ; cheap slight out of focus]]
[2019.12.28-18.21.15:576][  0]LogConfig: Setting CVar [[r.DOF.Recombine.EnableBokehSettings:0    ; no bokeh simulation on slight out of focus]]
[2019.12.28-18.21.15:576][  0]LogConfig: Setting CVar [[r.DOF.TemporalAAQuality:1                ; more stable temporal accumulation]]
[2019.12.28-18.21.15:576][  0]LogConfig: Setting CVar [[r.DOF.Kernel.MaxForegroundRadius:0.025]]
[2019.12.28-18.21.15:576][  0]LogConfig: Setting CVar [[r.DOF.Kernel.MaxBackgroundRadius:0.025]]
[2019.12.28-18.21.15:576][  0]LogConfig: Applying CVar settings from Section [TextureQuality@3] File [D:/study/4_course/AKG/NewEra/SpaceWar/Saved/Config/Windows/Scalability.ini]
[2019.12.28-18.21.15:576][  0]LogConfig: Setting CVar [[r.Streaming.MipBias:0]]
[2019.12.28-18.21.15:576][  0]LogConfig: Setting CVar [[r.Streaming.AmortizeCPUToGPUCopy:0]]
[2019.12.28-18.21.15:576][  0]LogConfig: Setting CVar [[r.Streaming.MaxNumTexturesToStreamPerFrame:0]]
[2019.12.28-18.21.15:576][  0]LogConfig: Setting CVar [[r.Streaming.Boost:1]]
[2019.12.28-18.21.15:576][  0]LogConfig: Setting CVar [[r.MaxAnisotropy:8]]
[2019.12.28-18.21.15:576][  0]LogConfig: Setting CVar [[r.Streaming.LimitPoolSizeToVRAM:0]]
[2019.12.28-18.21.15:576][  0]LogConfig: Setting CVar [[r.Streaming.PoolSize:1000]]
[2019.12.28-18.21.15:576][  0]LogConfig: Setting CVar [[r.Streaming.MaxEffectiveScreenSize:0]]
[2019.12.28-18.21.15:576][  0]LogConfig: Applying CVar settings from Section [EffectsQuality@3] File [D:/study/4_course/AKG/NewEra/SpaceWar/Saved/Config/Windows/Scalability.ini]
[2019.12.28-18.21.15:576][  0]LogConfig: Setting CVar [[r.TranslucencyLightingVolumeDim:64]]
[2019.12.28-18.21.15:576][  0]LogConfig: Setting CVar [[r.RefractionQuality:2]]
[2019.12.28-18.21.15:576][  0]LogConfig: Setting CVar [[r.SSR.Quality:3]]
[2019.12.28-18.21.15:576][  0]LogConfig: Setting CVar [[r.SceneColorFormat:4]]
[2019.12.28-18.21.15:576][  0]LogConfig: Setting CVar [[r.DetailMode:2]]
[2019.12.28-18.21.15:576][  0]LogConfig: Setting CVar [[r.TranslucencyVolumeBlur:1]]
[2019.12.28-18.21.15:576][  0]LogConfig: Setting CVar [[r.MaterialQualityLevel:1 ; High quality]]
[2019.12.28-18.21.15:577][  0]LogConfig: Setting CVar [[r.SSS.Scale:1]]
[2019.12.28-18.21.15:577][  0]LogConfig: Setting CVar [[r.SSS.SampleSet:2]]
[2019.12.28-18.21.15:577][  0]LogConfig: Setting CVar [[r.SSS.Quality:1]]
[2019.12.28-18.21.15:577][  0]LogConfig: Setting CVar [[r.SSS.HalfRes:1]]
[2019.12.28-18.21.15:577][  0]LogConfig: Setting CVar [[r.EmitterSpawnRateScale:1.0]]
[2019.12.28-18.21.15:577][  0]LogConfig: Setting CVar [[r.ParticleLightQuality:2]]
[2019.12.28-18.21.15:577][  0]LogConfig: Applying CVar settings from Section [FoliageQuality@3] File [D:/study/4_course/AKG/NewEra/SpaceWar/Saved/Config/Windows/Scalability.ini]
[2019.12.28-18.21.15:577][  0]LogConfig: Setting CVar [[foliage.DensityScale:1.0]]
[2019.12.28-18.21.15:577][  0]LogConfig: Setting CVar [[grass.DensityScale:1.0]]
[2019.12.28-18.21.15:577][  0]LogInit: Selected Device Profile: [Windows]
[2019.12.28-18.21.15:577][  0]LogInit: Applying CVar settings loaded from the selected device profile: [Windows]
[2019.12.28-18.21.15:603][  0]LogHAL: Display: Platform has ~ 16 GB [17058336768 / 17179869184 / 16], which maps to Larger [LargestMinGB=32, LargerMinGB=12, DefaultMinGB=8, SmallerMinGB=6, SmallestMinGB=0)
[2019.12.28-18.21.15:603][  0]LogConfig: Setting CVar [[r.Vulkan.UseRealUBs:0		; Required until we fix HLR fall-out]]
[2019.12.28-18.21.15:603][  0]LogInit: Going up to parent DeviceProfile []
[2019.12.28-18.21.15:604][  0]LogConfig: Applying CVar settings from Section [ViewDistanceQuality@3] File [D:/study/4_course/AKG/NewEra/SpaceWar/Saved/Config/Windows/Scalability.ini]
[2019.12.28-18.21.15:604][  0]LogConfig: Setting CVar [[r.SkeletalMeshLODBias:0]]
[2019.12.28-18.21.15:604][  0]LogConfig: Setting CVar [[r.ViewDistanceScale:1.0]]
[2019.12.28-18.21.15:604][  0]LogConfig: Applying CVar settings from Section [AntiAliasingQuality@3] File [D:/study/4_course/AKG/NewEra/SpaceWar/Saved/Config/Windows/Scalability.ini]
[2019.12.28-18.21.15:604][  0]LogConfig: Setting CVar [[r.PostProcessAAQuality:4]]
[2019.12.28-18.21.15:604][  0]LogConfig: Applying CVar settings from Section [ShadowQuality@3] File [D:/study/4_course/AKG/NewEra/SpaceWar/Saved/Config/Windows/Scalability.ini]
[2019.12.28-18.21.15:604][  0]LogConfig: Setting CVar [[r.LightFunctionQuality:1]]
[2019.12.28-18.21.15:604][  0]LogConfig: Setting CVar [[r.ShadowQuality:5]]
[2019.12.28-18.21.15:604][  0]LogConfig: Setting CVar [[r.Shadow.CSM.MaxCascades:10]]
[2019.12.28-18.21.15:604][  0]LogConfig: Setting CVar [[r.Shadow.MaxResolution:2048]]
[2019.12.28-18.21.15:604][  0]LogConfig: Setting CVar [[r.Shadow.MaxCSMResolution:2048]]
[2019.12.28-18.21.15:604][  0]LogConfig: Setting CVar [[r.Shadow.RadiusThreshold:0.01]]
[2019.12.28-18.21.15:604][  0]LogConfig: Setting CVar [[r.Shadow.DistanceScale:1.0]]
[2019.12.28-18.21.15:604][  0]LogConfig: Setting CVar [[r.Shadow.CSM.TransitionScale:1.0]]
[2019.12.28-18.21.15:604][  0]LogConfig: Setting CVar [[r.Shadow.PreShadowResolutionFactor:1.0]]
[2019.12.28-18.21.15:604][  0]LogConfig: Setting CVar [[r.DistanceFieldShadowing:1]]
[2019.12.28-18.21.15:604][  0]LogConfig: Setting CVar [[r.DistanceFieldAO:1]]
[2019.12.28-18.21.15:604][  0]LogConfig: Setting CVar [[r.AOQuality:2]]
[2019.12.28-18.21.15:604][  0]LogConfig: Setting CVar [[r.VolumetricFog:1]]
[2019.12.28-18.21.15:604][  0]LogConfig: Setting CVar [[r.VolumetricFog.GridPixelSize:8]]
[2019.12.28-18.21.15:604][  0]LogConfig: Setting CVar [[r.VolumetricFog.GridSizeZ:128]]
[2019.12.28-18.21.15:604][  0]LogConfig: Setting CVar [[r.VolumetricFog.HistoryMissSupersampleCount:4]]
[2019.12.28-18.21.15:604][  0]LogConfig: Setting CVar [[r.LightMaxDrawDistanceScale:1]]
[2019.12.28-18.21.15:604][  0]LogConfig: Setting CVar [[r.CapsuleShadows:1]]
[2019.12.28-18.21.15:604][  0]LogConfig: Applying CVar settings from Section [PostProcessQuality@0] File [D:/study/4_course/AKG/NewEra/SpaceWar/Saved/Config/Windows/Scalability.ini]
[2019.12.28-18.21.15:604][  0]LogConfig: Setting CVar [[r.MotionBlurQuality:0]]
[2019.12.28-18.21.15:604][  0]LogConfig: Setting CVar [[r.AmbientOcclusionMipLevelFactor:1.0]]
[2019.12.28-18.21.15:604][  0]LogConfig: Setting CVar [[r.AmbientOcclusionMaxQuality:0]]
[2019.12.28-18.21.15:604][  0]LogConfig: Setting CVar [[r.AmbientOcclusionLevels:0]]
[2019.12.28-18.21.15:604][  0]LogConfig: Setting CVar [[r.AmbientOcclusionRadiusScale:1.2]]
[2019.12.28-18.21.15:604][  0]LogConfig: Setting CVar [[r.DepthOfFieldQuality:0]]
[2019.12.28-18.21.15:604][  0]LogConfig: Setting CVar [[r.RenderTargetPoolMin:300]]
[2019.12.28-18.21.15:604][  0]LogConfig: Setting CVar [[r.LensFlareQuality:0]]
[2019.12.28-18.21.15:604][  0]LogConfig: Setting CVar [[r.SceneColorFringeQuality:0]]
[2019.12.28-18.21.15:604][  0]LogConfig: Setting CVar [[r.EyeAdaptationQuality:0]]
[2019.12.28-18.21.15:604][  0]LogConfig: Setting CVar [[r.BloomQuality:4]]
[2019.12.28-18.21.15:605][  0]LogConfig: Setting CVar [[r.FastBlurThreshold:0]]
[2019.12.28-18.21.15:605][  0]LogConfig: Setting CVar [[r.Upscale.Quality:1]]
[2019.12.28-18.21.15:605][  0]LogConfig: Setting CVar [[r.Tonemapper.GrainQuantization:0]]
[2019.12.28-18.21.15:605][  0]LogConfig: Setting CVar [[r.LightShaftQuality:0]]
[2019.12.28-18.21.15:605][  0]LogConfig: Setting CVar [[r.Filter.SizeScale:0.6]]
[2019.12.28-18.21.15:605][  0]LogConfig: Setting CVar [[r.Tonemapper.Quality:0]]
[2019.12.28-18.21.15:605][  0]LogConfig: Applying CVar settings from Section [TextureQuality@3] File [D:/study/4_course/AKG/NewEra/SpaceWar/Saved/Config/Windows/Scalability.ini]
[2019.12.28-18.21.15:605][  0]LogConfig: Setting CVar [[r.Streaming.MipBias:0]]
[2019.12.28-18.21.15:605][  0]LogConfig: Setting CVar [[r.Streaming.AmortizeCPUToGPUCopy:0]]
[2019.12.28-18.21.15:605][  0]LogConfig: Setting CVar [[r.Streaming.MaxNumTexturesToStreamPerFrame:0]]
[2019.12.28-18.21.15:605][  0]LogConfig: Setting CVar [[r.Streaming.Boost:1]]
[2019.12.28-18.21.15:605][  0]LogConfig: Setting CVar [[r.MaxAnisotropy:8]]
[2019.12.28-18.21.15:605][  0]LogConfig: Setting CVar [[r.Streaming.LimitPoolSizeToVRAM:0]]
[2019.12.28-18.21.15:605][  0]LogConfig: Setting CVar [[r.Streaming.PoolSize:1000]]
[2019.12.28-18.21.15:605][  0]LogConfig: Setting CVar [[r.Streaming.MaxEffectiveScreenSize:0]]
[2019.12.28-18.21.15:605][  0]LogConfig: Applying CVar settings from Section [EffectsQuality@3] File [D:/study/4_course/AKG/NewEra/SpaceWar/Saved/Config/Windows/Scalability.ini]
[2019.12.28-18.21.15:605][  0]LogConfig: Setting CVar [[r.TranslucencyLightingVolumeDim:64]]
[2019.12.28-18.21.15:605][  0]LogConfig: Setting CVar [[r.RefractionQuality:2]]
[2019.12.28-18.21.15:605][  0]LogConfig: Setting CVar [[r.SSR.Quality:3]]
[2019.12.28-18.21.15:605][  0]LogConfig: Setting CVar [[r.SceneColorFormat:4]]
[2019.12.28-18.21.15:605][  0]LogConfig: Setting CVar [[r.DetailMode:2]]
[2019.12.28-18.21.15:605][  0]LogConfig: Setting CVar [[r.TranslucencyVolumeBlur:1]]
[2019.12.28-18.21.15:605][  0]LogConfig: Setting CVar [[r.MaterialQualityLevel:1 ; High quality]]
[2019.12.28-18.21.15:605][  0]LogConfig: Setting CVar [[r.SSS.Scale:1]]
[2019.12.28-18.21.15:605][  0]LogConfig: Setting CVar [[r.SSS.SampleSet:2]]
[2019.12.28-18.21.15:605][  0]LogConfig: Setting CVar [[r.SSS.Quality:1]]
[2019.12.28-18.21.15:605][  0]LogConfig: Setting CVar [[r.SSS.HalfRes:1]]
[2019.12.28-18.21.15:605][  0]LogConfig: Setting CVar [[r.EmitterSpawnRateScale:1.0]]
[2019.12.28-18.21.15:605][  0]LogConfig: Setting CVar [[r.ParticleLightQuality:2]]
[2019.12.28-18.21.15:605][  0]LogConfig: Applying CVar settings from Section [FoliageQuality@3] File [D:/study/4_course/AKG/NewEra/SpaceWar/Saved/Config/Windows/Scalability.ini]
[2019.12.28-18.21.15:605][  0]LogConfig: Setting CVar [[foliage.DensityScale:1.0]]
[2019.12.28-18.21.15:605][  0]LogConfig: Setting CVar [[grass.DensityScale:1.0]]
[2019.12.28-18.21.15:605][  0]LogConfig: Applying CVar settings from Section [Startup] File [../../../Engine/Config/ConsoleVariables.ini]
[2019.12.28-18.21.15:606][  0]LogConfig: Setting CVar [[net.UseAdaptiveNetUpdateFrequency:0]]
[2019.12.28-18.21.15:606][  0]LogConfig: Setting CVar [[p.chaos.AllowCreatePhysxBodies:1]]
[2019.12.28-18.21.15:606][  0]LogConfig: Applying CVar settings from Section [ConsoleVariables] File [D:/study/4_course/AKG/NewEra/SpaceWar/Saved/Config/Windows/Engine.ini]
[2019.12.28-18.21.15:606][  0]LogInit: Computer: DESKTOP-371D8C3
[2019.12.28-18.21.15:606][  0]LogInit: User: User
[2019.12.28-18.21.15:606][  0]LogInit: CPU Page size=4096, Cores=4
[2019.12.28-18.21.15:606][  0]LogInit: High frequency timer resolution =1.945310 MHz
[2019.12.28-18.21.15:607][  0]LogMemory: Memory total: Physical=15.9GB (16GB approx)
[2019.12.28-18.21.15:607][  0]LogMemory: Platform Memory Stats for Windows
[2019.12.28-18.21.15:607][  0]LogMemory: Process Physical Memory: 99.98 MB used, 99.98 MB peak
[2019.12.28-18.21.15:607][  0]LogMemory: Process Virtual Memory: 97.56 MB used, 97.56 MB peak
[2019.12.28-18.21.15:607][  0]LogMemory: Physical Memory: 6486.34 MB used,  9781.75 MB free, 16268.10 MB total
[2019.12.28-18.21.15:607][  0]LogMemory: Virtual Memory: 4663.59 MB used,  134213064.00 MB free, 134217728.00 MB total
[2019.12.28-18.21.15:661][  0]LogInit: Using OS detected language (en-US).
[2019.12.28-18.21.15:661][  0]LogInit: Using OS detected locale (en-US).
[2019.12.28-18.21.15:662][  0]LogTextLocalizationManager: No specific localization for 'en-US' exists, so the 'en' localization will be used.
[2019.12.28-18.21.15:856][  0]LogSlate: New Slate User Created.  User Index 0, Is Virtual User: 0
[2019.12.28-18.21.15:856][  0]LogSlate: Slate User Registered.  User Index 0, Is Virtual User: 0
[2019.12.28-18.21.16:047][  0]LogHMD: Failed to initialize OpenVR with code 110
[2019.12.28-18.21.16:047][  0]LogD3D11RHI: D3D11 adapters:
[2019.12.28-18.21.16:763][  0]LogD3D11RHI:    0. 'NVIDIA GeForce MX150' (Feature Level 11_0)
[2019.12.28-18.21.16:763][  0]LogD3D11RHI:       1983/0/8134 MB DedicatedVideo/DedicatedSystem/SharedSystem, Outputs:1, VendorId:0x10de
[2019.12.28-18.21.16:777][  0]LogD3D11RHI:    1. 'Intel(R) UHD Graphics 620' (Feature Level 11_0)
[2019.12.28-18.21.16:777][  0]LogD3D11RHI:       128/0/8134 MB DedicatedVideo/DedicatedSystem/SharedSystem, Outputs:0, VendorId:0x8086
[2019.12.28-18.21.16:779][  0]LogD3D11RHI:    2. 'Microsoft Basic Render Driver' (Feature Level 11_0)
[2019.12.28-18.21.16:779][  0]LogD3D11RHI:       0/0/8134 MB DedicatedVideo/DedicatedSystem/SharedSystem, Outputs:0, VendorId:0x1414
[2019.12.28-18.21.16:779][  0]LogD3D11RHI: Chosen D3D11 Adapter: 0
[2019.12.28-18.21.16:829][  0]LogD3D11RHI: Creating new Direct3DDevice
[2019.12.28-18.21.16:829][  0]LogD3D11RHI:     GPU DeviceId: 0x1d12 (for the marketing name, search the web for "GPU Device Id")
[2019.12.28-18.21.16:829][  0]LogWindows: EnumDisplayDevices:
[2019.12.28-18.21.16:829][  0]LogWindows:    0. 'Intel(R) UHD Graphics 620' (P:1 D:1)
[2019.12.28-18.21.16:830][  0]LogWindows:    1. 'Intel(R) UHD Graphics 620' (P:0 D:0)
[2019.12.28-18.21.16:830][  0]LogWindows:    2. 'Intel(R) UHD Graphics 620' (P:0 D:0)
[2019.12.28-18.21.16:830][  0]LogWindows: DebugString: PrimaryIsNotTheChoosenAdapter PrimaryIsNotTheChoosenAdapter PrimaryIsNotTheChoosenAdapter FoundDriverCount:0 
[2019.12.28-18.21.16:830][  0]LogD3D11RHI:     Adapter Name: NVIDIA GeForce MX150
[2019.12.28-18.21.16:830][  0]LogD3D11RHI:   Driver Version: Unknown (internal:Unknown, unified:Unknown)
[2019.12.28-18.21.16:830][  0]LogD3D11RHI:      Driver Date: Unknown
[2019.12.28-18.21.16:830][  0]LogRHI: Texture pool is 1388 MB (70% of 1983 MB)
[2019.12.28-18.21.16:865][  0]LogD3D11RHI: Async texture creation enabled
[2019.12.28-18.21.16:868][  0]LogRendererCore: FGlobalReadBuffer::InitRHI
[2019.12.28-18.21.16:868][  0]LogRendererCore: FGlobalReadBuffer::InitRHI
[2019.12.28-18.21.16:868][  0]LogRendererCore: FGlobalReadBuffer::InitRHI
[2019.12.28-18.21.16:883][  0]LogD3D11RHI: GPU Timing Frequency: 1000.000000 (Debug: 2 2)
[2019.12.28-18.21.17:398][  0]LogTemp: Display: Module 'AllDesktopTargetPlatform' loaded TargetPlatform 'AllDesktop'
[2019.12.28-18.21.17:412][  0]LogTemp: Display: Module 'MacClientTargetPlatform' loaded TargetPlatform 'MacClient'
[2019.12.28-18.21.17:431][  0]LogTemp: Display: Module 'MacNoEditorTargetPlatform' loaded TargetPlatform 'MacNoEditor'
[2019.12.28-18.21.17:457][  0]LogTemp: Display: Module 'MacServerTargetPlatform' loaded TargetPlatform 'MacServer'
[2019.12.28-18.21.17:472][  0]LogTemp: Display: Module 'MacTargetPlatform' loaded TargetPlatform 'Mac'
[2019.12.28-18.21.17:485][  0]LogTemp: Display: Module 'WindowsClientTargetPlatform' loaded TargetPlatform 'WindowsClient'
[2019.12.28-18.21.17:498][  0]LogTemp: Display: Module 'WindowsNoEditorTargetPlatform' loaded TargetPlatform 'WindowsNoEditor'
[2019.12.28-18.21.17:511][  0]LogTemp: Display: Module 'WindowsServerTargetPlatform' loaded TargetPlatform 'WindowsServer'
[2019.12.28-18.21.17:518][  0]LogTemp: Display: Module 'WindowsTargetPlatform' loaded TargetPlatform 'Windows'
[2019.12.28-18.21.17:587][  0]LogTemp: Display: Module 'AndroidTargetPlatform' loaded TargetPlatform 'Android'
[2019.12.28-18.21.17:587][  0]LogTemp: Display: Module 'AndroidTargetPlatform' loaded TargetPlatform 'Android_ASTC'
[2019.12.28-18.21.17:587][  0]LogTemp: Display: Module 'AndroidTargetPlatform' loaded TargetPlatform 'Android_ATC'
[2019.12.28-18.21.17:588][  0]LogTemp: Display: Module 'AndroidTargetPlatform' loaded TargetPlatform 'Android_DXT'
[2019.12.28-18.21.17:588][  0]LogTemp: Display: Module 'AndroidTargetPlatform' loaded TargetPlatform 'Android_ETC1'
[2019.12.28-18.21.17:588][  0]LogTemp: Display: Module 'AndroidTargetPlatform' loaded TargetPlatform 'Android_ETC1a'
[2019.12.28-18.21.17:588][  0]LogTemp: Display: Module 'AndroidTargetPlatform' loaded TargetPlatform 'Android_ETC2'
[2019.12.28-18.21.17:588][  0]LogTemp: Display: Module 'AndroidTargetPlatform' loaded TargetPlatform 'Android_PVRTC'
[2019.12.28-18.21.17:588][  0]LogTemp: Display: Module 'AndroidTargetPlatform' loaded TargetPlatform 'AndroidClient'
[2019.12.28-18.21.17:588][  0]LogTemp: Display: Module 'AndroidTargetPlatform' loaded TargetPlatform 'Android_ASTCClient'
[2019.12.28-18.21.17:588][  0]LogTemp: Display: Module 'AndroidTargetPlatform' loaded TargetPlatform 'Android_ATCClient'
[2019.12.28-18.21.17:588][  0]LogTemp: Display: Module 'AndroidTargetPlatform' loaded TargetPlatform 'Android_DXTClient'
[2019.12.28-18.21.17:588][  0]LogTemp: Display: Module 'AndroidTargetPlatform' loaded TargetPlatform 'Android_ETC1Client'
[2019.12.28-18.21.17:588][  0]LogTemp: Display: Module 'AndroidTargetPlatform' loaded TargetPlatform 'Android_ETC1aClient'
[2019.12.28-18.21.17:588][  0]LogTemp: Display: Module 'AndroidTargetPlatform' loaded TargetPlatform 'Android_ETC2Client'
[2019.12.28-18.21.17:588][  0]LogTemp: Display: Module 'AndroidTargetPlatform' loaded TargetPlatform 'Android_PVRTCClient'
[2019.12.28-18.21.17:588][  0]LogTemp: Display: Module 'AndroidTargetPlatform' loaded TargetPlatform 'Android_Multi'
[2019.12.28-18.21.17:588][  0]LogTemp: Display: Module 'AndroidTargetPlatform' loaded TargetPlatform 'Android_MultiClient'
[2019.12.28-18.21.17:589][  0]LogTemp: Display: Module 'HTML5TargetPlatform' loaded TargetPlatform 'HTML5'
[2019.12.28-18.21.17:655][  0]LogTemp: Display: Module 'IOSTargetPlatform' loaded TargetPlatform 'IOSClient'
[2019.12.28-18.21.17:655][  0]LogTemp: Display: Module 'IOSTargetPlatform' loaded TargetPlatform 'IOS'
[2019.12.28-18.21.17:685][  0]LogTemp: Display: Module 'TVOSTargetPlatform' loaded TargetPlatform 'TVOSClient'
[2019.12.28-18.21.17:685][  0]LogTemp: Display: Module 'TVOSTargetPlatform' loaded TargetPlatform 'TVOS'
[2019.12.28-18.21.17:696][  0]LogTemp: Display: Module 'LinuxClientTargetPlatform' loaded TargetPlatform 'LinuxClient'
[2019.12.28-18.21.17:708][  0]LogTemp: Display: Module 'LinuxNoEditorTargetPlatform' loaded TargetPlatform 'LinuxNoEditor'
[2019.12.28-18.21.17:718][  0]LogTemp: Display: Module 'LinuxServerTargetPlatform' loaded TargetPlatform 'LinuxServer'
[2019.12.28-18.21.17:730][  0]LogTemp: Display: Module 'LinuxTargetPlatform' loaded TargetPlatform 'Linux'
[2019.12.28-18.21.17:769][  0]LogTemp: Display: Module 'LuminTargetPlatform' loaded TargetPlatform 'Lumin'
[2019.12.28-18.21.17:769][  0]LogTemp: Display: Module 'LuminTargetPlatform' loaded TargetPlatform 'LuminClient'
[2019.12.28-18.21.17:769][  0]LogTargetPlatformManager: Display: Building Assets For Windows
[2019.12.28-18.21.17:779][  0]LogAudioDebug: Display: Lib vorbis DLL was dynamically loaded.
[2019.12.28-18.21.17:836][  0]LogShaderCompilers: Guid format shader working directory is 7 characters bigger than the processId version (D:/study/4_course/AKG/NewEra/SpaceWar/Intermediate/Shaders/WorkingDirectory/13192/).
[2019.12.28-18.21.17:836][  0]LogShaderCompilers: Cleaned the shader compiler working directory 'C:/Users/User/AppData/Local/Temp/UnrealShaderWorkingDir/EF96E4B34995AF428586C5AA83CB368F/'.
[2019.12.28-18.21.17:839][  0]LogXGEController: Cleaning working directory: C:/Users/User/AppData/Local/Temp/UnrealXGEWorkingDir/
[2019.12.28-18.21.17:839][  0]LogXGEController: Cannot use XGE Controller as Incredibuild is not installed on this machine.
[2019.12.28-18.21.17:839][  0]LogShaderCompilers: Cannot use XGE Shader Compiler as Incredibuild is not installed on this machine.
[2019.12.28-18.21.17:839][  0]LogShaderCompilers: Display: Using Local Shader Compiler.
[2019.12.28-18.21.18:394][  0]LogDerivedDataCache: Display: Max Cache Size: 512 MB
[2019.12.28-18.21.18:445][  0]LogDerivedDataCache: Loaded boot cache 0.05s 71MB C:/Users/User/AppData/Local/UnrealEngine/4.22/DerivedDataCache/Boot.ddc.
[2019.12.28-18.21.18:445][  0]LogDerivedDataCache: Display: Loaded Boot cache: C:/Users/User/AppData/Local/UnrealEngine/4.22/DerivedDataCache/Boot.ddc
[2019.12.28-18.21.18:445][  0]LogDerivedDataCache: FDerivedDataBackendGraph:  Pak pak cache file D:/study/4_course/AKG/NewEra/SpaceWar/DerivedDataCache/DDC.ddp not found, will not use a pak cache.
[2019.12.28-18.21.18:445][  0]LogDerivedDataCache: Unable to find inner node Pak for hierarchical cache Hierarchy.
[2019.12.28-18.21.18:445][  0]LogDerivedDataCache: FDerivedDataBackendGraph:  CompressedPak pak cache file D:/study/4_course/AKG/NewEra/SpaceWar/DerivedDataCache/Compressed.ddp not found, will not use a pak cache.
[2019.12.28-18.21.18:445][  0]LogDerivedDataCache: Unable to find inner node CompressedPak for hierarchical cache Hierarchy.
[2019.12.28-18.21.18:458][  0]LogDerivedDataCache: Display: Pak cache opened for reading ../../../Engine/DerivedDataCache/Compressed.ddp.
[2019.12.28-18.21.18:458][  0]LogDerivedDataCache: FDerivedDataBackendGraph:  EnterprisePak pak cache file ../../../Enterprise/DerivedDataCache/Compressed.ddp not found, will not use a pak cache.
[2019.12.28-18.21.18:458][  0]LogDerivedDataCache: Unable to find inner node EnterprisePak for hierarchical cache Hierarchy.
[2019.12.28-18.21.18:471][  0]LogDerivedDataCache: Using Local data cache path C:/Users/User/AppData/Local/UnrealEngine/Common/DerivedDataCache: Writable
[2019.12.28-18.21.18:471][  0]LogDerivedDataCache: Shared data cache path not found in *engine.ini, will not use an Shared cache.
[2019.12.28-18.21.18:471][  0]LogDerivedDataCache: Unable to find inner node Shared for hierarchical cache Hierarchy.
[2019.12.28-18.21.18:532][  0]LogMaterial: Verifying Global Shaders for PCD3D_SM5
[2019.12.28-18.21.18:534][  0]LogSlate: Using FreeType 2.6.0
[2019.12.28-18.21.18:534][  0]LogSlate: SlateFontServices - WITH_FREETYPE: 1, WITH_HARFBUZZ: 1
[2019.12.28-18.21.18:617][  0]LogAssetRegistry: FAssetRegistry took 0.0321 seconds to start up
[2019.12.28-18.21.18:933][  0]LogInit: Selected Device Profile: [Windows]
[2019.12.28-18.21.19:064][  0]LogMeshReduction: Using QuadricMeshReduction for automatic static mesh reduction
[2019.12.28-18.21.19:064][  0]LogMeshReduction: Using SimplygonMeshReduction for automatic skeletal mesh reduction
[2019.12.28-18.21.19:064][  0]LogMeshReduction: Using ProxyLODMeshReduction for automatic mesh merging
[2019.12.28-18.21.19:064][  0]LogMeshReduction: No distributed automatic mesh merging module available
[2019.12.28-18.21.19:064][  0]LogMeshMerging: No distributed automatic mesh merging module available
[2019.12.28-18.21.19:075][  0]LogNetVersion: SpaceWar 1.0.0, NetCL: 5660361, EngineNetVer: 10, GameNetVer: 0 (Checksum: 3654119351)
[2019.12.28-18.21.19:752][  0]LogPackageLocalizationCache: Processed 10 localized package path(s) for 1 prioritized culture(s) in 0.038351 seconds
[2019.12.28-18.21.19:758][  0]LogUObjectArray: 42205 objects as part of root set at end of initial load.
[2019.12.28-18.21.19:758][  0]LogUObjectAllocator: 7325032 out of 0 bytes used by permanent object pool.
[2019.12.28-18.21.19:758][  0]LogUObjectArray: CloseDisregardForGC: 0/0 objects in disregard for GC pool
[2019.12.28-18.21.20:728][  0]LogTcpMessaging: Initializing TcpMessaging bridge
[2019.12.28-18.21.20:742][  0]LogUdpMessaging: Initializing bridge on interface 0.0.0.0:0 to multicast group 230.0.0.1:6666.
[2019.12.28-18.21.20:978][  0]SourceControl: Source control is disabled
[2019.12.28-18.21.20:978][  0]SourceControl: Source control is disabled
[2019.12.28-18.21.20:980][  0]SourceControl: Source control is disabled
[2019.12.28-18.21.20:984][  0]SourceControl: Source control is disabled
[2019.12.28-18.21.21:180][  0]LogAndroidPermission: UAndroidPermissionCallbackProxy::GetInstance
[2019.12.28-18.21.21:313][  0]LogOcInput: OculusInput pre-init called
[2019.12.28-18.21.22:090][  0]LogEngine: Initializing Engine...
[2019.12.28-18.21.22:091][  0]LogHMD: Failed to initialize OpenVR with code 110
[2019.12.28-18.21.22:092][  0]LogStats: UGameplayTagsManager::InitializeManager -  0.000 s
[2019.12.28-18.21.22:290][  0]LogInit: Initializing FReadOnlyCVARCache
[2019.12.28-18.21.22:321][  0]LogAIModule: Creating AISystem for world Untitled
[2019.12.28-18.21.22:339][  0]LogInit: XAudio2 using 'Динамики (Realtek High Definition Audio)' : 2 channels at 48 kHz using 32 bits per sample (channel mask 0x3)
[2019.12.28-18.21.22:455][  0]LogInit: FAudioDevice initialized.
[2019.12.28-18.21.22:455][  0]LogNetVersion: Set ProjectVersion to 1.0.0.0. Version Checksum will be recalculated on next use.
[2019.12.28-18.21.22:555][  0]LogDerivedDataCache: Saved boot cache 0.10s 71MB C:/Users/User/AppData/Local/UnrealEngine/4.22/DerivedDataCache/Boot.ddc.
[2019.12.28-18.21.22:574][  0]LogInit: Texture streaming: Enabled
[2019.12.28-18.21.22:599][  0]LogEngineSessionManager: EngineSessionManager initialized
[2019.12.28-18.21.22:626][  0]LogInit: Transaction tracking system initialized
[2019.12.28-18.21.22:665][  0]BlueprintLog: New page: Editor Load
[2019.12.28-18.21.22:780][  0]LocalizationService: Localization service is disabled
[2019.12.28-18.21.23:233][  0]LogFileCache: Scanning file cache for directory 'D:/study/4_course/AKG/NewEra/SpaceWar/Content/' took 0.01s
[2019.12.28-18.21.23:234][  0]LogCook: Display: Max memory allowance for cook 16384mb min free memory 0mb
[2019.12.28-18.21.23:234][  0]LogCook: Display: Mobile HDR setting 1
[2019.12.28-18.21.23:446][  0]SourceControl: Source control is disabled
[2019.12.28-18.21.23:446][  0]Cmd: MAP LOAD FILE="D:/study/4_course/AKG/NewEra/SpaceWar/Content/FlyingBP/Maps/FirstLevel.umap" TEMPLATE=0 SHOWPROGRESS=1 FEATURELEVEL=3
[2019.12.28-18.21.23:446][  0]LightingResults: New page: Lighting Build
[2019.12.28-18.21.23:450][  0]MapCheck: New page: Map Check
[2019.12.28-18.21.23:450][  0]LightingResults: New page: Lighting Build
[2019.12.28-18.21.23:475][  0]LogUObjectHash: Compacting FUObjectHashTables data took   1.41ms
[2019.12.28-18.21.24:060][  0]LogAIModule: Creating AISystem for world FirstLevel
[2019.12.28-18.21.24:070][  0]LogEditorServer: Finished looking for orphan Actors (0.000 secs)
[2019.12.28-18.21.24:104][  0]LogUObjectHash: Compacting FUObjectHashTables data took   2.27ms
[2019.12.28-18.21.24:104][  0]Cmd: MAP CHECKDEP NOCLEARLOG
[2019.12.28-18.21.24:104][  0]MapCheck: Map check complete: 0 Error(s), 0 Warning(s), took 0.097ms to complete.
[2019.12.28-18.21.24:104][  0]LogFileHelpers: Loading map 'FirstLevel' took 0.659
[2019.12.28-18.21.24:318][  0]LogSlate: Updating window title bar state: overlay mode, drag disabled, window buttons hidden, title bar hidden
[2019.12.28-18.21.24:330][  0]LogSlate: Updating window title bar state: overlay mode, drag disabled, window buttons hidden, title bar hidden
[2019.12.28-18.21.24:338][  0]LogSlate: Updating window title bar state: overlay mode, drag disabled, window buttons hidden, title bar hidden
[2019.12.28-18.21.24:345][  0]LogSlate: Updating window title bar state: overlay mode, drag disabled, window buttons hidden, title bar hidden
[2019.12.28-18.21.24:355][  0]LogCollectionManager: Loaded 0 collections in 0.003984 seconds
[2019.12.28-18.21.24:372][  0]LogFileCache: Scanning file cache for directory 'D:/study/4_course/AKG/NewEra/SpaceWar/Saved/Collections/' took 0.01s
[2019.12.28-18.21.24:372][  0]LogFileCache: Scanning file cache for directory 'D:/study/4_course/AKG/NewEra/SpaceWar/Content/Developers/User/Collections/' took 0.00s
[2019.12.28-18.21.24:372][  0]LogFileCache: Scanning file cache for directory 'D:/study/4_course/AKG/NewEra/SpaceWar/Content/Collections/' took 0.00s
[2019.12.28-18.21.24:372][  0]LogCollectionManager: Rebuilt the GUID cache for 0 collections in 0.000001 seconds
[2019.12.28-18.21.24:382][  0]LogContentBrowser: Native class hierarchy populated in 0.0094 seconds. Added 2741 classes and 664 folders.
[2019.12.28-18.21.24:416][  0]LogContentBrowser: Native class hierarchy updated for 'WidgetCarousel' in 0.0008 seconds. Added 0 classes and 0 folders.
[2019.12.28-18.21.24:421][  0]LogPakFile: Registered encryption key '00000000000000000000000000000000': 0 pak files mounted, 0 remain pending
[2019.12.28-18.21.24:424][  0]LogPakFile: Registered encryption key '00000000000000000000000000000000': 0 pak files mounted, 0 remain pending
[2019.12.28-18.21.24:426][  0]LogPakFile: Registered encryption key '00000000000000000000000000000000': 0 pak files mounted, 0 remain pending
[2019.12.28-18.21.24:428][  0]LogPakFile: Registered encryption key '00000000000000000000000000000000': 0 pak files mounted, 0 remain pending
[2019.12.28-18.21.24:429][  0]LogPakFile: Registered encryption key '00000000000000000000000000000000': 0 pak files mounted, 0 remain pending
[2019.12.28-18.21.24:431][  0]LogPakFile: Registered encryption key '00000000000000000000000000000000': 0 pak files mounted, 0 remain pending
[2019.12.28-18.21.24:432][  0]LogPakFile: Registered encryption key '00000000000000000000000000000000': 0 pak files mounted, 0 remain pending
[2019.12.28-18.21.24:434][  0]LogPakFile: Registered encryption key '00000000000000000000000000000000': 0 pak files mounted, 0 remain pending
[2019.12.28-18.21.24:436][  0]LogPakFile: Registered encryption key '00000000000000000000000000000000': 0 pak files mounted, 0 remain pending
[2019.12.28-18.21.24:437][  0]LogPakFile: Registered encryption key '00000000000000000000000000000000': 0 pak files mounted, 0 remain pending
[2019.12.28-18.21.24:439][  0]LogPakFile: Registered encryption key '00000000000000000000000000000000': 0 pak files mounted, 0 remain pending
[2019.12.28-18.21.24:441][  0]LogPakFile: Registered encryption key '00000000000000000000000000000000': 0 pak files mounted, 0 remain pending
[2019.12.28-18.21.24:442][  0]LogPakFile: Registered encryption key '00000000000000000000000000000000': 0 pak files mounted, 0 remain pending
[2019.12.28-18.21.24:443][  0]LogPakFile: Registered encryption key '00000000000000000000000000000000': 0 pak files mounted, 0 remain pending
[2019.12.28-18.21.24:444][  0]LogPakFile: Registered encryption key '00000000000000000000000000000000': 0 pak files mounted, 0 remain pending
[2019.12.28-18.21.24:445][  0]LogPakFile: Registered encryption key '00000000000000000000000000000000': 0 pak files mounted, 0 remain pending
[2019.12.28-18.21.24:446][  0]LogPakFile: Registered encryption key '00000000000000000000000000000000': 0 pak files mounted, 0 remain pending
[2019.12.28-18.21.24:447][  0]LogPakFile: Registered encryption key '00000000000000000000000000000000': 0 pak files mounted, 0 remain pending
[2019.12.28-18.21.24:448][  0]LogPakFile: Registered encryption key '00000000000000000000000000000000': 0 pak files mounted, 0 remain pending
[2019.12.28-18.21.24:449][  0]LogPakFile: Registered encryption key '00000000000000000000000000000000': 0 pak files mounted, 0 remain pending
[2019.12.28-18.21.24:450][  0]LogPakFile: Registered encryption key '00000000000000000000000000000000': 0 pak files mounted, 0 remain pending
[2019.12.28-18.21.24:451][  0]LogPakFile: Registered encryption key '00000000000000000000000000000000': 0 pak files mounted, 0 remain pending
[2019.12.28-18.21.24:452][  0]LogPakFile: Registered encryption key '00000000000000000000000000000000': 0 pak files mounted, 0 remain pending
[2019.12.28-18.21.24:453][  0]LogPakFile: Registered encryption key '00000000000000000000000000000000': 0 pak files mounted, 0 remain pending
[2019.12.28-18.21.24:454][  0]LogPakFile: Registered encryption key '00000000000000000000000000000000': 0 pak files mounted, 0 remain pending
[2019.12.28-18.21.24:455][  0]LogPakFile: Registered encryption key '00000000000000000000000000000000': 0 pak files mounted, 0 remain pending
[2019.12.28-18.21.24:510][  0]LogContentBrowser: Native class hierarchy updated for 'AddContentDialog' in 0.0003 seconds. Added 0 classes and 0 folders.
[2019.12.28-18.21.24:516][  0]LogContentBrowser: Native class hierarchy updated for 'SceneOutliner' in 0.0002 seconds. Added 1 classes and 2 folders.
[2019.12.28-18.21.24:594][  0]LogSlate: Took 0.000187 seconds to synchronously load lazily loaded font '../../../Engine/Content/Slate/Fonts/Roboto-Regular.ttf' (155K)
[2019.12.28-18.21.24:596][  0]LogSlate: Took 0.000154 seconds to synchronously load lazily loaded font '../../../Engine/Content/Slate/Fonts/Roboto-Bold.ttf' (160K)
[2019.12.28-18.21.24:602][  0]LogSlate: Took 0.000195 seconds to synchronously load lazily loaded font '../../../Engine/Content/Editor/Slate/Fonts/FontAwesome.ttf' (139K)
[2019.12.28-18.21.24:738][  0]LogRenderer: Reallocating scene render targets to support 944x404 Format 10 NumSamples 1 (Frame:1).
[2019.12.28-18.21.24:930][  0]LogContentBrowser: Native class hierarchy updated for 'HierarchicalLODOutliner' in 0.0007 seconds. Added 0 classes and 0 folders.
[2019.12.28-18.21.24:930][  0]LogLoad: (Engine Initialization) Total time: 12.07 seconds
[2019.12.28-18.21.24:930][  0]LogLoad: (Engine Initialization) Total Blueprint compile time: 0.00 seconds
[2019.12.28-18.21.24:945][  0]LogWindowsTextInputMethodSystem: Display: IME system now deactivated.
[2019.12.28-18.21.25:023][  0]LogContentStreaming: Texture pool size now 1000 MB
[2019.12.28-18.21.25:035][  0]LogSlate: Took 0.000159 seconds to synchronously load lazily loaded font '../../../Engine/Content/Slate/Fonts/Roboto-Light.ttf' (167K)
[2019.12.28-18.21.25:052][  1]LogFileCache: Retrieving MD5 hashes for directory 'D:/study/4_course/AKG/NewEra/SpaceWar/Content/' took 0.09s
[2019.12.28-18.21.25:113][  1]LogSlate: New Slate User Created.  User Index 8, Is Virtual User: 1
[2019.12.28-18.21.25:113][  1]LogSlate: Slate User Registered.  User Index 8, Is Virtual User: 1
[2019.12.28-18.21.25:123][  1]LogAssetRegistry: Asset discovery search completed in 6.5277 seconds
[2019.12.28-18.21.25:125][  1]LogCollectionManager: Rebuilt the object cache for 0 collections in 0.000001 seconds (found 0 objects)
[2019.12.28-18.21.25:125][  1]LogCollectionManager: Fixed up redirectors for 0 collections in 0.000051 seconds (updated 0 objects)
[2019.12.28-18.21.26:924][159]LogSlate: FSceneViewport::OnFocusLost() reason 0
[2019.12.28-18.21.27:136][177]LogTemp: Repeating last play command: Selected Viewport
[2019.12.28-18.21.27:195][177]LogBlueprintUserMessages: Early PlayInEditor Detection: Level '/Game/FlyingBP/Maps/FirstLevel.FirstLevel:PersistentLevel' has LevelScriptBlueprint '/Game/FlyingBP/Maps/FirstLevel.FirstLevel:PersistentLevel.FirstLevel' with GeneratedClass '/Game/FlyingBP/Maps/FirstLevel.FirstLevel_C' with ClassGeneratedBy '/Game/FlyingBP/Maps/FirstLevel.FirstLevel:PersistentLevel.FirstLevel'
[2019.12.28-18.21.27:195][177]LogPlayLevel: PlayLevel: No blueprints needed recompiling
[2019.12.28-18.21.27:195][177]PIE: New page: PIE session: FirstLevel (Dec 29, 2019, 12:21:27 AM)
[2019.12.28-18.21.27:209][177]LogPlayLevel: Creating play world package: /Game/FlyingBP/Maps/UEDPIE_0_FirstLevel
[2019.12.28-18.21.27:261][177]LogPlayLevel: PIE: StaticDuplicateObject took: (0.051459s)
[2019.12.28-18.21.27:262][177]LogAIModule: Creating AISystem for world FirstLevel
[2019.12.28-18.21.27:263][177]LogPlayLevel: PIE: World Init took: (0.001027s)
[2019.12.28-18.21.27:263][177]LogPlayLevel: PIE: Created PIE world by copying editor world from /Game/FlyingBP/Maps/FirstLevel.FirstLevel to /Game/FlyingBP/Maps/UEDPIE_0_FirstLevel.FirstLevel (0.053088s)
[2019.12.28-18.21.27:318][177]LogUObjectHash: Compacting FUObjectHashTables data took   1.90ms
[2019.12.28-18.21.27:327][177]LogInit: XAudio2 using 'Динамики (Realtek High Definition Audio)' : 2 channels at 48 kHz using 32 bits per sample (channel mask 0x3)
[2019.12.28-18.21.27:355][177]LogInit: FAudioDevice initialized.
[2019.12.28-18.21.27:398][177]LogLoad: Game class is 'FlyingGameMode_C'
[2019.12.28-18.21.27:402][177]LogWorld: Bringing World /Game/FlyingBP/Maps/UEDPIE_0_FirstLevel.FirstLevel up for play (max tick rate 144) at 2019.12.28-21.21.27
[2019.12.28-18.21.27:403][177]LogWorld: Bringing up level for play took: 0.001375
[2019.12.28-18.21.27:430][177]LogContentBrowser: Native class hierarchy updated for 'MovieSceneCapture' in 0.0005 seconds. Added 20 classes and 0 folders.
[2019.12.28-18.21.27:434][177]LogConfig: Applying CVar settings from Section [ViewDistanceQuality@3] File [D:/study/4_course/AKG/NewEra/SpaceWar/Saved/Config/Windows/Scalability.ini]
[2019.12.28-18.21.27:434][177]LogConfig: Setting CVar [[r.SkeletalMeshLODBias:0]]
[2019.12.28-18.21.27:434][177]LogConfig: Setting CVar [[r.ViewDistanceScale:1.0]]
[2019.12.28-18.21.27:434][177]LogConfig: Applying CVar settings from Section [AntiAliasingQuality@3] File [D:/study/4_course/AKG/NewEra/SpaceWar/Saved/Config/Windows/Scalability.ini]
[2019.12.28-18.21.27:434][177]LogConfig: Setting CVar [[r.PostProcessAAQuality:4]]
[2019.12.28-18.21.27:434][177]LogConfig: Applying CVar settings from Section [ShadowQuality@3] File [D:/study/4_course/AKG/NewEra/SpaceWar/Saved/Config/Windows/Scalability.ini]
[2019.12.28-18.21.27:434][177]LogConfig: Setting CVar [[r.LightFunctionQuality:1]]
[2019.12.28-18.21.27:434][177]LogConfig: Setting CVar [[r.ShadowQuality:5]]
[2019.12.28-18.21.27:434][177]LogConfig: Setting CVar [[r.Shadow.CSM.MaxCascades:10]]
[2019.12.28-18.21.27:434][177]LogConfig: Setting CVar [[r.Shadow.MaxResolution:2048]]
[2019.12.28-18.21.27:434][177]LogConfig: Setting CVar [[r.Shadow.MaxCSMResolution:2048]]
[2019.12.28-18.21.27:434][177]LogConfig: Setting CVar [[r.Shadow.RadiusThreshold:0.01]]
[2019.12.28-18.21.27:434][177]LogConfig: Setting CVar [[r.Shadow.DistanceScale:1.0]]
[2019.12.28-18.21.27:434][177]LogConfig: Setting CVar [[r.Shadow.CSM.TransitionScale:1.0]]
[2019.12.28-18.21.27:434][177]LogConfig: Setting CVar [[r.Shadow.PreShadowResolutionFactor:1.0]]
[2019.12.28-18.21.27:434][177]LogConfig: Setting CVar [[r.DistanceFieldShadowing:1]]
[2019.12.28-18.21.27:434][177]LogConfig: Setting CVar [[r.DistanceFieldAO:1]]
[2019.12.28-18.21.27:434][177]LogConfig: Setting CVar [[r.AOQuality:2]]
[2019.12.28-18.21.27:434][177]LogConfig: Setting CVar [[r.VolumetricFog:1]]
[2019.12.28-18.21.27:434][177]LogConfig: Setting CVar [[r.VolumetricFog.GridPixelSize:8]]
[2019.12.28-18.21.27:434][177]LogConfig: Setting CVar [[r.VolumetricFog.GridSizeZ:128]]
[2019.12.28-18.21.27:434][177]LogConfig: Setting CVar [[r.VolumetricFog.HistoryMissSupersampleCount:4]]
[2019.12.28-18.21.27:434][177]LogConfig: Setting CVar [[r.LightMaxDrawDistanceScale:1]]
[2019.12.28-18.21.27:434][177]LogConfig: Setting CVar [[r.CapsuleShadows:1]]
[2019.12.28-18.21.27:434][177]LogConfig: Applying CVar settings from Section [PostProcessQuality@0] File [D:/study/4_course/AKG/NewEra/SpaceWar/Saved/Config/Windows/Scalability.ini]
[2019.12.28-18.21.27:434][177]LogConfig: Setting CVar [[r.MotionBlurQuality:0]]
[2019.12.28-18.21.27:434][177]LogConfig: Setting CVar [[r.AmbientOcclusionMipLevelFactor:1.0]]
[2019.12.28-18.21.27:434][177]LogConfig: Setting CVar [[r.AmbientOcclusionMaxQuality:0]]
[2019.12.28-18.21.27:434][177]LogConfig: Setting CVar [[r.AmbientOcclusionLevels:0]]
[2019.12.28-18.21.27:434][177]LogConfig: Setting CVar [[r.AmbientOcclusionRadiusScale:1.2]]
[2019.12.28-18.21.27:435][177]LogConfig: Setting CVar [[r.DepthOfFieldQuality:0]]
[2019.12.28-18.21.27:435][177]LogConfig: Setting CVar [[r.RenderTargetPoolMin:300]]
[2019.12.28-18.21.27:435][177]LogConfig: Setting CVar [[r.LensFlareQuality:0]]
[2019.12.28-18.21.27:435][177]LogConfig: Setting CVar [[r.SceneColorFringeQuality:0]]
[2019.12.28-18.21.27:435][177]LogConfig: Setting CVar [[r.EyeAdaptationQuality:0]]
[2019.12.28-18.21.27:435][177]LogConfig: Setting CVar [[r.BloomQuality:4]]
[2019.12.28-18.21.27:435][177]LogConfig: Setting CVar [[r.FastBlurThreshold:0]]
[2019.12.28-18.21.27:435][177]LogConfig: Setting CVar [[r.Upscale.Quality:1]]
[2019.12.28-18.21.27:435][177]LogConfig: Setting CVar [[r.Tonemapper.GrainQuantization:0]]
[2019.12.28-18.21.27:435][177]LogConfig: Setting CVar [[r.LightShaftQuality:0]]
[2019.12.28-18.21.27:435][177]LogConfig: Setting CVar [[r.Filter.SizeScale:0.6]]
[2019.12.28-18.21.27:435][177]LogConfig: Setting CVar [[r.Tonemapper.Quality:0]]
[2019.12.28-18.21.27:435][177]LogConfig: Applying CVar settings from Section [TextureQuality@3] File [D:/study/4_course/AKG/NewEra/SpaceWar/Saved/Config/Windows/Scalability.ini]
[2019.12.28-18.21.27:435][177]LogConfig: Setting CVar [[r.Streaming.MipBias:0]]
[2019.12.28-18.21.27:435][177]LogConfig: Setting CVar [[r.Streaming.AmortizeCPUToGPUCopy:0]]
[2019.12.28-18.21.27:435][177]LogConfig: Setting CVar [[r.Streaming.MaxNumTexturesToStreamPerFrame:0]]
[2019.12.28-18.21.27:435][177]LogConfig: Setting CVar [[r.Streaming.Boost:1]]
[2019.12.28-18.21.27:435][177]LogConfig: Setting CVar [[r.MaxAnisotropy:8]]
[2019.12.28-18.21.27:435][177]LogConfig: Setting CVar [[r.Streaming.LimitPoolSizeToVRAM:0]]
[2019.12.28-18.21.27:435][177]LogConfig: Setting CVar [[r.Streaming.PoolSize:1000]]
[2019.12.28-18.21.27:435][177]LogConfig: Setting CVar [[r.Streaming.MaxEffectiveScreenSize:0]]
[2019.12.28-18.21.27:435][177]LogConfig: Applying CVar settings from Section [EffectsQuality@3] File [D:/study/4_course/AKG/NewEra/SpaceWar/Saved/Config/Windows/Scalability.ini]
[2019.12.28-18.21.27:435][177]LogConfig: Setting CVar [[r.TranslucencyLightingVolumeDim:64]]
[2019.12.28-18.21.27:435][177]LogConfig: Setting CVar [[r.RefractionQuality:2]]
[2019.12.28-18.21.27:435][177]LogConfig: Setting CVar [[r.SSR.Quality:3]]
[2019.12.28-18.21.27:435][177]LogConfig: Setting CVar [[r.SceneColorFormat:4]]
[2019.12.28-18.21.27:435][177]LogConfig: Setting CVar [[r.DetailMode:2]]
[2019.12.28-18.21.27:435][177]LogConfig: Setting CVar [[r.TranslucencyVolumeBlur:1]]
[2019.12.28-18.21.27:435][177]LogConfig: Setting CVar [[r.MaterialQualityLevel:1 ; High quality]]
[2019.12.28-18.21.27:435][177]LogConfig: Setting CVar [[r.SSS.Scale:1]]
[2019.12.28-18.21.27:435][177]LogConfig: Setting CVar [[r.SSS.SampleSet:2]]
[2019.12.28-18.21.27:435][177]LogConfig: Setting CVar [[r.SSS.Quality:1]]
[2019.12.28-18.21.27:435][177]LogConfig: Setting CVar [[r.SSS.HalfRes:1]]
[2019.12.28-18.21.27:436][177]LogConfig: Setting CVar [[r.EmitterSpawnRateScale:1.0]]
[2019.12.28-18.21.27:436][177]LogConfig: Setting CVar [[r.ParticleLightQuality:2]]
[2019.12.28-18.21.27:436][177]LogConfig: Applying CVar settings from Section [FoliageQuality@3] File [D:/study/4_course/AKG/NewEra/SpaceWar/Saved/Config/Windows/Scalability.ini]
[2019.12.28-18.21.27:436][177]LogConfig: Setting CVar [[foliage.DensityScale:1.0]]
[2019.12.28-18.21.27:436][177]LogConfig: Setting CVar [[grass.DensityScale:1.0]]
[2019.12.28-18.21.27:489][177]LogSpawn: Warning: SpawnActor failed because of collision at the spawn location [X=493.924 Y=696.527 Z=75430.891] for [BigAsteroid_C]
[2019.12.28-18.21.27:577][177]LogSpawn: Warning: SpawnActor failed because of collision at the spawn location [X=430.617 Y=-3171.630 Z=69932.273] for [BigAsteroid_C]
[2019.12.28-18.21.27:597][177]LogSpawn: Warning: SpawnActor failed because of collision at the spawn location [X=-3667.029 Y=2717.041 Z=110737.297] for [BigAsteroid_C]
[2019.12.28-18.21.27:603][177]LogSpawn: Warning: SpawnActor failed because of collision at the spawn location [X=37553.039 Y=12008.162 Z=75877.500] for [BigAsteroid_C]
[2019.12.28-18.21.27:604][177]LogSpawn: Warning: SpawnActor failed because of collision at the spawn location [X=1188.693 Y=647.459 Z=70715.797] for [BigAsteroid_C]
[2019.12.28-18.21.27:614][177]LogSpawn: Warning: SpawnActor failed because of collision at the spawn location [X=90.776 Y=27.557 Z=71123.875] for [BigAsteroid_C]
[2019.12.28-18.21.27:631][177]LogSpawn: Warning: SpawnActor failed because of collision at the spawn location [X=182.985 Y=546.924 Z=70962.875] for [BigAsteroid_C]
[2019.12.28-18.21.27:637][177]LogSpawn: Warning: SpawnActor failed because of collision at the spawn location [X=-27103.342 Y=17912.039 Z=47666.344] for [BigAsteroid_C]
[2019.12.28-18.21.27:660][177]LogSpawn: Warning: SpawnActor failed because of collision at the spawn location [X=145.144 Y=834.793 Z=71650.570] for [BigAsteroid_C]
[2019.12.28-18.21.27:662][177]LogSpawn: Warning: SpawnActor failed because of collision at the spawn location [X=36221.055 Y=12663.578 Z=82297.859] for [BigAsteroid_C]
[2019.12.28-18.21.27:665][177]LogSpawn: Warning: SpawnActor failed because of collision at the spawn location [X=-9985.247 Y=15779.541 Z=97998.273] for [BigAsteroid_C]
[2019.12.28-18.21.27:684][177]LogSpawn: Warning: SpawnActor failed because of collision at the spawn location [X=37510.742 Y=11765.121 Z=78371.625] for [BigAsteroid_C]
[2019.12.28-18.21.27:686][177]LogSpawn: Warning: SpawnActor failed because of collision at the spawn location [X=37941.359 Y=8765.179 Z=62712.293] for [BigAsteroid_C]
[2019.12.28-18.21.27:689][177]LogSpawn: Warning: SpawnActor failed because of collision at the spawn location [X=-12561.291 Y=-29674.727 Z=94589.195] for [BigAsteroid_C]
[2019.12.28-18.21.27:698][177]LogSpawn: Warning: SpawnActor failed because of collision at the spawn location [X=-14841.635 Y=32628.756 Z=53249.223] for [BigAsteroid_C]
[2019.12.28-18.21.27:709][177]LogSpawn: Warning: SpawnActor failed because of collision at the spawn location [X=116.229 Y=-91.141 Z=71162.078] for [BigAsteroid_C]
[2019.12.28-18.21.27:734][177]LogSpawn: Warning: SpawnActor failed because of collision at the spawn location [X=93.871 Y=-1742.010 Z=72565.820] for [BigAsteroid_C]
[2019.12.28-18.21.27:742][177]LogSpawn: Warning: SpawnActor failed because of collision at the spawn location [X=-676.320 Y=-857.314 Z=71292.383] for [BigAsteroid_C]
[2019.12.28-18.21.27:744][177]LogSpawn: Warning: SpawnActor failed because of collision at the spawn location [X=-85.287 Y=55.430 Z=70952.680] for [BigAsteroid_C]
[2019.12.28-18.21.27:745][177]LogSpawn: Warning: SpawnActor failed because of collision at the spawn location [X=18135.551 Y=-21495.885 Z=42667.734] for [BigAsteroid_C]
[2019.12.28-18.21.27:775][177]LogSpawn: Warning: SpawnActor failed because of collision at the spawn location [X=-27361.803 Y=26920.719 Z=59748.473] for [BigAsteroid_C]
[2019.12.28-18.21.27:777][177]LogSpawn: Warning: SpawnActor failed because of collision at the spawn location [X=-852.080 Y=2411.531 Z=69795.258] for [BigAsteroid_C]
[2019.12.28-18.21.27:784][177]LogSpawn: Warning: SpawnActor failed because of collision at the spawn location [X=32393.902 Y=-17700.793 Z=62868.375] for [BigAsteroid_C]
[2019.12.28-18.21.27:794][177]LogSpawn: Warning: SpawnActor failed because of collision at the spawn location [X=34921.953 Y=-8215.898 Z=87038.102] for [BigAsteroid_C]
[2019.12.28-18.21.27:817][177]LogSpawn: Warning: SpawnActor failed because of collision at the spawn location [X=-3050.774 Y=-1224.484 Z=69419.383] for [BigAsteroid_C]
[2019.12.28-18.21.27:819][177]LogSpawn: Warning: SpawnActor failed because of collision at the spawn location [X=-1553.910 Y=-2826.689 Z=69797.125] for [BigAsteroid_C]
[2019.12.28-18.21.27:830][177]LogSpawn: Warning: SpawnActor failed because of collision at the spawn location [X=27430.270 Y=-15345.680 Z=95654.109] for [BigAsteroid_C]
[2019.12.28-18.21.27:832][177]LogSpawn: Warning: SpawnActor failed because of collision at the spawn location [X=-3031.667 Y=39031.660 Z=77764.430] for [BigAsteroid_C]
[2019.12.28-18.21.27:834][177]LogSpawn: Warning: SpawnActor failed because of collision at the spawn location [X=-9079.661 Y=-8196.457 Z=108073.000] for [BigAsteroid_C]
[2019.12.28-18.21.27:836][177]LogSpawn: Warning: SpawnActor failed because of collision at the spawn location [X=-22953.752 Y=-24734.285 Z=50625.023] for [BigAsteroid_C]
[2019.12.28-18.21.27:845][177]LogSpawn: Warning: SpawnActor failed because of collision at the spawn location [X=27989.131 Y=-19061.713 Z=49831.008] for [BigAsteroid_C]
[2019.12.28-18.21.27:848][177]LogSpawn: Warning: SpawnActor failed because of collision at the spawn location [X=-2605.447 Y=1145.701 Z=72512.336] for [BigAsteroid_C]
[2019.12.28-18.21.27:852][177]LogSpawn: Warning: SpawnActor failed because of collision at the spawn location [X=-620.684 Y=-255.363 Z=70933.742] for [BigAsteroid_C]
[2019.12.28-18.21.27:856][177]LogSpawn: Warning: SpawnActor failed because of collision at the spawn location [X=456.274 Y=-140.230 Z=71229.391] for [BigAsteroid_C]
[2019.12.28-18.21.27:857][177]LogBlueprintUserMessages: [SpaceShipPawn_C_0] X=0.000 Y=0.000 Z=71000.000
[2019.12.28-18.21.27:857][177]PIE: Play in editor start time for /Game/FlyingBP/Maps/UEDPIE_0_FirstLevel -0.284
[2019.12.28-18.21.27:858][177]LogBlueprintUserMessages: Late PlayInEditor Detection: Level '/Game/FlyingBP/Maps/FirstLevel.FirstLevel:PersistentLevel' has LevelScriptBlueprint '/Game/FlyingBP/Maps/FirstLevel.FirstLevel:PersistentLevel.FirstLevel' with GeneratedClass '/Game/FlyingBP/Maps/FirstLevel.FirstLevel_C' with ClassGeneratedBy '/Game/FlyingBP/Maps/FirstLevel.FirstLevel:PersistentLevel.FirstLevel'
[2019.12.28-18.21.28:139][179]LogSlate: Took 0.000514 seconds to synchronously load lazily loaded font '../../../Engine/Content/Slate/Fonts/Roboto-Light.ttf' (167K)
[2019.12.28-18.21.36:745][524]LogSpawn: Warning: SpawnActor failed because of collision at the spawn location [X=-487.377 Y=457.055 Z=71882.031] for [BigAsteroid_C]
[2019.12.28-18.21.39:750][690]LogSpawn: Warning: SpawnActor failed because of collision at the spawn location [X=-1.781 Y=60.978 Z=71850.320] for [BigAsteroid_C]
[2019.12.28-18.22.01:772][657]LogSpawn: Warning: SpawnActor failed because of collision at the spawn location [X=28676.561 Y=8489.475 Z=44564.750] for [BigAsteroid_C]
[2019.12.28-18.22.03:763][719]LogSpawn: Warning: SpawnActor failed because of collision at the spawn location [X=-32026.422 Y=-310.136 Z=47280.945] for [BigAsteroid_C]
[2019.12.28-18.22.06:622][806]LogBlueprintUserMessages: Early EndPlayMap Detection: Level '/Game/FlyingBP/Maps/FirstLevel.FirstLevel:PersistentLevel' has LevelScriptBlueprint '/Game/FlyingBP/Maps/FirstLevel.FirstLevel:PersistentLevel.FirstLevel' with GeneratedClass '/Game/FlyingBP/Maps/FirstLevel.FirstLevel_C' with ClassGeneratedBy '/Game/FlyingBP/Maps/FirstLevel.FirstLevel:PersistentLevel.FirstLevel'
[2019.12.28-18.22.06:622][806]LogSlate: Updating window title bar state: overlay mode, drag disabled, window buttons hidden, title bar hidden
[2019.12.28-18.22.06:693][806]LogPlayLevel: Display: Shutting down PIE online subsystems
[2019.12.28-18.22.06:694][806]LogBlueprintUserMessages: Late EndPlayMap Detection: Level '/Game/FlyingBP/Maps/FirstLevel.FirstLevel:PersistentLevel' has LevelScriptBlueprint '/Game/FlyingBP/Maps/FirstLevel.FirstLevel:PersistentLevel.FirstLevel' with GeneratedClass '/Game/FlyingBP/Maps/FirstLevel.FirstLevel_C' with ClassGeneratedBy '/Game/FlyingBP/Maps/FirstLevel.FirstLevel:PersistentLevel.FirstLevel'
[2019.12.28-18.22.06:744][806]LogSlate: Updating window title bar state: overlay mode, drag disabled, window buttons hidden, title bar hidden
[2019.12.28-18.22.06:752][806]LogUObjectHash: Compacting FUObjectHashTables data took   1.67ms
[2019.12.28-18.22.06:783][807]LogPlayLevel: Display: Destroying online subsystem :Context_7
[2019.12.28-18.23.39:749][381]LogSlate: FSceneViewport::OnFocusLost() reason 0
[2019.12.28-18.23.40:030][397]AssetReimport: New page: Outstanding source content changes 12:23:40 AM
[2019.12.28-18.23.40:040][397]LogEditorFactories: Performing atomic reimport of [D:/study/4_course/AKG/NewEra/SpaceWar/Content/Images/BaseBeam.png]
[2019.12.28-18.23.40:040][397]LogFactory: FactoryCreateFile: Texture2D with ReimportTextureFactory (0 0 D:/study/4_course/AKG/NewEra/SpaceWar/Content/Images/BaseBeam.png)
[2019.12.28-18.23.40:077][397]LogEditorFactories: -- imported successfully
[2019.12.28-18.23.40:248][398]Cmd: OBJ SAVEPACKAGE PACKAGE="/Game/Blueprints/laser/BaseBeam" FILE="D:/study/4_course/AKG/NewEra/SpaceWar/Content/Blueprints/laser/BaseBeam.uasset" SILENT=true
[2019.12.28-18.23.40:300][398]LogSavePackage: Moving 'D:/study/4_course/AKG/NewEra/SpaceWar/Saved/BaseBeam9B86900D470A9BC77923359BDC602422.tmp' to 'D:/study/4_course/AKG/NewEra/SpaceWar/Content/Blueprints/laser/BaseBeam.uasset'
[2019.12.28-18.23.43:353][695]AssetReimport: Reimported asset BaseBeam from D:/study/4_course/AKG/NewEra/SpaceWar/Content/Images/BaseBeam.png.
